<?xml version="1.0" encoding="UTF-8"?>
<coverage generated="1661452362999" clover="3.2.0">
  <project timestamp="1661452362999" name="All files">
    <metrics statements="1296" coveredstatements="1248" conditionals="71" coveredconditionals="40" methods="56" coveredmethods="52" elements="1423" coveredelements="1340" complexity="0" loc="1296" ncloc="1296" packages="5" files="12" classes="12"/>
    <package name="Orchestrator.lib">
      <metrics statements="97" coveredstatements="97" conditionals="1" coveredconditionals="1" methods="1" coveredmethods="1"/>
      <file name="common-orchestrator-construct.ts" path="/home/ec2-user/environment/aws-security-hub-automated-response-and-remediation/source/Orchestrator/lib/common-orchestrator-construct.ts">
        <metrics statements="97" coveredstatements="97" conditionals="1" coveredconditionals="1" methods="1" coveredmethods="1"/>
        <line num="17" count="2" type="stmt"/>
        <line num="18" count="2" type="stmt"/>
        <line num="19" count="2" type="stmt"/>
        <line num="20" count="2" type="stmt"/>
        <line num="21" count="2" type="stmt"/>
        <line num="22" count="2" type="stmt"/>
        <line num="30" count="2" type="stmt"/>
        <line num="46" count="2" type="stmt"/>
        <line num="49" count="2" type="stmt"/>
        <line num="51" count="2" type="stmt"/>
        <line num="52" count="2" type="stmt"/>
        <line num="54" count="2" type="stmt"/>
        <line num="62" count="2" type="stmt"/>
        <line num="68" count="2" type="stmt"/>
        <line num="70" count="2" type="stmt"/>
        <line num="80" count="2" type="stmt"/>
        <line num="84" count="2" type="stmt"/>
        <line num="88" count="2" type="stmt"/>
        <line num="92" count="2" type="stmt"/>
        <line num="96" count="2" type="stmt"/>
        <line num="100" count="2" type="stmt"/>
        <line num="111" count="2" type="stmt"/>
        <line num="129" count="2" type="stmt"/>
        <line num="131" count="2" type="stmt"/>
        <line num="143" count="2" type="stmt"/>
        <line num="145" count="2" type="stmt"/>
        <line num="159" count="2" type="stmt"/>
        <line num="161" count="2" type="stmt"/>
        <line num="176" count="2" type="stmt"/>
        <line num="178" count="2" type="stmt"/>
        <line num="185" count="2" type="stmt"/>
        <line num="193" count="2" type="stmt"/>
        <line num="198" count="2" type="stmt"/>
        <line num="202" count="2" type="stmt"/>
        <line num="212" count="2" type="stmt"/>
        <line num="214" count="2" type="stmt"/>
        <line num="225" count="2" type="stmt"/>
        <line num="227" count="2" type="stmt"/>
        <line num="245" count="2" type="stmt"/>
        <line num="263" count="2" type="stmt"/>
        <line num="281" count="2" type="stmt"/>
        <line num="292" count="2" type="stmt"/>
        <line num="294" count="2" type="stmt"/>
        <line num="298" count="2" type="stmt"/>
        <line num="315" count="2" type="stmt"/>
        <line num="336" count="2" type="stmt"/>
        <line num="354" count="2" type="stmt"/>
        <line num="356" count="2" type="stmt"/>
        <line num="375" count="2" type="stmt"/>
        <line num="377" count="2" type="stmt"/>
        <line num="380" count="2" type="stmt"/>
        <line num="382" count="2" type="stmt"/>
        <line num="384" count="2" type="stmt"/>
        <line num="390" count="2" type="stmt"/>
        <line num="396" count="2" type="stmt"/>
        <line num="402" count="2" type="stmt"/>
        <line num="408" count="2" type="stmt"/>
        <line num="410" count="2" type="stmt"/>
        <line num="412" count="2" type="stmt"/>
        <line num="414" count="2" type="stmt"/>
        <line num="416" count="2" type="stmt"/>
        <line num="422" count="2" type="stmt"/>
        <line num="424" count="2" type="stmt"/>
        <line num="426" count="2" type="stmt"/>
        <line num="428" count="2" type="stmt"/>
        <line num="430" count="2" type="stmt"/>
        <line num="437" count="2" type="stmt"/>
        <line num="443" count="2" type="stmt"/>
        <line num="449" count="2" type="stmt"/>
        <line num="455" count="2" type="stmt"/>
        <line num="461" count="2" type="stmt"/>
        <line num="467" count="2" type="stmt"/>
        <line num="469" count="2" type="stmt"/>
        <line num="471" count="2" type="stmt"/>
        <line num="473" count="2" type="stmt"/>
        <line num="475" count="2" type="stmt"/>
        <line num="477" count="2" type="stmt"/>
        <line num="479" count="2" type="stmt"/>
        <line num="480" count="2" type="stmt"/>
        <line num="496" count="2" type="stmt"/>
        <line num="509" count="2" type="stmt"/>
        <line num="523" count="2" type="stmt"/>
        <line num="524" count="2" type="stmt"/>
        <line num="530" count="2" type="stmt"/>
        <line num="533" count="2" type="stmt"/>
        <line num="534" count="2" type="stmt"/>
        <line num="544" count="2" type="stmt"/>
        <line num="548" count="2" type="stmt"/>
        <line num="555" count="2" type="stmt"/>
        <line num="563" count="2" type="stmt"/>
        <line num="566" count="2" type="stmt"/>
        <line num="567" count="2" type="stmt"/>
        <line num="578" count="2" type="stmt"/>
        <line num="581" count="2" type="stmt"/>
        <line num="582" count="2" type="cond" truecount="1" falsecount="0"/>
        <line num="583" count="2" type="stmt"/>
        <line num="586" count="2" type="stmt"/>
      </file>
    </package>
    <package name="lib">
      <metrics statements="209" coveredstatements="190" conditionals="38" coveredconditionals="19" methods="13" coveredmethods="13"/>
      <file name="admin_account_parm-construct.ts" path="/home/ec2-user/environment/aws-security-hub-automated-response-and-remediation/source/lib/admin_account_parm-construct.ts">
        <metrics statements="6" coveredstatements="6" conditionals="0" coveredconditionals="0" methods="1" coveredmethods="1"/>
        <line num="17" count="8" type="stmt"/>
        <line num="23" count="8" type="stmt"/>
        <line num="28" count="9" type="stmt"/>
        <line num="30" count="9" type="stmt"/>
        <line num="32" count="9" type="stmt"/>
        <line num="37" count="9" type="stmt"/>
      </file>
      <file name="orchestrator_roles-construct.ts" path="/home/ec2-user/environment/aws-security-hub-automated-response-and-remediation/source/lib/orchestrator_roles-construct.ts">
        <metrics statements="34" coveredstatements="34" conditionals="0" coveredconditionals="0" methods="1" coveredmethods="1"/>
        <line num="17" count="6" type="stmt"/>
        <line num="21" count="6" type="stmt"/>
        <line num="38" count="6" type="stmt"/>
        <line num="40" count="4" type="stmt"/>
        <line num="41" count="4" type="stmt"/>
        <line num="42" count="4" type="stmt"/>
        <line num="43" count="4" type="stmt"/>
        <line num="49" count="4" type="stmt"/>
        <line num="50" count="4" type="stmt"/>
        <line num="54" count="4" type="stmt"/>
        <line num="55" count="4" type="stmt"/>
        <line num="58" count="4" type="stmt"/>
        <line num="60" count="4" type="stmt"/>
        <line num="61" count="4" type="stmt"/>
        <line num="64" count="4" type="stmt"/>
        <line num="95" count="4" type="stmt"/>
        <line num="97" count="4" type="stmt"/>
        <line num="131" count="4" type="stmt"/>
        <line num="132" count="4" type="stmt"/>
        <line num="133" count="4" type="stmt"/>
        <line num="134" count="4" type="stmt"/>
        <line num="135" count="4" type="stmt"/>
        <line num="137" count="4" type="stmt"/>
        <line num="139" count="4" type="stmt"/>
        <line num="141" count="4" type="stmt"/>
        <line num="142" count="4" type="stmt"/>
        <line num="144" count="4" type="stmt"/>
        <line num="148" count="4" type="stmt"/>
        <line num="149" count="4" type="stmt"/>
        <line num="151" count="4" type="stmt"/>
        <line num="152" count="4" type="stmt"/>
        <line num="154" count="4" type="stmt"/>
        <line num="162" count="4" type="stmt"/>
        <line num="164" count="4" type="stmt"/>
      </file>
      <file name="sharrplaybook-construct.ts" path="/home/ec2-user/environment/aws-security-hub-automated-response-and-remediation/source/lib/sharrplaybook-construct.ts">
        <metrics statements="34" coveredstatements="32" conditionals="12" coveredconditionals="8" methods="4" coveredmethods="4"/>
        <line num="22" count="3" type="stmt"/>
        <line num="23" count="3" type="stmt"/>
        <line num="24" count="3" type="stmt"/>
        <line num="25" count="3" type="stmt"/>
        <line num="26" count="3" type="stmt"/>
        <line num="44" count="3" type="stmt"/>
        <line num="47" count="3" type="stmt"/>
        <line num="49" count="3" type="stmt"/>
        <line num="50" count="3" type="stmt"/>
        <line num="51" count="3" type="stmt"/>
        <line num="54" count="3" type="stmt"/>
        <line num="59" count="3" type="stmt"/>
        <line num="65" count="3" type="stmt"/>
        <line num="72" count="3" type="stmt"/>
        <line num="73" count="9" type="cond" truecount="1" falsecount="2"/>
        <line num="76" count="0" type="stmt"/>
        <line num="82" count="9" type="stmt"/>
        <line num="83" count="9" type="cond" truecount="4" falsecount="0"/>
        <line num="85" count="3" type="stmt"/>
        <line num="88" count="6" type="stmt"/>
        <line num="90" count="9" type="stmt"/>
        <line num="98" count="3" type="stmt"/>
        <line num="116" count="3" type="stmt"/>
        <line num="118" count="3" type="stmt"/>
        <line num="119" count="3" type="stmt"/>
        <line num="121" count="3" type="stmt"/>
        <line num="122" count="3" type="cond" truecount="1" falsecount="1"/>
        <line num="123" count="0" type="stmt"/>
        <line num="125" count="3" type="stmt"/>
        <line num="128" count="3" type="stmt"/>
        <line num="132" count="3" type="stmt"/>
        <line num="134" count="9" type="cond" truecount="2" falsecount="1"/>
        <line num="135" count="9" type="stmt"/>
        <line num="149" count="3" type="stmt"/>
      </file>
      <file name="ssmplaybook.ts" path="/home/ec2-user/environment/aws-security-hub-automated-response-and-remediation/source/lib/ssmplaybook.ts">
        <metrics statements="135" coveredstatements="118" conditionals="26" coveredconditionals="11" methods="7" coveredmethods="7"/>
        <line num="17" count="6" type="stmt"/>
        <line num="18" count="6" type="stmt"/>
        <line num="19" count="6" type="stmt"/>
        <line num="20" count="6" type="stmt"/>
        <line num="21" count="6" type="stmt"/>
        <line num="22" count="6" type="stmt"/>
        <line num="23" count="6" type="stmt"/>
        <line num="34" count="6" type="stmt"/>
        <line num="35" count="6" type="stmt"/>
        <line num="36" count="6" type="stmt"/>
        <line num="60" count="6" type="stmt"/>
        <line num="63" count="1" type="stmt"/>
        <line num="65" count="1" type="stmt"/>
        <line num="66" count="1" type="cond" truecount="1" falsecount="1"/>
        <line num="67" count="1" type="stmt"/>
        <line num="69" count="0" type="stmt"/>
        <line num="72" count="1" type="stmt"/>
        <line num="73" count="1" type="cond" truecount="1" falsecount="1"/>
        <line num="74" count="1" type="stmt"/>
        <line num="76" count="0" type="stmt"/>
        <line num="79" count="1" type="stmt"/>
        <line num="86" count="1" type="stmt"/>
        <line num="90" count="1" type="stmt"/>
        <line num="91" count="1" type="stmt"/>
        <line num="92" count="1" type="stmt"/>
        <line num="94" count="1" type="stmt"/>
        <line num="96" count="1" type="stmt"/>
        <line num="97" count="1" type="stmt"/>
        <line num="99" count="1" type="stmt"/>
        <line num="100" count="15" type="stmt"/>
        <line num="101" count="15" type="cond" truecount="2" falsecount="3"/>
        <line num="102" count="0" type="stmt"/>
        <line num="104" count="0" type="cond" truecount="0" falsecount="2"/>
        <line num="105" count="0" type="stmt"/>
        <line num="107" count="0" type="stmt"/>
        <line num="109" count="0" type="stmt"/>
        <line num="110" count="0" type="stmt"/>
        <line num="111" count="0" type="stmt"/>
        <line num="114" count="15" type="stmt"/>
        <line num="118" count="1" type="stmt"/>
        <line num="119" count="1" type="cond" truecount="1" falsecount="1"/>
        <line num="120" count="0" type="stmt"/>
        <line num="121" count="1" type="cond" truecount="1" falsecount="0"/>
        <line num="122" count="1" type="stmt"/>
        <line num="125" count="1" type="stmt"/>
        <line num="131" count="1" type="stmt"/>
        <line num="148" count="6" type="stmt"/>
        <line num="151" count="9" type="stmt"/>
        <line num="152" count="9" type="stmt"/>
        <line num="159" count="9" type="stmt"/>
        <line num="160" count="9" type="cond" truecount="0" falsecount="1"/>
        <line num="161" count="0" type="stmt"/>
        <line num="164" count="9" type="stmt"/>
        <line num="167" count="9" type="stmt"/>
        <line num="170" count="9" type="stmt"/>
        <line num="174" count="9" type="stmt"/>
        <line num="177" count="9" type="stmt"/>
        <line num="182" count="9" type="stmt"/>
        <line num="185" count="9" type="stmt"/>
        <line num="186" count="9" type="stmt"/>
        <line num="193" count="9" type="stmt"/>
        <line num="200" count="9" type="stmt"/>
        <line num="207" count="9" type="stmt"/>
        <line num="221" count="9" type="stmt"/>
        <line num="224" count="9" type="stmt"/>
        <line num="231" count="9" type="stmt"/>
        <line num="232" count="9" type="stmt"/>
        <line num="242" count="6" type="stmt"/>
        <line num="247" count="1" type="stmt"/>
        <line num="248" count="1" type="stmt"/>
        <line num="255" count="1" type="stmt"/>
        <line num="256" count="1" type="cond" truecount="0" falsecount="1"/>
        <line num="257" count="0" type="stmt"/>
        <line num="260" count="1" type="stmt"/>
        <line num="264" count="1" type="stmt"/>
        <line num="267" count="1" type="stmt"/>
        <line num="277" count="1" type="stmt"/>
        <line num="278" count="1" type="stmt"/>
        <line num="279" count="2" type="stmt"/>
        <line num="284" count="1" type="stmt"/>
        <line num="289" count="1" type="stmt"/>
        <line num="292" count="1" type="stmt"/>
        <line num="293" count="1" type="stmt"/>
        <line num="300" count="1" type="stmt"/>
        <line num="311" count="1" type="stmt"/>
        <line num="328" count="6" type="stmt"/>
        <line num="331" count="39" type="stmt"/>
        <line num="332" count="39" type="stmt"/>
        <line num="333" count="39" type="stmt"/>
        <line num="334" count="39" type="stmt"/>
        <line num="335" count="39" type="stmt"/>
        <line num="337" count="39" type="stmt"/>
        <line num="384" count="39" type="stmt"/>
        <line num="385" count="39" type="stmt"/>
        <line num="386" count="39" type="stmt"/>
        <line num="388" count="39" type="stmt"/>
        <line num="389" count="39" type="stmt"/>
        <line num="393" count="39" type="stmt"/>
        <line num="394" count="39" type="stmt"/>
        <line num="396" count="39" type="stmt"/>
        <line num="397" count="39" type="stmt"/>
        <line num="400" count="39" type="stmt"/>
        <line num="401" count="39" type="stmt"/>
        <line num="403" count="39" type="stmt"/>
        <line num="408" count="39" type="stmt"/>
        <line num="409" count="39" type="stmt"/>
        <line num="410" count="39" type="stmt"/>
        <line num="411" count="39" type="stmt"/>
        <line num="413" count="39" type="stmt"/>
        <line num="415" count="39" type="stmt"/>
        <line num="440" count="6" type="stmt"/>
        <line num="443" count="1" type="stmt"/>
        <line num="446" count="1" type="stmt"/>
        <line num="448" count="1" type="stmt"/>
        <line num="449" count="1" type="cond" truecount="1" falsecount="1"/>
        <line num="450" count="1" type="stmt"/>
        <line num="452" count="0" type="stmt"/>
        <line num="455" count="1" type="stmt"/>
        <line num="456" count="1" type="stmt"/>
        <line num="458" count="1" type="stmt"/>
        <line num="460" count="1" type="stmt"/>
        <line num="461" count="1" type="stmt"/>
        <line num="463" count="1" type="stmt"/>
        <line num="464" count="15" type="stmt"/>
        <line num="465" count="15" type="cond" truecount="2" falsecount="3"/>
        <line num="466" count="0" type="stmt"/>
        <line num="467" count="0" type="stmt"/>
        <line num="468" count="0" type="stmt"/>
        <line num="471" count="15" type="stmt"/>
        <line num="475" count="1" type="stmt"/>
        <line num="476" count="1" type="cond" truecount="1" falsecount="1"/>
        <line num="477" count="0" type="stmt"/>
        <line num="478" count="1" type="cond" truecount="1" falsecount="0"/>
        <line num="479" count="1" type="stmt"/>
        <line num="482" count="1" type="stmt"/>
      </file>
    </package>
    <package name="remediation_runbooks">
      <metrics statements="28" coveredstatements="28" conditionals="0" coveredconditionals="0" methods="1" coveredmethods="1"/>
      <file name="rds6-remediation-resources.ts" path="/home/ec2-user/environment/aws-security-hub-automated-response-and-remediation/source/remediation_runbooks/rds6-remediation-resources.ts">
        <metrics statements="28" coveredstatements="28" conditionals="0" coveredconditionals="0" methods="1" coveredmethods="1"/>
        <line num="17" count="6" type="stmt"/>
        <line num="18" count="6" type="stmt"/>
        <line num="31" count="6" type="stmt"/>
        <line num="34" count="1" type="stmt"/>
        <line num="35" count="1" type="stmt"/>
        <line num="37" count="1" type="stmt"/>
        <line num="39" count="1" type="stmt"/>
        <line num="43" count="1" type="stmt"/>
        <line num="44" count="1" type="stmt"/>
        <line num="45" count="1" type="stmt"/>
        <line num="48" count="1" type="stmt"/>
        <line num="50" count="1" type="stmt"/>
        <line num="54" count="1" type="stmt"/>
        <line num="55" count="1" type="stmt"/>
        <line num="56" count="1" type="stmt"/>
        <line num="57" count="1" type="stmt"/>
        <line num="58" count="1" type="stmt"/>
        <line num="61" count="1" type="stmt"/>
        <line num="64" count="1" type="stmt"/>
        <line num="65" count="1" type="stmt"/>
        <line num="66" count="1" type="stmt"/>
        <line num="68" count="1" type="stmt"/>
        <line num="69" count="1" type="stmt"/>
        <line num="71" count="1" type="stmt"/>
        <line num="76" count="1" type="stmt"/>
        <line num="77" count="1" type="stmt"/>
        <line num="79" count="1" type="stmt"/>
        <line num="80" count="1" type="stmt"/>
      </file>
    </package>
    <package name="solution_deploy.lib">
      <metrics statements="825" coveredstatements="799" conditionals="22" coveredconditionals="15" methods="16" coveredmethods="12"/>
      <file name="orchestrator-log-stack.ts" path="/home/ec2-user/environment/aws-security-hub-automated-response-and-remediation/source/solution_deploy/lib/orchestrator-log-stack.ts">
        <metrics statements="19" coveredstatements="19" conditionals="0" coveredconditionals="0" methods="1" coveredmethods="1"/>
        <line num="17" count="1" type="stmt"/>
        <line num="18" count="1" type="stmt"/>
        <line num="19" count="1" type="stmt"/>
        <line num="27" count="1" type="stmt"/>
        <line num="30" count="1" type="stmt"/>
        <line num="31" count="1" type="stmt"/>
        <line num="33" count="1" type="stmt"/>
        <line num="39" count="1" type="stmt"/>
        <line num="41" count="1" type="stmt"/>
        <line num="45" count="1" type="stmt"/>
        <line num="53" count="1" type="stmt"/>
        <line num="54" count="1" type="stmt"/>
        <line num="64" count="1" type="stmt"/>
        <line num="73" count="1" type="stmt"/>
        <line num="77" count="1" type="stmt"/>
        <line num="78" count="1" type="stmt"/>
        <line num="87" count="1" type="stmt"/>
        <line num="88" count="1" type="stmt"/>
        <line num="94" count="1" type="stmt"/>
      </file>
      <file name="remediation_runbook-stack.ts" path="/home/ec2-user/environment/aws-security-hub-automated-response-and-remediation/source/solution_deploy/lib/remediation_runbook-stack.ts">
        <metrics statements="562" coveredstatements="561" conditionals="2" coveredconditionals="1" methods="3" coveredmethods="3"/>
        <line num="21" count="6" type="stmt"/>
        <line num="22" count="6" type="stmt"/>
        <line num="32" count="6" type="stmt"/>
        <line num="33" count="6" type="stmt"/>
        <line num="34" count="6" type="stmt"/>
        <line num="35" count="6" type="stmt"/>
        <line num="36" count="6" type="stmt"/>
        <line num="45" count="6" type="stmt"/>
        <line num="49" count="4" type="stmt"/>
        <line num="53" count="4" type="stmt"/>
        <line num="54" count="4" type="stmt"/>
        <line num="56" count="4" type="stmt"/>
        <line num="59" count="4" type="stmt"/>
        <line num="67" count="39" type="stmt"/>
        <line num="80" count="6" type="stmt"/>
        <line num="83" count="1" type="stmt"/>
        <line num="85" count="1" type="stmt"/>
        <line num="86" count="1" type="cond" truecount="1" falsecount="1"/>
        <line num="87" count="0" type="stmt"/>
        <line num="89" count="1" type="stmt"/>
        <line num="92" count="1" type="stmt"/>
        <line num="93" count="1" type="stmt"/>
        <line num="99" count="1" type="stmt"/>
        <line num="100" count="1" type="stmt"/>
        <line num="101" count="1" type="stmt"/>
        <line num="102" count="1" type="stmt"/>
        <line num="107" count="1" type="stmt"/>
        <line num="108" count="1" type="stmt"/>
        <line num="109" count="1" type="stmt"/>
        <line num="111" count="1" type="stmt"/>
        <line num="112" count="1" type="stmt"/>
        <line num="120" count="1" type="stmt"/>
        <line num="121" count="1" type="stmt"/>
        <line num="124" count="1" type="stmt"/>
        <line num="126" count="1" type="stmt"/>
        <line num="133" count="1" type="stmt"/>
        <line num="145" count="1" type="stmt"/>
        <line num="146" count="1" type="stmt"/>
        <line num="162" count="1" type="stmt"/>
        <line num="163" count="1" type="stmt"/>
        <line num="165" count="1" type="stmt"/>
        <line num="166" count="1" type="stmt"/>
        <line num="170" count="1" type="stmt"/>
        <line num="171" count="1" type="stmt"/>
        <line num="172" count="1" type="stmt"/>
        <line num="174" count="1" type="stmt"/>
        <line num="177" count="1" type="stmt"/>
        <line num="178" count="1" type="stmt"/>
        <line num="182" count="1" type="stmt"/>
        <line num="183" count="1" type="stmt"/>
        <line num="186" count="1" type="stmt"/>
        <line num="189" count="1" type="stmt"/>
        <line num="196" count="1" type="stmt"/>
        <line num="210" count="1" type="stmt"/>
        <line num="211" count="1" type="stmt"/>
        <line num="212" count="1" type="stmt"/>
        <line num="213" count="1" type="stmt"/>
        <line num="217" count="1" type="stmt"/>
        <line num="218" count="1" type="stmt"/>
        <line num="219" count="1" type="stmt"/>
        <line num="221" count="1" type="stmt"/>
        <line num="228" count="1" type="stmt"/>
        <line num="238" count="1" type="stmt"/>
        <line num="239" count="1" type="stmt"/>
        <line num="253" count="1" type="stmt"/>
        <line num="254" count="1" type="stmt"/>
        <line num="257" count="1" type="stmt"/>
        <line num="258" count="1" type="stmt"/>
        <line num="262" count="1" type="stmt"/>
        <line num="263" count="1" type="stmt"/>
        <line num="267" count="1" type="stmt"/>
        <line num="270" count="1" type="stmt"/>
        <line num="271" count="1" type="stmt"/>
        <line num="275" count="1" type="stmt"/>
        <line num="276" count="1" type="stmt"/>
        <line num="279" count="1" type="stmt"/>
        <line num="282" count="1" type="stmt"/>
        <line num="283" count="1" type="stmt"/>
        <line num="286" count="1" type="stmt"/>
        <line num="287" count="1" type="stmt"/>
        <line num="290" count="1" type="stmt"/>
        <line num="293" count="1" type="stmt"/>
        <line num="294" count="1" type="stmt"/>
        <line num="301" count="1" type="stmt"/>
        <line num="302" count="1" type="stmt"/>
        <line num="305" count="1" type="stmt"/>
        <line num="308" count="1" type="stmt"/>
        <line num="309" count="1" type="stmt"/>
        <line num="317" count="1" type="stmt"/>
        <line num="318" count="1" type="stmt"/>
        <line num="321" count="1" type="stmt"/>
        <line num="323" count="1" type="stmt"/>
        <line num="330" count="1" type="stmt"/>
        <line num="340" count="1" type="stmt"/>
        <line num="341" count="1" type="stmt"/>
        <line num="355" count="1" type="stmt"/>
        <line num="356" count="1" type="stmt"/>
        <line num="359" count="1" type="stmt"/>
        <line num="360" count="1" type="stmt"/>
        <line num="361" count="1" type="stmt"/>
        <line num="362" count="1" type="stmt"/>
        <line num="366" count="1" type="stmt"/>
        <line num="367" count="1" type="stmt"/>
        <line num="368" count="1" type="stmt"/>
        <line num="369" count="1" type="stmt"/>
        <line num="373" count="1" type="stmt"/>
        <line num="374" count="1" type="stmt"/>
        <line num="375" count="1" type="stmt"/>
        <line num="377" count="1" type="stmt"/>
        <line num="384" count="1" type="stmt"/>
        <line num="386" count="1" type="stmt"/>
        <line num="387" count="1" type="stmt"/>
        <line num="397" count="1" type="stmt"/>
        <line num="398" count="1" type="stmt"/>
        <line num="400" count="1" type="stmt"/>
        <line num="401" count="1" type="stmt"/>
        <line num="404" count="1" type="stmt"/>
        <line num="407" count="1" type="stmt"/>
        <line num="408" count="1" type="stmt"/>
        <line num="411" count="1" type="stmt"/>
        <line num="414" count="1" type="stmt"/>
        <line num="417" count="1" type="stmt"/>
        <line num="418" count="1" type="stmt"/>
        <line num="422" count="1" type="stmt"/>
        <line num="423" count="1" type="stmt"/>
        <line num="424" count="1" type="stmt"/>
        <line num="427" count="1" type="stmt"/>
        <line num="434" count="1" type="stmt"/>
        <line num="444" count="1" type="stmt"/>
        <line num="445" count="1" type="stmt"/>
        <line num="462" count="1" type="stmt"/>
        <line num="463" count="1" type="stmt"/>
        <line num="465" count="1" type="stmt"/>
        <line num="466" count="1" type="stmt"/>
        <line num="467" count="1" type="stmt"/>
        <line num="468" count="1" type="stmt"/>
        <line num="469" count="1" type="stmt"/>
        <line num="471" count="1" type="stmt"/>
        <line num="478" count="1" type="stmt"/>
        <line num="490" count="1" type="stmt"/>
        <line num="491" count="1" type="stmt"/>
        <line num="508" count="1" type="stmt"/>
        <line num="509" count="1" type="stmt"/>
        <line num="510" count="1" type="stmt"/>
        <line num="522" count="1" type="stmt"/>
        <line num="529" count="1" type="stmt"/>
        <line num="541" count="1" type="stmt"/>
        <line num="542" count="1" type="stmt"/>
        <line num="558" count="1" type="stmt"/>
        <line num="559" count="1" type="stmt"/>
        <line num="562" count="1" type="stmt"/>
        <line num="563" count="1" type="stmt"/>
        <line num="566" count="1" type="stmt"/>
        <line num="567" count="1" type="stmt"/>
        <line num="571" count="1" type="stmt"/>
        <line num="574" count="1" type="stmt"/>
        <line num="575" count="1" type="stmt"/>
        <line num="578" count="1" type="stmt"/>
        <line num="579" count="1" type="stmt"/>
        <line num="582" count="1" type="stmt"/>
        <line num="585" count="1" type="stmt"/>
        <line num="586" count="1" type="stmt"/>
        <line num="589" count="1" type="stmt"/>
        <line num="590" count="1" type="stmt"/>
        <line num="593" count="1" type="stmt"/>
        <line num="596" count="1" type="stmt"/>
        <line num="597" count="1" type="stmt"/>
        <line num="602" count="1" type="stmt"/>
        <line num="603" count="1" type="stmt"/>
        <line num="604" count="1" type="stmt"/>
        <line num="608" count="1" type="stmt"/>
        <line num="609" count="1" type="stmt"/>
        <line num="610" count="1" type="stmt"/>
        <line num="617" count="1" type="stmt"/>
        <line num="619" count="1" type="stmt"/>
        <line num="620" count="1" type="stmt"/>
        <line num="622" count="1" type="stmt"/>
        <line num="629" count="1" type="stmt"/>
        <line num="631" count="1" type="stmt"/>
        <line num="633" count="1" type="stmt"/>
        <line num="645" count="1" type="stmt"/>
        <line num="652" count="1" type="stmt"/>
        <line num="662" count="1" type="stmt"/>
        <line num="663" count="1" type="stmt"/>
        <line num="677" count="1" type="stmt"/>
        <line num="678" count="1" type="stmt"/>
        <line num="679" count="1" type="stmt"/>
        <line num="680" count="1" type="stmt"/>
        <line num="685" count="1" type="stmt"/>
        <line num="686" count="1" type="stmt"/>
        <line num="688" count="1" type="stmt"/>
        <line num="690" count="1" type="stmt"/>
        <line num="697" count="1" type="stmt"/>
        <line num="707" count="1" type="stmt"/>
        <line num="708" count="1" type="stmt"/>
        <line num="722" count="1" type="stmt"/>
        <line num="723" count="1" type="stmt"/>
        <line num="724" count="1" type="stmt"/>
        <line num="725" count="1" type="stmt"/>
        <line num="729" count="1" type="stmt"/>
        <line num="730" count="1" type="stmt"/>
        <line num="731" count="1" type="stmt"/>
        <line num="733" count="1" type="stmt"/>
        <line num="740" count="1" type="stmt"/>
        <line num="753" count="1" type="stmt"/>
        <line num="754" count="1" type="stmt"/>
        <line num="768" count="1" type="stmt"/>
        <line num="769" count="1" type="stmt"/>
        <line num="770" count="1" type="stmt"/>
        <line num="771" count="1" type="stmt"/>
        <line num="775" count="1" type="stmt"/>
        <line num="776" count="1" type="stmt"/>
        <line num="777" count="1" type="stmt"/>
        <line num="779" count="1" type="stmt"/>
        <line num="786" count="1" type="stmt"/>
        <line num="799" count="1" type="stmt"/>
        <line num="800" count="1" type="stmt"/>
        <line num="814" count="1" type="stmt"/>
        <line num="815" count="1" type="stmt"/>
        <line num="817" count="1" type="stmt"/>
        <line num="818" count="1" type="stmt"/>
        <line num="822" count="1" type="stmt"/>
        <line num="823" count="1" type="stmt"/>
        <line num="824" count="1" type="stmt"/>
        <line num="826" count="1" type="stmt"/>
        <line num="833" count="1" type="stmt"/>
        <line num="846" count="1" type="stmt"/>
        <line num="847" count="1" type="stmt"/>
        <line num="861" count="1" type="stmt"/>
        <line num="862" count="1" type="stmt"/>
        <line num="863" count="1" type="stmt"/>
        <line num="864" count="1" type="stmt"/>
        <line num="870" count="1" type="stmt"/>
        <line num="871" count="1" type="stmt"/>
        <line num="874" count="1" type="stmt"/>
        <line num="876" count="1" type="stmt"/>
        <line num="877" count="1" type="stmt"/>
        <line num="880" count="1" type="stmt"/>
        <line num="881" count="1" type="stmt"/>
        <line num="882" count="1" type="stmt"/>
        <line num="884" count="1" type="stmt"/>
        <line num="891" count="1" type="stmt"/>
        <line num="901" count="1" type="stmt"/>
        <line num="902" count="1" type="stmt"/>
        <line num="916" count="1" type="stmt"/>
        <line num="917" count="1" type="stmt"/>
        <line num="920" count="1" type="stmt"/>
        <line num="921" count="1" type="stmt"/>
        <line num="925" count="1" type="stmt"/>
        <line num="926" count="1" type="stmt"/>
        <line num="927" count="1" type="stmt"/>
        <line num="930" count="1" type="stmt"/>
        <line num="937" count="1" type="stmt"/>
        <line num="938" count="1" type="stmt"/>
        <line num="947" count="1" type="stmt"/>
        <line num="962" count="1" type="stmt"/>
        <line num="963" count="1" type="stmt"/>
        <line num="965" count="1" type="stmt"/>
        <line num="966" count="1" type="stmt"/>
        <line num="972" count="1" type="stmt"/>
        <line num="973" count="1" type="stmt"/>
        <line num="974" count="1" type="stmt"/>
        <line num="977" count="1" type="stmt"/>
        <line num="978" count="1" type="stmt"/>
        <line num="979" count="1" type="stmt"/>
        <line num="980" count="1" type="stmt"/>
        <line num="983" count="1" type="stmt"/>
        <line num="984" count="1" type="stmt"/>
        <line num="985" count="1" type="stmt"/>
        <line num="986" count="1" type="stmt"/>
        <line num="987" count="1" type="stmt"/>
        <line num="989" count="1" type="stmt"/>
        <line num="996" count="1" type="stmt"/>
        <line num="1006" count="1" type="stmt"/>
        <line num="1007" count="1" type="stmt"/>
        <line num="1020" count="1" type="stmt"/>
        <line num="1021" count="1" type="stmt"/>
        <line num="1023" count="1" type="stmt"/>
        <line num="1024" count="1" type="stmt"/>
        <line num="1028" count="1" type="stmt"/>
        <line num="1029" count="1" type="stmt"/>
        <line num="1030" count="1" type="stmt"/>
        <line num="1032" count="1" type="stmt"/>
        <line num="1039" count="1" type="stmt"/>
        <line num="1049" count="1" type="stmt"/>
        <line num="1050" count="1" type="stmt"/>
        <line num="1064" count="1" type="stmt"/>
        <line num="1065" count="1" type="stmt"/>
        <line num="1067" count="1" type="stmt"/>
        <line num="1068" count="1" type="stmt"/>
        <line num="1075" count="1" type="stmt"/>
        <line num="1076" count="1" type="stmt"/>
        <line num="1077" count="1" type="stmt"/>
        <line num="1079" count="1" type="stmt"/>
        <line num="1086" count="1" type="stmt"/>
        <line num="1096" count="1" type="stmt"/>
        <line num="1097" count="1" type="stmt"/>
        <line num="1113" count="1" type="stmt"/>
        <line num="1114" count="1" type="stmt"/>
        <line num="1116" count="1" type="stmt"/>
        <line num="1117" count="1" type="stmt"/>
        <line num="1120" count="1" type="stmt"/>
        <line num="1121" count="1" type="stmt"/>
        <line num="1122" count="1" type="stmt"/>
        <line num="1124" count="1" type="stmt"/>
        <line num="1131" count="1" type="stmt"/>
        <line num="1141" count="1" type="stmt"/>
        <line num="1142" count="1" type="stmt"/>
        <line num="1157" count="1" type="stmt"/>
        <line num="1158" count="1" type="stmt"/>
        <line num="1160" count="1" type="stmt"/>
        <line num="1161" count="1" type="stmt"/>
        <line num="1164" count="1" type="stmt"/>
        <line num="1165" count="1" type="stmt"/>
        <line num="1166" count="1" type="stmt"/>
        <line num="1167" count="1" type="stmt"/>
        <line num="1169" count="1" type="stmt"/>
        <line num="1170" count="1" type="stmt"/>
        <line num="1171" count="1" type="stmt"/>
        <line num="1173" count="1" type="stmt"/>
        <line num="1180" count="1" type="stmt"/>
        <line num="1190" count="1" type="stmt"/>
        <line num="1191" count="1" type="stmt"/>
        <line num="1207" count="1" type="stmt"/>
        <line num="1208" count="1" type="stmt"/>
        <line num="1210" count="1" type="stmt"/>
        <line num="1211" count="1" type="stmt"/>
        <line num="1214" count="1" type="stmt"/>
        <line num="1215" count="1" type="stmt"/>
        <line num="1216" count="1" type="stmt"/>
        <line num="1218" count="1" type="stmt"/>
        <line num="1225" count="1" type="stmt"/>
        <line num="1235" count="1" type="stmt"/>
        <line num="1236" count="1" type="stmt"/>
        <line num="1252" count="1" type="stmt"/>
        <line num="1253" count="1" type="stmt"/>
        <line num="1255" count="1" type="stmt"/>
        <line num="1256" count="1" type="stmt"/>
        <line num="1259" count="1" type="stmt"/>
        <line num="1260" count="1" type="stmt"/>
        <line num="1261" count="1" type="stmt"/>
        <line num="1263" count="1" type="stmt"/>
        <line num="1270" count="1" type="stmt"/>
        <line num="1280" count="1" type="stmt"/>
        <line num="1281" count="1" type="stmt"/>
        <line num="1301" count="1" type="stmt"/>
        <line num="1302" count="1" type="stmt"/>
        <line num="1304" count="1" type="stmt"/>
        <line num="1305" count="1" type="stmt"/>
        <line num="1310" count="1" type="stmt"/>
        <line num="1311" count="1" type="stmt"/>
        <line num="1312" count="1" type="stmt"/>
        <line num="1314" count="1" type="stmt"/>
        <line num="1316" count="1" type="stmt"/>
        <line num="1323" count="1" type="stmt"/>
        <line num="1324" count="1" type="stmt"/>
        <line num="1337" count="1" type="stmt"/>
        <line num="1338" count="1" type="stmt"/>
        <line num="1340" count="1" type="stmt"/>
        <line num="1341" count="1" type="stmt"/>
        <line num="1349" count="1" type="stmt"/>
        <line num="1350" count="1" type="stmt"/>
        <line num="1351" count="1" type="stmt"/>
        <line num="1353" count="1" type="stmt"/>
        <line num="1360" count="1" type="stmt"/>
        <line num="1361" count="1" type="stmt"/>
        <line num="1381" count="1" type="stmt"/>
        <line num="1382" count="1" type="stmt"/>
        <line num="1384" count="1" type="stmt"/>
        <line num="1385" count="1" type="stmt"/>
        <line num="1389" count="1" type="stmt"/>
        <line num="1390" count="1" type="stmt"/>
        <line num="1391" count="1" type="stmt"/>
        <line num="1393" count="1" type="stmt"/>
        <line num="1400" count="1" type="stmt"/>
        <line num="1410" count="1" type="stmt"/>
        <line num="1411" count="1" type="stmt"/>
        <line num="1424" count="1" type="stmt"/>
        <line num="1425" count="1" type="stmt"/>
        <line num="1427" count="1" type="stmt"/>
        <line num="1428" count="1" type="stmt"/>
        <line num="1432" count="1" type="stmt"/>
        <line num="1433" count="1" type="stmt"/>
        <line num="1434" count="1" type="stmt"/>
        <line num="1436" count="1" type="stmt"/>
        <line num="1443" count="1" type="stmt"/>
        <line num="1453" count="1" type="stmt"/>
        <line num="1454" count="1" type="stmt"/>
        <line num="1467" count="1" type="stmt"/>
        <line num="1468" count="1" type="stmt"/>
        <line num="1469" count="1" type="stmt"/>
        <line num="1470" count="1" type="stmt"/>
        <line num="1474" count="1" type="stmt"/>
        <line num="1475" count="1" type="stmt"/>
        <line num="1478" count="1" type="stmt"/>
        <line num="1480" count="1" type="stmt"/>
        <line num="1487" count="1" type="stmt"/>
        <line num="1502" count="1" type="stmt"/>
        <line num="1503" count="1" type="stmt"/>
        <line num="1504" count="1" type="stmt"/>
        <line num="1505" count="1" type="stmt"/>
        <line num="1509" count="1" type="stmt"/>
        <line num="1510" count="1" type="stmt"/>
        <line num="1511" count="1" type="stmt"/>
        <line num="1513" count="1" type="stmt"/>
        <line num="1520" count="1" type="stmt"/>
        <line num="1532" count="1" type="stmt"/>
        <line num="1533" count="1" type="stmt"/>
        <line num="1547" count="1" type="stmt"/>
        <line num="1548" count="1" type="stmt"/>
        <line num="1550" count="1" type="stmt"/>
        <line num="1551" count="1" type="stmt"/>
        <line num="1555" count="1" type="stmt"/>
        <line num="1556" count="1" type="stmt"/>
        <line num="1559" count="1" type="stmt"/>
        <line num="1562" count="1" type="stmt"/>
        <line num="1563" count="1" type="stmt"/>
        <line num="1567" count="1" type="stmt"/>
        <line num="1568" count="1" type="stmt"/>
        <line num="1569" count="1" type="stmt"/>
        <line num="1572" count="1" type="stmt"/>
        <line num="1579" count="1" type="stmt"/>
        <line num="1592" count="1" type="stmt"/>
        <line num="1593" count="1" type="stmt"/>
        <line num="1602" count="1" type="stmt"/>
        <line num="1610" count="1" type="stmt"/>
        <line num="1611" count="1" type="stmt"/>
        <line num="1612" count="1" type="stmt"/>
        <line num="1613" count="1" type="stmt"/>
        <line num="1617" count="1" type="stmt"/>
        <line num="1618" count="1" type="stmt"/>
        <line num="1619" count="1" type="stmt"/>
        <line num="1621" count="1" type="stmt"/>
        <line num="1628" count="1" type="stmt"/>
        <line num="1640" count="1" type="stmt"/>
        <line num="1641" count="1" type="stmt"/>
        <line num="1655" count="1" type="stmt"/>
        <line num="1656" count="1" type="stmt"/>
        <line num="1658" count="1" type="stmt"/>
        <line num="1659" count="1" type="stmt"/>
        <line num="1660" count="1" type="stmt"/>
        <line num="1661" count="1" type="stmt"/>
        <line num="1664" count="1" type="stmt"/>
        <line num="1666" count="1" type="stmt"/>
        <line num="1667" count="1" type="stmt"/>
        <line num="1668" count="1" type="stmt"/>
        <line num="1669" count="1" type="stmt"/>
        <line num="1670" count="1" type="stmt"/>
        <line num="1672" count="1" type="stmt"/>
        <line num="1673" count="1" type="stmt"/>
        <line num="1677" count="1" type="stmt"/>
        <line num="1678" count="1" type="stmt"/>
        <line num="1679" count="1" type="stmt"/>
        <line num="1681" count="1" type="stmt"/>
        <line num="1688" count="1" type="stmt"/>
        <line num="1701" count="1" type="stmt"/>
        <line num="1702" count="1" type="stmt"/>
        <line num="1716" count="1" type="stmt"/>
        <line num="1717" count="1" type="stmt"/>
        <line num="1719" count="1" type="stmt"/>
        <line num="1720" count="1" type="stmt"/>
        <line num="1721" count="1" type="stmt"/>
        <line num="1722" count="1" type="stmt"/>
        <line num="1725" count="1" type="stmt"/>
        <line num="1727" count="1" type="stmt"/>
        <line num="1728" count="1" type="stmt"/>
        <line num="1729" count="1" type="stmt"/>
        <line num="1730" count="1" type="stmt"/>
        <line num="1731" count="1" type="stmt"/>
        <line num="1733" count="1" type="stmt"/>
        <line num="1734" count="1" type="stmt"/>
        <line num="1738" count="1" type="stmt"/>
        <line num="1739" count="1" type="stmt"/>
        <line num="1740" count="1" type="stmt"/>
        <line num="1742" count="1" type="stmt"/>
        <line num="1749" count="1" type="stmt"/>
        <line num="1762" count="1" type="stmt"/>
        <line num="1763" count="1" type="stmt"/>
        <line num="1777" count="1" type="stmt"/>
        <line num="1778" count="1" type="stmt"/>
        <line num="1780" count="1" type="stmt"/>
        <line num="1781" count="1" type="stmt"/>
        <line num="1785" count="1" type="stmt"/>
        <line num="1786" count="1" type="stmt"/>
        <line num="1788" count="1" type="stmt"/>
        <line num="1795" count="1" type="stmt"/>
        <line num="1805" count="1" type="stmt"/>
        <line num="1806" count="1" type="stmt"/>
        <line num="1820" count="1" type="stmt"/>
        <line num="1821" count="1" type="stmt"/>
        <line num="1823" count="1" type="stmt"/>
        <line num="1824" count="1" type="stmt"/>
        <line num="1828" count="1" type="stmt"/>
        <line num="1829" count="1" type="stmt"/>
        <line num="1831" count="1" type="stmt"/>
        <line num="1838" count="1" type="stmt"/>
        <line num="1848" count="1" type="stmt"/>
        <line num="1849" count="1" type="stmt"/>
        <line num="1863" count="1" type="stmt"/>
        <line num="1864" count="1" type="stmt"/>
        <line num="1866" count="1" type="stmt"/>
        <line num="1867" count="1" type="stmt"/>
        <line num="1873" count="1" type="stmt"/>
        <line num="1874" count="1" type="stmt"/>
        <line num="1876" count="1" type="stmt"/>
        <line num="1877" count="1" type="stmt"/>
        <line num="1881" count="1" type="stmt"/>
        <line num="1882" count="1" type="stmt"/>
        <line num="1884" count="1" type="stmt"/>
        <line num="1886" count="1" type="stmt"/>
        <line num="1893" count="1" type="stmt"/>
        <line num="1903" count="1" type="stmt"/>
        <line num="1904" count="1" type="stmt"/>
        <line num="1920" count="1" type="stmt"/>
        <line num="1921" count="1" type="stmt"/>
        <line num="1922" count="1" type="stmt"/>
        <line num="1923" count="1" type="stmt"/>
        <line num="1931" count="1" type="stmt"/>
        <line num="1932" count="1" type="stmt"/>
        <line num="1935" count="1" type="stmt"/>
        <line num="1937" count="1" type="stmt"/>
        <line num="1938" count="1" type="stmt"/>
        <line num="1941" count="1" type="stmt"/>
        <line num="1942" count="1" type="stmt"/>
        <line num="1943" count="1" type="stmt"/>
        <line num="1945" count="1" type="stmt"/>
        <line num="1952" count="1" type="stmt"/>
        <line num="1962" count="1" type="stmt"/>
        <line num="1963" count="1" type="stmt"/>
        <line num="1976" count="1" type="stmt"/>
        <line num="1977" count="1" type="stmt"/>
        <line num="1979" count="1" type="stmt"/>
        <line num="1980" count="1" type="stmt"/>
        <line num="1987" count="1" type="stmt"/>
        <line num="1988" count="1" type="stmt"/>
        <line num="1989" count="1" type="stmt"/>
        <line num="1991" count="1" type="stmt"/>
        <line num="1998" count="1" type="stmt"/>
        <line num="2007" count="1" type="stmt"/>
        <line num="2008" count="1" type="stmt"/>
        <line num="2022" count="1" type="stmt"/>
        <line num="2023" count="1" type="stmt"/>
        <line num="2025" count="1" type="stmt"/>
        <line num="2026" count="1" type="stmt"/>
        <line num="2029" count="1" type="stmt"/>
        <line num="2030" count="1" type="stmt"/>
        <line num="2031" count="1" type="stmt"/>
        <line num="2033" count="1" type="stmt"/>
        <line num="2040" count="1" type="stmt"/>
        <line num="2049" count="1" type="stmt"/>
        <line num="2050" count="1" type="stmt"/>
        <line num="2066" count="1" type="stmt"/>
        <line num="2067" count="1" type="stmt"/>
        <line num="2069" count="1" type="stmt"/>
        <line num="2070" count="1" type="stmt"/>
        <line num="2073" count="1" type="stmt"/>
        <line num="2074" count="1" type="stmt"/>
        <line num="2075" count="1" type="stmt"/>
        <line num="2077" count="1" type="stmt"/>
        <line num="2084" count="1" type="stmt"/>
        <line num="2093" count="1" type="stmt"/>
        <line num="2094" count="1" type="stmt"/>
      </file>
      <file name="runbook_factory.ts" path="/home/ec2-user/environment/aws-security-hub-automated-response-and-remediation/source/solution_deploy/lib/runbook_factory.ts">
        <metrics statements="75" coveredstatements="71" conditionals="18" coveredconditionals="14" methods="6" coveredmethods="6"/>
        <line num="18" count="7" type="stmt"/>
        <line num="19" count="7" type="stmt"/>
        <line num="20" count="7" type="stmt"/>
        <line num="21" count="7" type="stmt"/>
        <line num="22" count="7" type="stmt"/>
        <line num="23" count="7" type="stmt"/>
        <line num="35" count="7" type="stmt"/>
        <line num="37" count="1" type="stmt"/>
        <line num="39" count="1" type="stmt"/>
        <line num="41" count="1" type="stmt"/>
        <line num="71" count="1" type="stmt"/>
        <line num="72" count="1" type="stmt"/>
        <line num="83" count="1" type="stmt"/>
        <line num="87" count="1" type="stmt"/>
        <line num="92" count="1" type="stmt"/>
        <line num="94" count="1" type="stmt"/>
        <line num="98" count="1" type="stmt"/>
        <line num="108" count="1" type="stmt"/>
        <line num="128" count="1" type="stmt"/>
        <line num="129" count="1" type="stmt"/>
        <line num="146" count="46" type="stmt"/>
        <line num="147" count="46" type="stmt"/>
        <line num="151" count="45" type="stmt"/>
        <line num="152" count="45" type="stmt"/>
        <line num="156" count="45" type="stmt"/>
        <line num="160" count="9" type="stmt"/>
        <line num="161" count="9" type="cond" truecount="1" falsecount="1"/>
        <line num="162" count="9" type="stmt"/>
        <line num="164" count="0" type="stmt"/>
        <line num="167" count="9" type="stmt"/>
        <line num="168" count="9" type="cond" truecount="1" falsecount="1"/>
        <line num="169" count="0" type="stmt"/>
        <line num="171" count="9" type="stmt"/>
        <line num="174" count="9" type="stmt"/>
        <line num="181" count="9" type="stmt"/>
        <line num="185" count="9" type="stmt"/>
        <line num="186" count="9" type="stmt"/>
        <line num="187" count="9" type="stmt"/>
        <line num="189" count="9" type="stmt"/>
        <line num="191" count="9" type="stmt"/>
        <line num="192" count="9" type="stmt"/>
        <line num="194" count="9" type="stmt"/>
        <line num="195" count="837" type="stmt"/>
        <line num="196" count="837" type="cond" truecount="5" falsecount="0"/>
        <line num="197" count="9" type="stmt"/>
        <line num="199" count="9" type="cond" truecount="1" falsecount="1"/>
        <line num="200" count="9" type="stmt"/>
        <line num="202" count="0" type="stmt"/>
        <line num="204" count="9" type="stmt"/>
        <line num="205" count="9" type="stmt"/>
        <line num="206" count="1773" type="stmt"/>
        <line num="209" count="828" type="stmt"/>
        <line num="213" count="9" type="stmt"/>
        <line num="225" count="9" type="stmt"/>
        <line num="226" count="9" type="stmt"/>
        <line num="228" count="9" type="stmt"/>
        <line num="232" count="36" type="stmt"/>
        <line num="233" count="36" type="stmt"/>
        <line num="234" count="36" type="cond" truecount="1" falsecount="1"/>
        <line num="235" count="0" type="stmt"/>
        <line num="237" count="36" type="stmt"/>
        <line num="240" count="36" type="stmt"/>
        <line num="241" count="36" type="stmt"/>
        <line num="243" count="36" type="stmt"/>
        <line num="245" count="36" type="stmt"/>
        <line num="246" count="36" type="stmt"/>
        <line num="248" count="36" type="stmt"/>
        <line num="249" count="3366" type="stmt"/>
        <line num="250" count="3366" type="cond" truecount="5" falsecount="0"/>
        <line num="251" count="24" type="stmt"/>
        <line num="252" count="24" type="stmt"/>
        <line num="253" count="2277" type="stmt"/>
        <line num="256" count="3342" type="stmt"/>
        <line num="260" count="36" type="stmt"/>
        <line num="271" count="36" type="stmt"/>
      </file>
      <file name="sharr_member-stack.ts" path="/home/ec2-user/environment/aws-security-hub-automated-response-and-remediation/source/solution_deploy/lib/sharr_member-stack.ts">
        <metrics statements="71" coveredstatements="61" conditionals="1" coveredconditionals="0" methods="3" coveredmethods="1"/>
        <line num="16" count="1" type="stmt"/>
        <line num="17" count="1" type="stmt"/>
        <line num="18" count="1" type="stmt"/>
        <line num="19" count="1" type="stmt"/>
        <line num="20" count="1" type="stmt"/>
        <line num="22" count="1" type="stmt"/>
        <line num="23" count="1" type="stmt"/>
        <line num="24" count="1" type="stmt"/>
        <line num="30" count="1" type="stmt"/>
        <line num="32" count="1" type="stmt"/>
        <line num="43" count="1" type="stmt"/>
        <line num="45" count="1" type="stmt"/>
        <line num="46" count="1" type="stmt"/>
        <line num="47" count="1" type="stmt"/>
        <line num="49" count="1" type="stmt"/>
        <line num="54" count="1" type="stmt"/>
        <line num="61" count="1" type="stmt"/>
        <line num="69" count="1" type="stmt"/>
        <line num="75" count="1" type="stmt"/>
        <line num="79" count="1" type="stmt"/>
        <line num="83" count="1" type="stmt"/>
        <line num="100" count="1" type="stmt"/>
        <line num="101" count="1" type="stmt"/>
        <line num="103" count="1" type="stmt"/>
        <line num="104" count="1" type="stmt"/>
        <line num="113" count="1" type="stmt"/>
        <line num="117" count="1" type="stmt"/>
        <line num="121" count="1" type="stmt"/>
        <line num="123" count="1" type="stmt"/>
        <line num="129" count="1" type="stmt"/>
        <line num="130" count="1" type="stmt"/>
        <line num="131" count="1" type="stmt"/>
        <line num="143" count="1" type="stmt"/>
        <line num="144" count="1" type="stmt"/>
        <line num="145" count="1" type="stmt"/>
        <line num="146" count="1" type="stmt"/>
        <line num="147" count="1" type="stmt"/>
        <line num="148" count="1" type="stmt"/>
        <line num="149" count="1" type="stmt"/>
        <line num="150" count="1" type="stmt"/>
        <line num="151" count="1" type="stmt"/>
        <line num="153" count="1" type="stmt"/>
        <line num="160" count="1" type="stmt"/>
        <line num="166" count="1" type="stmt"/>
        <line num="176" count="1" type="stmt"/>
        <line num="184" count="1" type="stmt"/>
        <line num="193" count="1" type="stmt"/>
        <line num="202" count="1" type="stmt"/>
        <line num="208" count="1" type="stmt"/>
        <line num="209" count="1" type="stmt"/>
        <line num="211" count="1" type="stmt"/>
        <line num="214" count="1" type="stmt"/>
        <line num="221" count="1" type="stmt"/>
        <line num="234" count="1" type="stmt"/>
        <line num="240" count="1" type="stmt"/>
        <line num="245" count="1" type="stmt"/>
        <line num="246" count="1" type="stmt"/>
        <line num="247" count="1" type="stmt"/>
        <line num="248" count="1" type="stmt"/>
        <line num="249" count="1" type="stmt"/>
        <line num="250" count="0" type="stmt"/>
        <line num="251" count="0" type="cond" truecount="0" falsecount="1"/>
        <line num="252" count="0" type="stmt"/>
        <line num="256" count="0" type="stmt"/>
        <line num="257" count="0" type="stmt"/>
        <line num="263" count="0" type="stmt"/>
        <line num="264" count="0" type="stmt"/>
        <line num="266" count="0" type="stmt"/>
        <line num="275" count="0" type="stmt"/>
        <line num="277" count="0" type="stmt"/>
        <line num="286" count="1" type="stmt"/>
      </file>
      <file name="solution_deploy-stack.ts" path="/home/ec2-user/environment/aws-security-hub-automated-response-and-remediation/source/solution_deploy/lib/solution_deploy-stack.ts">
        <metrics statements="98" coveredstatements="87" conditionals="1" coveredconditionals="0" methods="3" coveredmethods="1"/>
        <line num="15" count="1" type="stmt"/>
        <line num="16" count="1" type="stmt"/>
        <line num="17" count="1" type="stmt"/>
        <line num="18" count="1" type="stmt"/>
        <line num="19" count="1" type="stmt"/>
        <line num="20" count="1" type="stmt"/>
        <line num="21" count="1" type="stmt"/>
        <line num="22" count="1" type="stmt"/>
        <line num="23" count="1" type="stmt"/>
        <line num="33" count="1" type="stmt"/>
        <line num="35" count="1" type="stmt"/>
        <line num="46" count="1" type="stmt"/>
        <line num="48" count="1" type="stmt"/>
        <line num="51" count="1" type="stmt"/>
        <line num="52" count="1" type="stmt"/>
        <line num="53" count="1" type="stmt"/>
        <line num="58" count="1" type="stmt"/>
        <line num="65" count="1" type="stmt"/>
        <line num="77" count="1" type="stmt"/>
        <line num="79" count="1" type="stmt"/>
        <line num="103" count="1" type="stmt"/>
        <line num="105" count="1" type="stmt"/>
        <line num="116" count="1" type="stmt"/>
        <line num="118" count="1" type="stmt"/>
        <line num="124" count="1" type="stmt"/>
        <line num="133" count="1" type="stmt"/>
        <line num="139" count="1" type="stmt"/>
        <line num="147" count="1" type="stmt"/>
        <line num="148" count="1" type="stmt"/>
        <line num="150" count="1" type="stmt"/>
        <line num="156" count="1" type="stmt"/>
        <line num="166" count="1" type="stmt"/>
        <line num="184" count="1" type="stmt"/>
        <line num="222" count="1" type="stmt"/>
        <line num="223" count="1" type="stmt"/>
        <line num="233" count="1" type="stmt"/>
        <line num="242" count="1" type="stmt"/>
        <line num="248" count="1" type="stmt"/>
        <line num="251" count="1" type="stmt"/>
        <line num="252" count="1" type="stmt"/>
        <line num="266" count="1" type="stmt"/>
        <line num="288" count="1" type="stmt"/>
        <line num="290" count="1" type="stmt"/>
        <line num="314" count="1" type="stmt"/>
        <line num="337" count="1" type="stmt"/>
        <line num="339" count="1" type="stmt"/>
        <line num="361" count="1" type="stmt"/>
        <line num="383" count="1" type="stmt"/>
        <line num="385" count="1" type="stmt"/>
        <line num="406" count="1" type="stmt"/>
        <line num="428" count="1" type="stmt"/>
        <line num="430" count="1" type="stmt"/>
        <line num="451" count="1" type="stmt"/>
        <line num="495" count="1" type="stmt"/>
        <line num="496" count="1" type="stmt"/>
        <line num="509" count="1" type="stmt"/>
        <line num="513" count="1" type="stmt"/>
        <line num="520" count="1" type="stmt"/>
        <line num="525" count="1" type="stmt"/>
        <line num="528" count="1" type="stmt"/>
        <line num="529" count="1" type="stmt"/>
        <line num="543" count="1" type="stmt"/>
        <line num="565" count="1" type="stmt"/>
        <line num="567" count="1" type="stmt"/>
        <line num="587" count="1" type="stmt"/>
        <line num="622" count="1" type="stmt"/>
        <line num="624" count="1" type="stmt"/>
        <line num="633" count="1" type="stmt"/>
        <line num="640" count="1" type="stmt"/>
        <line num="645" count="1" type="stmt"/>
        <line num="647" count="1" type="stmt"/>
        <line num="649" count="1" type="stmt"/>
        <line num="661" count="1" type="stmt"/>
        <line num="683" count="1" type="stmt"/>
        <line num="685" count="1" type="stmt"/>
        <line num="703" count="1" type="stmt"/>
        <line num="717" count="1" type="stmt"/>
        <line num="718" count="1" type="stmt"/>
        <line num="719" count="1" type="stmt"/>
        <line num="720" count="1" type="stmt"/>
        <line num="725" count="1" type="stmt"/>
        <line num="737" count="1" type="stmt"/>
        <line num="738" count="1" type="stmt"/>
        <line num="739" count="1" type="stmt"/>
        <line num="741" count="1" type="stmt"/>
        <line num="743" count="1" type="stmt"/>
        <line num="744" count="0" type="stmt"/>
        <line num="745" count="0" type="cond" truecount="0" falsecount="1"/>
        <line num="746" count="0" type="stmt"/>
        <line num="751" count="0" type="stmt"/>
        <line num="752" count="0" type="stmt"/>
        <line num="758" count="0" type="stmt"/>
        <line num="759" count="0" type="stmt"/>
        <line num="761" count="0" type="stmt"/>
        <line num="766" count="0" type="stmt"/>
        <line num="767" count="0" type="stmt"/>
        <line num="769" count="0" type="stmt"/>
        <line num="776" count="1" type="stmt"/>
      </file>
    </package>
    <package name="test">
      <metrics statements="137" coveredstatements="134" conditionals="10" coveredconditionals="5" methods="25" coveredmethods="25"/>
      <file name="regex_registry.ts" path="/home/ec2-user/environment/aws-security-hub-automated-response-and-remediation/source/test/regex_registry.ts">
        <metrics statements="137" coveredstatements="134" conditionals="10" coveredconditionals="5" methods="25" coveredmethods="25"/>
        <line num="3" count="2" type="stmt"/>
        <line num="12" count="106" type="stmt"/>
        <line num="13" count="106" type="stmt"/>
        <line num="14" count="106" type="stmt"/>
        <line num="15" count="106" type="stmt"/>
        <line num="16" count="106" type="stmt"/>
        <line num="20" count="106" type="stmt"/>
        <line num="24" count="53" type="cond" truecount="1" falsecount="0"/>
        <line num="25" count="4" type="stmt"/>
        <line num="27" count="49" type="stmt"/>
        <line num="28" count="49" type="stmt"/>
        <line num="29" count="17" type="stmt"/>
        <line num="31" count="49" type="stmt"/>
        <line num="32" count="29" type="stmt"/>
        <line num="37" count="8" type="stmt"/>
        <line num="41" count="53" type="stmt"/>
        <line num="45" count="2" type="stmt"/>
        <line num="49" count="34" type="stmt"/>
        <line num="50" count="34" type="stmt"/>
        <line num="54" count="17" type="stmt"/>
        <line num="55" count="17" type="cond" truecount="1" falsecount="0"/>
        <line num="56" count="1" type="stmt"/>
        <line num="58" count="16" type="stmt"/>
        <line num="59" count="16" type="stmt"/>
        <line num="60" count="3" type="stmt"/>
        <line num="61" count="3" type="cond" truecount="1" falsecount="1"/>
        <line num="62" count="3" type="stmt"/>
        <line num="67" count="6" type="stmt"/>
        <line num="71" count="2" type="stmt"/>
        <line num="76" count="2" type="stmt"/>
        <line num="80" count="106" type="stmt"/>
        <line num="81" count="106" type="cond" truecount="0" falsecount="1"/>
        <line num="82" count="0" type="stmt"/>
        <line num="84" count="106" type="stmt"/>
        <line num="88" count="1" type="stmt"/>
        <line num="92" count="2" type="stmt"/>
        <line num="96" count="96" type="cond" truecount="0" falsecount="1"/>
        <line num="97" count="0" type="stmt"/>
        <line num="99" count="96" type="cond" truecount="1" falsecount="1"/>
        <line num="103" count="248" type="cond" truecount="1" falsecount="1"/>
        <line num="104" count="248" type="stmt"/>
        <line num="106" count="0" type="stmt"/>
        <line num="111" count="2" type="stmt"/>
        <line num="112" count="2" type="stmt"/>
        <line num="114" count="2" type="stmt"/>
        <line num="115" count="2" type="stmt"/>
        <line num="119" count="2" type="stmt"/>
        <line num="135" count="2" type="stmt"/>
        <line num="142" count="2" type="stmt"/>
        <line num="149" count="2" type="stmt"/>
        <line num="150" count="2" type="stmt"/>
        <line num="152" count="2" type="stmt"/>
        <line num="161" count="2" type="stmt"/>
        <line num="162" count="2" type="stmt"/>
        <line num="164" count="2" type="stmt"/>
        <line num="171" count="2" type="stmt"/>
        <line num="178" count="2" type="stmt"/>
        <line num="185" count="2" type="stmt"/>
        <line num="192" count="2" type="stmt"/>
        <line num="199" count="2" type="stmt"/>
        <line num="206" count="2" type="stmt"/>
        <line num="213" count="2" type="stmt"/>
        <line num="220" count="2" type="stmt"/>
        <line num="227" count="2" type="stmt"/>
        <line num="234" count="2" type="stmt"/>
        <line num="241" count="2" type="stmt"/>
        <line num="249" count="2" type="stmt"/>
        <line num="256" count="2" type="stmt"/>
        <line num="263" count="2" type="stmt"/>
        <line num="269" count="2" type="stmt"/>
        <line num="276" count="2" type="stmt"/>
        <line num="294" count="2" type="stmt"/>
        <line num="301" count="2" type="stmt"/>
        <line num="308" count="2" type="stmt"/>
        <line num="315" count="2" type="stmt"/>
        <line num="322" count="2" type="stmt"/>
        <line num="329" count="2" type="stmt"/>
        <line num="336" count="2" type="stmt"/>
        <line num="343" count="2" type="stmt"/>
        <line num="350" count="2" type="stmt"/>
        <line num="351" count="2" type="stmt"/>
        <line num="353" count="2" type="stmt"/>
        <line num="360" count="2" type="stmt"/>
        <line num="370" count="2" type="stmt"/>
        <line num="377" count="2" type="stmt"/>
        <line num="385" count="2" type="stmt"/>
        <line num="392" count="2" type="stmt"/>
        <line num="408" count="2" type="stmt"/>
        <line num="415" count="2" type="stmt"/>
        <line num="416" count="2" type="stmt"/>
        <line num="417" count="2" type="stmt"/>
        <line num="418" count="2" type="stmt"/>
        <line num="419" count="2" type="stmt"/>
        <line num="420" count="2" type="stmt"/>
        <line num="421" count="2" type="stmt"/>
        <line num="422" count="2" type="stmt"/>
        <line num="423" count="2" type="stmt"/>
        <line num="424" count="2" type="stmt"/>
        <line num="426" count="2" type="stmt"/>
        <line num="430" count="2" type="stmt"/>
        <line num="446" count="2" type="stmt"/>
        <line num="450" count="2" type="stmt"/>
        <line num="454" count="2" type="stmt"/>
        <line num="458" count="2" type="stmt"/>
        <line num="465" count="2" type="stmt"/>
        <line num="466" count="2" type="stmt"/>
        <line num="470" count="2" type="stmt"/>
        <line num="476" count="2" type="stmt"/>
        <line num="480" count="2" type="stmt"/>
        <line num="486" count="2" type="stmt"/>
        <line num="490" count="2" type="stmt"/>
        <line num="496" count="2" type="stmt"/>
        <line num="499" count="2" type="stmt"/>
        <line num="505" count="2" type="stmt"/>
        <line num="508" count="2" type="stmt"/>
        <line num="514" count="2" type="stmt"/>
        <line num="516" count="2" type="stmt"/>
        <line num="522" count="2" type="stmt"/>
        <line num="525" count="2" type="stmt"/>
        <line num="531" count="2" type="stmt"/>
        <line num="535" count="2" type="stmt"/>
        <line num="541" count="2" type="stmt"/>
        <line num="545" count="2" type="stmt"/>
        <line num="551" count="2" type="stmt"/>
        <line num="553" count="2" type="stmt"/>
        <line num="559" count="2" type="stmt"/>
        <line num="561" count="2" type="stmt"/>
        <line num="567" count="2" type="stmt"/>
        <line num="571" count="2" type="stmt"/>
        <line num="577" count="2" type="stmt"/>
        <line num="580" count="2" type="stmt"/>
        <line num="586" count="2" type="stmt"/>
        <line num="590" count="2" type="stmt"/>
        <line num="596" count="2" type="stmt"/>
        <line num="600" count="2" type="stmt"/>
        <line num="618" count="2" type="stmt"/>
        <line num="622" count="2" type="stmt"/>
      </file>
    </package>
  </project>
</coverage>
