{"/home/ec2-user/environment/aws-security-hub-automated-response-and-remediation/source/Orchestrator/lib/common-orchestrator-construct.ts": {"path":"/home/ec2-user/environment/aws-security-hub-automated-response-and-remediation/source/Orchestrator/lib/common-orchestrator-construct.ts","statementMap":{"0":{"start":{"line":17,"column":0},"end":{"line":17,"column":35}},"1":{"start":{"line":18,"column":0},"end":{"line":18,"column":37}},"2":{"start":{"line":19,"column":0},"end":{"line":19,"column":50}},"3":{"start":{"line":20,"column":0},"end":{"line":20,"column":64}},"4":{"start":{"line":21,"column":0},"end":{"line":21,"column":46}},"5":{"start":{"line":22,"column":0},"end":{"line":22,"column":null}},"6":{"start":{"line":30,"column":0},"end":{"line":30,"column":51}},"7":{"start":{"line":49,"column":4},"end":{"line":49,"column":21}},"8":{"start":{"line":51,"column":18},"end":{"line":51,"column":36}},"9":{"start":{"line":52,"column":28},"end":{"line":52,"column":64}},"10":{"start":{"line":54,"column":28},"end":{"line":60,"column":6}},"11":{"start":{"line":62,"column":30},"end":{"line":67,"column":6}},"12":{"start":{"line":68,"column":4},"end":{"line":68,"column":null}},"13":{"start":{"line":70,"column":27},"end":{"line":78,"column":6}},"14":{"start":{"line":80,"column":44},"end":{"line":82,"column":6}},"15":{"start":{"line":84,"column":48},"end":{"line":86,"column":6}},"16":{"start":{"line":88,"column":40},"end":{"line":90,"column":6}},"17":{"start":{"line":92,"column":39},"end":{"line":94,"column":6}},"18":{"start":{"line":96,"column":55},"end":{"line":98,"column":6}},"19":{"start":{"line":100,"column":31},"end":{"line":109,"column":6}},"20":{"start":{"line":111,"column":24},"end":{"line":128,"column":6}},"21":{"start":{"line":129,"column":4},"end":{"line":129,"column":null}},"22":{"start":{"line":131,"column":35},"end":{"line":142,"column":6}},"23":{"start":{"line":143,"column":4},"end":{"line":143,"column":null}},"24":{"start":{"line":145,"column":29},"end":{"line":158,"column":6}},"25":{"start":{"line":159,"column":4},"end":{"line":159,"column":null}},"26":{"start":{"line":161,"column":24},"end":{"line":175,"column":6}},"27":{"start":{"line":176,"column":4},"end":{"line":176,"column":null}},"28":{"start":{"line":178,"column":19},"end":{"line":183,"column":6}},"29":{"start":{"line":185,"column":25},"end":{"line":191,"column":6}},"30":{"start":{"line":193,"column":4},"end":{"line":196,"column":7}},"31":{"start":{"line":198,"column":16},"end":{"line":200,"column":6}},"32":{"start":{"line":202,"column":28},"end":{"line":209,"column":6}},"33":{"start":{"line":212,"column":29},"end":{"line":212,"column":80}},"34":{"start":{"line":214,"column":22},"end":{"line":223,"column":6}},"35":{"start":{"line":225,"column":26},"end":{"line":225,"column":72}},"36":{"start":{"line":227,"column":30},"end":{"line":243,"column":6}},"37":{"start":{"line":245,"column":33},"end":{"line":261,"column":6}},"38":{"start":{"line":263,"column":31},"end":{"line":279,"column":6}},"39":{"start":{"line":281,"column":26},"end":{"line":290,"column":6}},"40":{"start":{"line":292,"column":19},"end":{"line":292,"column":65}},"41":{"start":{"line":294,"column":31},"end":{"line":296,"column":6}},"42":{"start":{"line":298,"column":30},"end":{"line":313,"column":6}},"43":{"start":{"line":315,"column":33},"end":{"line":334,"column":6}},"44":{"start":{"line":336,"column":30},"end":{"line":349,"column":6}},"45":{"start":{"line":354,"column":4},"end":{"line":354,"column":null}},"46":{"start":{"line":356,"column":4},"end":{"line":374,"column":null}},"47":{"start":{"line":375,"column":4},"end":{"line":375,"column":null}},"48":{"start":{"line":377,"column":4},"end":{"line":377,"column":null}},"49":{"start":{"line":380,"column":4},"end":{"line":380,"column":null}},"50":{"start":{"line":382,"column":4},"end":{"line":382,"column":null}},"51":{"start":{"line":384,"column":4},"end":{"line":389,"column":null}},"52":{"start":{"line":390,"column":4},"end":{"line":395,"column":null}},"53":{"start":{"line":396,"column":4},"end":{"line":401,"column":null}},"54":{"start":{"line":402,"column":4},"end":{"line":407,"column":null}},"55":{"start":{"line":408,"column":4},"end":{"line":408,"column":null}},"56":{"start":{"line":410,"column":4},"end":{"line":410,"column":null}},"57":{"start":{"line":412,"column":4},"end":{"line":412,"column":null}},"58":{"start":{"line":414,"column":4},"end":{"line":414,"column":null}},"59":{"start":{"line":416,"column":4},"end":{"line":416,"column":null}},"60":{"start":{"line":422,"column":4},"end":{"line":422,"column":null}},"61":{"start":{"line":424,"column":4},"end":{"line":424,"column":null}},"62":{"start":{"line":426,"column":4},"end":{"line":426,"column":null}},"63":{"start":{"line":428,"column":4},"end":{"line":428,"column":null}},"64":{"start":{"line":430,"column":4},"end":{"line":436,"column":null}},"65":{"start":{"line":437,"column":4},"end":{"line":442,"column":null}},"66":{"start":{"line":443,"column":4},"end":{"line":448,"column":null}},"67":{"start":{"line":449,"column":4},"end":{"line":454,"column":null}},"68":{"start":{"line":455,"column":4},"end":{"line":460,"column":null}},"69":{"start":{"line":461,"column":4},"end":{"line":466,"column":null}},"70":{"start":{"line":467,"column":4},"end":{"line":467,"column":null}},"71":{"start":{"line":469,"column":4},"end":{"line":469,"column":null}},"72":{"start":{"line":471,"column":4},"end":{"line":471,"column":null}},"73":{"start":{"line":473,"column":4},"end":{"line":473,"column":null}},"74":{"start":{"line":475,"column":4},"end":{"line":475,"column":null}},"75":{"start":{"line":477,"column":4},"end":{"line":477,"column":57}},"76":{"start":{"line":479,"column":31},"end":{"line":479,"column":51}},"77":{"start":{"line":480,"column":4},"end":{"line":495,"column":null}},"78":{"start":{"line":496,"column":4},"end":{"line":508,"column":null}},"79":{"start":{"line":509,"column":4},"end":{"line":521,"column":null}},"80":{"start":{"line":523,"column":22},"end":{"line":523,"column":66}},"81":{"start":{"line":524,"column":29},"end":{"line":529,"column":6}},"82":{"start":{"line":530,"column":4},"end":{"line":530,"column":null}},"83":{"start":{"line":533,"column":25},"end":{"line":533,"column":70}},"84":{"start":{"line":534,"column":8},"end":{"line":541,"column":10}},"85":{"start":{"line":544,"column":4},"end":{"line":546,"column":7}},"86":{"start":{"line":548,"column":37},"end":{"line":553,"column":6}},"87":{"start":{"line":555,"column":4},"end":{"line":559,"column":7}},"88":{"start":{"line":563,"column":36},"end":{"line":563,"column":132}},"89":{"start":{"line":566,"column":34},"end":{"line":566,"column":99}},"90":{"start":{"line":567,"column":4},"end":{"line":577,"column":null}},"91":{"start":{"line":578,"column":4},"end":{"line":578,"column":null}},"92":{"start":{"line":581,"column":23},"end":{"line":581,"column":61}},"93":{"start":{"line":582,"column":4},"end":{"line":584,"column":null}},"94":{"start":{"line":583,"column":8},"end":{"line":583,"column":null}},"95":{"start":{"line":586,"column":4},"end":{"line":589,"column":7}},"96":{"start":{"line":46,"column":0},"end":{"line":46,"column":13}}},"fnMap":{"0":{"name":"(anonymous_0)","decl":{"start":{"line":48,"column":2},"end":{"line":48,"column":14}},"loc":{"start":{"line":48,"column":69},"end":{"line":590,"column":3}}}},"branchMap":{"0":{"loc":{"start":{"line":582,"column":4},"end":{"line":584,"column":null}},"type":"if","locations":[{"start":{"line":582,"column":4},"end":{"line":584,"column":null}}]}},"s":{"0":2,"1":2,"2":2,"3":2,"4":2,"5":2,"6":2,"7":2,"8":2,"9":2,"10":2,"11":2,"12":2,"13":2,"14":2,"15":2,"16":2,"17":2,"18":2,"19":2,"20":2,"21":2,"22":2,"23":2,"24":2,"25":2,"26":2,"27":2,"28":2,"29":2,"30":2,"31":2,"32":2,"33":2,"34":2,"35":2,"36":2,"37":2,"38":2,"39":2,"40":2,"41":2,"42":2,"43":2,"44":2,"45":2,"46":2,"47":2,"48":2,"49":2,"50":2,"51":2,"52":2,"53":2,"54":2,"55":2,"56":2,"57":2,"58":2,"59":2,"60":2,"61":2,"62":2,"63":2,"64":2,"65":2,"66":2,"67":2,"68":2,"69":2,"70":2,"71":2,"72":2,"73":2,"74":2,"75":2,"76":2,"77":2,"78":2,"79":2,"80":2,"81":2,"82":2,"83":2,"84":2,"85":2,"86":2,"87":2,"88":2,"89":2,"90":2,"91":2,"92":2,"93":2,"94":2,"95":2,"96":2},"f":{"0":2},"b":{"0":[2]}}
,"/home/ec2-user/environment/aws-security-hub-automated-response-and-remediation/source/lib/admin_account_parm-construct.ts": {"path":"/home/ec2-user/environment/aws-security-hub-automated-response-and-remediation/source/lib/admin_account_parm-construct.ts","statementMap":{"0":{"start":{"line":17,"column":0},"end":{"line":17,"column":37}},"1":{"start":{"line":28,"column":4},"end":{"line":28,"column":21}},"2":{"start":{"line":30,"column":28},"end":{"line":30,"column":37}},"3":{"start":{"line":32,"column":4},"end":{"line":36,"column":7}},"4":{"start":{"line":37,"column":4},"end":{"line":37,"column":null}},"5":{"start":{"line":23,"column":0},"end":{"line":23,"column":13}}},"fnMap":{"0":{"name":"(anonymous_0)","decl":{"start":{"line":27,"column":2},"end":{"line":27,"column":14}},"loc":{"start":{"line":27,"column":81},"end":{"line":38,"column":3}}}},"branchMap":{},"s":{"0":8,"1":9,"2":9,"3":9,"4":9,"5":8},"f":{"0":9},"b":{}}
,"/home/ec2-user/environment/aws-security-hub-automated-response-and-remediation/source/lib/orchestrator_roles-construct.ts": {"path":"/home/ec2-user/environment/aws-security-hub-automated-response-and-remediation/source/lib/orchestrator_roles-construct.ts","statementMap":{"0":{"start":{"line":17,"column":0},"end":{"line":17,"column":null}},"1":{"start":{"line":21,"column":0},"end":{"line":21,"column":null}},"2":{"start":{"line":40,"column":4},"end":{"line":40,"column":21}},"3":{"start":{"line":41,"column":28},"end":{"line":41,"column":64}},"4":{"start":{"line":42,"column":18},"end":{"line":42,"column":32}},"5":{"start":{"line":43,"column":25},"end":{"line":43,"column":45}},"6":{"start":{"line":49,"column":21},"end":{"line":49,"column":42}},"7":{"start":{"line":50,"column":4},"end":{"line":53,"column":null}},"8":{"start":{"line":54,"column":4},"end":{"line":54,"column":null}},"9":{"start":{"line":55,"column":4},"end":{"line":57,"column":6}},"10":{"start":{"line":58,"column":4},"end":{"line":58,"column":null}},"11":{"start":{"line":60,"column":23},"end":{"line":60,"column":44}},"12":{"start":{"line":61,"column":4},"end":{"line":63,"column":null}},"13":{"start":{"line":64,"column":4},"end":{"line":94,"column":6}},"14":{"start":{"line":95,"column":4},"end":{"line":95,"column":null}},"15":{"start":{"line":97,"column":4},"end":{"line":129,"column":null}},"16":{"start":{"line":131,"column":24},"end":{"line":131,"column":45}},"17":{"start":{"line":132,"column":4},"end":{"line":132,"column":null}},"18":{"start":{"line":133,"column":4},"end":{"line":133,"column":null}},"19":{"start":{"line":134,"column":4},"end":{"line":134,"column":null}},"20":{"start":{"line":135,"column":4},"end":{"line":135,"column":null}},"21":{"start":{"line":137,"column":4},"end":{"line":137,"column":null}},"22":{"start":{"line":139,"column":35},"end":{"line":139,"column":56}},"23":{"start":{"line":141,"column":4},"end":{"line":141,"column":58}},"24":{"start":{"line":142,"column":4},"end":{"line":142,"column":51}},"25":{"start":{"line":144,"column":24},"end":{"line":145,"column":null}},"26":{"start":{"line":148,"column":21},"end":{"line":148,"column":58}},"27":{"start":{"line":149,"column":4},"end":{"line":149,"column":53}},"28":{"start":{"line":151,"column":27},"end":{"line":151,"column":68}},"29":{"start":{"line":152,"column":4},"end":{"line":152,"column":47}},"30":{"start":{"line":154,"column":21},"end":{"line":160,"column":6}},"31":{"start":{"line":162,"column":31},"end":{"line":162,"column":79}},"32":{"start":{"line":164,"column":4},"end":{"line":174,"column":null}},"33":{"start":{"line":38,"column":0},"end":{"line":38,"column":13}}},"fnMap":{"0":{"name":"(anonymous_0)","decl":{"start":{"line":39,"column":2},"end":{"line":39,"column":14}},"loc":{"start":{"line":39,"column":64},"end":{"line":175,"column":3}}}},"branchMap":{},"s":{"0":6,"1":6,"2":4,"3":4,"4":4,"5":4,"6":4,"7":4,"8":4,"9":4,"10":4,"11":4,"12":4,"13":4,"14":4,"15":4,"16":4,"17":4,"18":4,"19":4,"20":4,"21":4,"22":4,"23":4,"24":4,"25":4,"26":4,"27":4,"28":4,"29":4,"30":4,"31":4,"32":4,"33":6},"f":{"0":4},"b":{}}
,"/home/ec2-user/environment/aws-security-hub-automated-response-and-remediation/source/lib/sharrplaybook-construct.ts": {"path":"/home/ec2-user/environment/aws-security-hub-automated-response-and-remediation/source/lib/sharrplaybook-construct.ts","statementMap":{"0":{"start":{"line":22,"column":0},"end":{"line":22,"column":37}},"1":{"start":{"line":23,"column":0},"end":{"line":23,"column":51}},"2":{"start":{"line":24,"column":0},"end":{"line":24,"column":53}},"3":{"start":{"line":25,"column":0},"end":{"line":25,"column":66}},"4":{"start":{"line":26,"column":0},"end":{"line":26,"column":72}},"5":{"start":{"line":47,"column":4},"end":{"line":47,"column":28}},"6":{"start":{"line":49,"column":18},"end":{"line":49,"column":36}},"7":{"start":{"line":50,"column":28},"end":{"line":50,"column":64}},"8":{"start":{"line":51,"column":28},"end":{"line":51,"column":122}},"9":{"start":{"line":54,"column":4},"end":{"line":58,"column":7}},"10":{"start":{"line":59,"column":4},"end":{"line":63,"column":7}},"11":{"start":{"line":65,"column":4},"end":{"line":70,"column":null}},"12":{"start":{"line":72,"column":31},"end":{"line":96,"column":5}},"13":{"start":{"line":73,"column":8},"end":{"line":81,"column":null}},"14":{"start":{"line":76,"column":12},"end":{"line":80,"column":15}},"15":{"start":{"line":82,"column":26},"end":{"line":82,"column":28}},"16":{"start":{"line":83,"column":8},"end":{"line":89,"column":null}},"17":{"start":{"line":85,"column":12},"end":{"line":85,"column":null}},"18":{"start":{"line":88,"column":12},"end":{"line":88,"column":null}},"19":{"start":{"line":90,"column":8},"end":{"line":95,"column":null}},"20":{"start":{"line":98,"column":4},"end":{"line":98,"column":null}},"21":{"start":{"line":44,"column":0},"end":{"line":44,"column":13}},"22":{"start":{"line":118,"column":4},"end":{"line":118,"column":28}},"23":{"start":{"line":119,"column":18},"end":{"line":119,"column":36}},"24":{"start":{"line":121,"column":18},"end":{"line":121,"column":20}},"25":{"start":{"line":122,"column":4},"end":{"line":126,"column":null}},"26":{"start":{"line":123,"column":6},"end":{"line":123,"column":28}},"27":{"start":{"line":125,"column":6},"end":{"line":125,"column":30}},"28":{"start":{"line":128,"column":4},"end":{"line":130,"column":7}},"29":{"start":{"line":132,"column":31},"end":{"line":147,"column":5}},"30":{"start":{"line":134,"column":6},"end":{"line":146,"column":null}},"31":{"start":{"line":135,"column":8},"end":{"line":145,"column":11}},"32":{"start":{"line":149,"column":4},"end":{"line":149,"column":51}},"33":{"start":{"line":116,"column":0},"end":{"line":116,"column":13}}},"fnMap":{"0":{"name":"(anonymous_0)","decl":{"start":{"line":46,"column":2},"end":{"line":46,"column":14}},"loc":{"start":{"line":46,"column":68},"end":{"line":100,"column":3}}},"1":{"name":"(anonymous_1)","decl":{"start":{"line":72,"column":31},"end":{"line":72,"column":40}},"loc":{"start":{"line":72,"column":61},"end":{"line":96,"column":5}}},"2":{"name":"(anonymous_2)","decl":{"start":{"line":117,"column":2},"end":{"line":117,"column":14}},"loc":{"start":{"line":117,"column":65},"end":{"line":150,"column":3}}},"3":{"name":"(anonymous_3)","decl":{"start":{"line":132,"column":31},"end":{"line":132,"column":40}},"loc":{"start":{"line":132,"column":61},"end":{"line":147,"column":5}}}},"branchMap":{"0":{"loc":{"start":{"line":73,"column":8},"end":{"line":81,"column":null}},"type":"if","locations":[{"start":{"line":73,"column":8},"end":{"line":81,"column":null}}]},"1":{"loc":{"start":{"line":73,"column":12},"end":{"line":74,"column":57}},"type":"binary-expr","locations":[{"start":{"line":73,"column":13},"end":{"line":73,"column":46}},{"start":{"line":74,"column":13},"end":{"line":74,"column":56}}]},"2":{"loc":{"start":{"line":83,"column":8},"end":{"line":89,"column":null}},"type":"if","locations":[{"start":{"line":83,"column":8},"end":{"line":89,"column":null}},{"start":{"line":87,"column":13},"end":{"line":89,"column":null}}]},"3":{"loc":{"start":{"line":83,"column":12},"end":{"line":83,"column":89}},"type":"binary-expr","locations":[{"start":{"line":83,"column":12},"end":{"line":83,"column":44}},{"start":{"line":83,"column":48},"end":{"line":83,"column":89}}]},"4":{"loc":{"start":{"line":122,"column":4},"end":{"line":126,"column":null}},"type":"if","locations":[{"start":{"line":122,"column":4},"end":{"line":126,"column":null}},{"start":{"line":124,"column":11},"end":{"line":126,"column":null}}]},"5":{"loc":{"start":{"line":134,"column":6},"end":{"line":146,"column":null}},"type":"if","locations":[{"start":{"line":134,"column":6},"end":{"line":146,"column":null}}]},"6":{"loc":{"start":{"line":134,"column":12},"end":{"line":134,"column":79}},"type":"binary-expr","locations":[{"start":{"line":134,"column":12},"end":{"line":134,"column":32}},{"start":{"line":134,"column":36},"end":{"line":134,"column":79}}]}},"s":{"0":3,"1":3,"2":3,"3":3,"4":3,"5":3,"6":3,"7":3,"8":3,"9":3,"10":3,"11":3,"12":3,"13":9,"14":0,"15":9,"16":9,"17":3,"18":6,"19":9,"20":3,"21":3,"22":3,"23":3,"24":3,"25":3,"26":0,"27":3,"28":3,"29":3,"30":9,"31":9,"32":3,"33":3},"f":{"0":3,"1":9,"2":3,"3":9},"b":{"0":[0],"1":[9,0],"2":[3,6],"3":[9,3],"4":[0,3],"5":[9],"6":[9,0]}}
,"/home/ec2-user/environment/aws-security-hub-automated-response-and-remediation/source/lib/ssmplaybook.ts": {"path":"/home/ec2-user/environment/aws-security-hub-automated-response-and-remediation/source/lib/ssmplaybook.ts","statementMap":{"0":{"start":{"line":17,"column":0},"end":{"line":17,"column":37}},"1":{"start":{"line":18,"column":0},"end":{"line":18,"column":40}},"2":{"start":{"line":19,"column":0},"end":{"line":19,"column":25}},"3":{"start":{"line":20,"column":0},"end":{"line":20,"column":32}},"4":{"start":{"line":21,"column":0},"end":{"line":21,"column":50}},"5":{"start":{"line":22,"column":0},"end":{"line":22,"column":46}},"6":{"start":{"line":23,"column":0},"end":{"line":23,"column":null}},"7":{"start":{"line":34,"column":0},"end":{"line":34,"column":58}},"8":{"start":{"line":35,"column":0},"end":{"line":35,"column":70}},"9":{"start":{"line":36,"column":0},"end":{"line":36,"column":83}},"10":{"start":{"line":63,"column":4},"end":{"line":63,"column":21}},"11":{"start":{"line":65,"column":21},"end":{"line":65,"column":23}},"12":{"start":{"line":66,"column":4},"end":{"line":70,"column":null}},"13":{"start":{"line":67,"column":8},"end":{"line":67,"column":null}},"14":{"start":{"line":69,"column":8},"end":{"line":69,"column":null}},"15":{"start":{"line":72,"column":24},"end":{"line":72,"column":26}},"16":{"start":{"line":73,"column":4},"end":{"line":77,"column":null}},"17":{"start":{"line":74,"column":8},"end":{"line":74,"column":null}},"18":{"start":{"line":76,"column":8},"end":{"line":76,"column":null}},"19":{"start":{"line":79,"column":24},"end":{"line":84,"column":6}},"20":{"start":{"line":86,"column":26},"end":{"line":88,"column":6}},"21":{"start":{"line":90,"column":21},"end":{"line":90,"column":106}},"22":{"start":{"line":91,"column":27},"end":{"line":91,"column":72}},"23":{"start":{"line":92,"column":21},"end":{"line":92,"column":98}},"24":{"start":{"line":94,"column":19},"end":{"line":94,"column":60}},"25":{"start":{"line":96,"column":28},"end":{"line":96,"column":30}},"26":{"start":{"line":97,"column":15},"end":{"line":97,"column":57}},"27":{"start":{"line":99,"column":4},"end":{"line":116,"column":null}},"28":{"start":{"line":100,"column":25},"end":{"line":100,"column":38}},"29":{"start":{"line":101,"column":8},"end":{"line":115,"column":null}},"30":{"start":{"line":102,"column":38},"end":{"line":102,"column":62}},"31":{"start":{"line":104,"column":12},"end":{"line":108,"column":null}},"32":{"start":{"line":105,"column":16},"end":{"line":105,"column":null}},"33":{"start":{"line":107,"column":16},"end":{"line":107,"column":null}},"34":{"start":{"line":109,"column":27},"end":{"line":109,"column":71}},"35":{"start":{"line":110,"column":12},"end":{"line":112,"column":null}},"36":{"start":{"line":111,"column":16},"end":{"line":111,"column":null}},"37":{"start":{"line":114,"column":12},"end":{"line":114,"column":null}},"38":{"start":{"line":118,"column":23},"end":{"line":118,"column":32}},"39":{"start":{"line":119,"column":4},"end":{"line":123,"column":null}},"40":{"start":{"line":120,"column":8},"end":{"line":120,"column":null}},"41":{"start":{"line":121,"column":11},"end":{"line":123,"column":null}},"42":{"start":{"line":122,"column":8},"end":{"line":122,"column":null}},"43":{"start":{"line":125,"column":20},"end":{"line":130,"column":6}},"44":{"start":{"line":131,"column":4},"end":{"line":131,"column":null}},"45":{"start":{"line":60,"column":0},"end":{"line":60,"column":13}},"46":{"start":{"line":151,"column":4},"end":{"line":151,"column":21}},"47":{"start":{"line":152,"column":23},"end":{"line":152,"column":30}},"48":{"start":{"line":159,"column":22},"end":{"line":159,"column":78}},"49":{"start":{"line":160,"column":4},"end":{"line":162,"column":null}},"50":{"start":{"line":161,"column":8},"end":{"line":161,"column":null}},"51":{"start":{"line":164,"column":31},"end":{"line":166,"column":null}},"52":{"start":{"line":167,"column":33},"end":{"line":169,"column":null}},"53":{"start":{"line":170,"column":40},"end":{"line":172,"column":6}},"54":{"start":{"line":174,"column":25},"end":{"line":174,"column":100}},"55":{"start":{"line":177,"column":23},"end":{"line":179,"column":6}},"56":{"start":{"line":182,"column":4},"end":{"line":182,"column":49}},"57":{"start":{"line":185,"column":51},"end":{"line":191,"column":6}},"58":{"start":{"line":186,"column":19},"end":{"line":190,"column":8}},"59":{"start":{"line":193,"column":42},"end":{"line":198,"column":6}},"60":{"start":{"line":200,"column":4},"end":{"line":200,"column":null}},"61":{"start":{"line":207,"column":33},"end":{"line":219,"column":null}},"62":{"start":{"line":221,"column":46},"end":{"line":221,"column":58}},"63":{"start":{"line":224,"column":27},"end":{"line":229,"column":6}},"64":{"start":{"line":231,"column":30},"end":{"line":231,"column":80}},"65":{"start":{"line":232,"column":4},"end":{"line":232,"column":96}},"66":{"start":{"line":148,"column":0},"end":{"line":148,"column":13}},"67":{"start":{"line":247,"column":4},"end":{"line":247,"column":21}},"68":{"start":{"line":248,"column":18},"end":{"line":248,"column":36}},"69":{"start":{"line":255,"column":22},"end":{"line":255,"column":44}},"70":{"start":{"line":256,"column":4},"end":{"line":258,"column":null}},"71":{"start":{"line":257,"column":8},"end":{"line":257,"column":null}},"72":{"start":{"line":260,"column":33},"end":{"line":262,"column":null}},"73":{"start":{"line":264,"column":25},"end":{"line":264,"column":96}},"74":{"start":{"line":267,"column":25},"end":{"line":275,"column":6}},"75":{"start":{"line":277,"column":20},"end":{"line":277,"column":75}},"76":{"start":{"line":278,"column":8},"end":{"line":280,"column":null}},"77":{"start":{"line":279,"column":12},"end":{"line":279,"column":null}},"78":{"start":{"line":284,"column":23},"end":{"line":286,"column":6}},"79":{"start":{"line":289,"column":4},"end":{"line":289,"column":49}},"80":{"start":{"line":292,"column":44},"end":{"line":298,"column":6}},"81":{"start":{"line":293,"column":21},"end":{"line":297,"column":10}},"82":{"start":{"line":300,"column":37},"end":{"line":309,"column":null}},"83":{"start":{"line":311,"column":4},"end":{"line":317,"column":null}},"84":{"start":{"line":242,"column":0},"end":{"line":242,"column":13}},"85":{"start":{"line":331,"column":4},"end":{"line":331,"column":21}},"86":{"start":{"line":332,"column":18},"end":{"line":332,"column":36}},"87":{"start":{"line":333,"column":22},"end":{"line":333,"column":65}},"88":{"start":{"line":334,"column":23},"end":{"line":334,"column":67}},"89":{"start":{"line":335,"column":25},"end":{"line":335,"column":133}},"90":{"start":{"line":337,"column":4},"end":{"line":381,"column":null}},"91":{"start":{"line":384,"column":35},"end":{"line":384,"column":56}},"92":{"start":{"line":385,"column":4},"end":{"line":385,"column":58}},"93":{"start":{"line":386,"column":4},"end":{"line":386,"column":51}},"94":{"start":{"line":388,"column":28},"end":{"line":388,"column":64}},"95":{"start":{"line":389,"column":24},"end":{"line":390,"column":null}},"96":{"start":{"line":393,"column":21},"end":{"line":393,"column":58}},"97":{"start":{"line":394,"column":4},"end":{"line":394,"column":53}},"98":{"start":{"line":396,"column":27},"end":{"line":396,"column":68}},"99":{"start":{"line":397,"column":4},"end":{"line":397,"column":47}},"100":{"start":{"line":400,"column":29},"end":{"line":400,"column":64}},"101":{"start":{"line":401,"column":4},"end":{"line":401,"column":47}},"102":{"start":{"line":403,"column":21},"end":{"line":406,"column":6}},"103":{"start":{"line":408,"column":4},"end":{"line":408,"column":null}},"104":{"start":{"line":409,"column":4},"end":{"line":409,"column":null}},"105":{"start":{"line":410,"column":4},"end":{"line":410,"column":null}},"106":{"start":{"line":411,"column":4},"end":{"line":411,"column":73}},"107":{"start":{"line":413,"column":31},"end":{"line":413,"column":79}},"108":{"start":{"line":415,"column":4},"end":{"line":425,"column":6}},"109":{"start":{"line":328,"column":0},"end":{"line":328,"column":13}},"110":{"start":{"line":443,"column":4},"end":{"line":443,"column":21}},"111":{"start":{"line":446,"column":21},"end":{"line":446,"column":48}},"112":{"start":{"line":448,"column":21},"end":{"line":448,"column":23}},"113":{"start":{"line":449,"column":4},"end":{"line":453,"column":null}},"114":{"start":{"line":450,"column":8},"end":{"line":450,"column":null}},"115":{"start":{"line":452,"column":8},"end":{"line":452,"column":null}},"116":{"start":{"line":455,"column":27},"end":{"line":455,"column":72}},"117":{"start":{"line":456,"column":21},"end":{"line":456,"column":95}},"118":{"start":{"line":458,"column":19},"end":{"line":458,"column":60}},"119":{"start":{"line":460,"column":28},"end":{"line":460,"column":30}},"120":{"start":{"line":461,"column":15},"end":{"line":461,"column":57}},"121":{"start":{"line":463,"column":4},"end":{"line":473,"column":null}},"122":{"start":{"line":464,"column":25},"end":{"line":464,"column":38}},"123":{"start":{"line":465,"column":8},"end":{"line":472,"column":null}},"124":{"start":{"line":466,"column":27},"end":{"line":466,"column":95}},"125":{"start":{"line":467,"column":12},"end":{"line":469,"column":null}},"126":{"start":{"line":468,"column":16},"end":{"line":468,"column":null}},"127":{"start":{"line":471,"column":12},"end":{"line":471,"column":null}},"128":{"start":{"line":475,"column":23},"end":{"line":475,"column":32}},"129":{"start":{"line":476,"column":4},"end":{"line":480,"column":null}},"130":{"start":{"line":477,"column":8},"end":{"line":477,"column":null}},"131":{"start":{"line":478,"column":11},"end":{"line":480,"column":null}},"132":{"start":{"line":479,"column":8},"end":{"line":479,"column":null}},"133":{"start":{"line":482,"column":4},"end":{"line":486,"column":null}},"134":{"start":{"line":440,"column":0},"end":{"line":440,"column":13}}},"fnMap":{"0":{"name":"(anonymous_0)","decl":{"start":{"line":62,"column":2},"end":{"line":62,"column":14}},"loc":{"start":{"line":62,"column":72},"end":{"line":132,"column":3}}},"1":{"name":"(anonymous_1)","decl":{"start":{"line":150,"column":2},"end":{"line":150,"column":14}},"loc":{"start":{"line":150,"column":68},"end":{"line":233,"column":3}}},"2":{"name":"(anonymous_2)","decl":{"start":{"line":186,"column":12},"end":{"line":186,"column":15}},"loc":{"start":{"line":186,"column":19},"end":{"line":190,"column":8}}},"3":{"name":"(anonymous_3)","decl":{"start":{"line":246,"column":2},"end":{"line":246,"column":14}},"loc":{"start":{"line":246,"column":71},"end":{"line":318,"column":3}}},"4":{"name":"(anonymous_4)","decl":{"start":{"line":293,"column":14},"end":{"line":293,"column":17}},"loc":{"start":{"line":293,"column":21},"end":{"line":297,"column":10}}},"5":{"name":"(anonymous_5)","decl":{"start":{"line":330,"column":2},"end":{"line":330,"column":14}},"loc":{"start":{"line":330,"column":64},"end":{"line":426,"column":3}}},"6":{"name":"(anonymous_6)","decl":{"start":{"line":442,"column":2},"end":{"line":442,"column":14}},"loc":{"start":{"line":442,"column":78},"end":{"line":487,"column":3}}}},"branchMap":{"0":{"loc":{"start":{"line":66,"column":4},"end":{"line":70,"column":null}},"type":"if","locations":[{"start":{"line":66,"column":4},"end":{"line":70,"column":null}},{"start":{"line":68,"column":11},"end":{"line":70,"column":null}}]},"1":{"loc":{"start":{"line":73,"column":4},"end":{"line":77,"column":null}},"type":"if","locations":[{"start":{"line":73,"column":4},"end":{"line":77,"column":null}},{"start":{"line":75,"column":11},"end":{"line":77,"column":null}}]},"2":{"loc":{"start":{"line":101,"column":8},"end":{"line":115,"column":null}},"type":"if","locations":[{"start":{"line":101,"column":8},"end":{"line":115,"column":null}},{"start":{"line":113,"column":15},"end":{"line":115,"column":null}}]},"3":{"loc":{"start":{"line":101,"column":12},"end":{"line":101,"column":71}},"type":"binary-expr","locations":[{"start":{"line":101,"column":12},"end":{"line":101,"column":22}},{"start":{"line":101,"column":26},"end":{"line":101,"column":43}},{"start":{"line":101,"column":47},"end":{"line":101,"column":71}}]},"4":{"loc":{"start":{"line":104,"column":12},"end":{"line":108,"column":null}},"type":"if","locations":[{"start":{"line":104,"column":12},"end":{"line":108,"column":null}},{"start":{"line":106,"column":19},"end":{"line":108,"column":null}}]},"5":{"loc":{"start":{"line":119,"column":4},"end":{"line":123,"column":null}},"type":"if","locations":[{"start":{"line":119,"column":4},"end":{"line":123,"column":null}},{"start":{"line":121,"column":11},"end":{"line":123,"column":null}}]},"6":{"loc":{"start":{"line":121,"column":11},"end":{"line":123,"column":null}},"type":"if","locations":[{"start":{"line":121,"column":11},"end":{"line":123,"column":null}}]},"7":{"loc":{"start":{"line":160,"column":4},"end":{"line":162,"column":null}},"type":"if","locations":[{"start":{"line":160,"column":4},"end":{"line":162,"column":null}}]},"8":{"loc":{"start":{"line":256,"column":4},"end":{"line":258,"column":null}},"type":"if","locations":[{"start":{"line":256,"column":4},"end":{"line":258,"column":null}}]},"9":{"loc":{"start":{"line":449,"column":4},"end":{"line":453,"column":null}},"type":"if","locations":[{"start":{"line":449,"column":4},"end":{"line":453,"column":null}},{"start":{"line":451,"column":11},"end":{"line":453,"column":null}}]},"10":{"loc":{"start":{"line":465,"column":8},"end":{"line":472,"column":null}},"type":"if","locations":[{"start":{"line":465,"column":8},"end":{"line":472,"column":null}},{"start":{"line":470,"column":15},"end":{"line":472,"column":null}}]},"11":{"loc":{"start":{"line":465,"column":12},"end":{"line":465,"column":71}},"type":"binary-expr","locations":[{"start":{"line":465,"column":12},"end":{"line":465,"column":22}},{"start":{"line":465,"column":26},"end":{"line":465,"column":43}},{"start":{"line":465,"column":47},"end":{"line":465,"column":71}}]},"12":{"loc":{"start":{"line":476,"column":4},"end":{"line":480,"column":null}},"type":"if","locations":[{"start":{"line":476,"column":4},"end":{"line":480,"column":null}},{"start":{"line":478,"column":11},"end":{"line":480,"column":null}}]},"13":{"loc":{"start":{"line":478,"column":11},"end":{"line":480,"column":null}},"type":"if","locations":[{"start":{"line":478,"column":11},"end":{"line":480,"column":null}}]}},"s":{"0":6,"1":6,"2":6,"3":6,"4":6,"5":6,"6":6,"7":6,"8":6,"9":6,"10":1,"11":1,"12":1,"13":1,"14":0,"15":1,"16":1,"17":1,"18":0,"19":1,"20":1,"21":1,"22":1,"23":1,"24":1,"25":1,"26":1,"27":1,"28":15,"29":15,"30":0,"31":0,"32":0,"33":0,"34":0,"35":0,"36":0,"37":15,"38":1,"39":1,"40":0,"41":1,"42":1,"43":1,"44":1,"45":6,"46":9,"47":9,"48":9,"49":9,"50":0,"51":9,"52":9,"53":9,"54":9,"55":9,"56":9,"57":9,"58":9,"59":9,"60":9,"61":9,"62":9,"63":9,"64":9,"65":9,"66":6,"67":1,"68":1,"69":1,"70":1,"71":0,"72":1,"73":1,"74":1,"75":1,"76":1,"77":2,"78":1,"79":1,"80":1,"81":1,"82":1,"83":1,"84":6,"85":39,"86":39,"87":39,"88":39,"89":39,"90":39,"91":39,"92":39,"93":39,"94":39,"95":39,"96":39,"97":39,"98":39,"99":39,"100":39,"101":39,"102":39,"103":39,"104":39,"105":39,"106":39,"107":39,"108":39,"109":6,"110":1,"111":1,"112":1,"113":1,"114":1,"115":0,"116":1,"117":1,"118":1,"119":1,"120":1,"121":1,"122":15,"123":15,"124":0,"125":0,"126":0,"127":15,"128":1,"129":1,"130":0,"131":1,"132":1,"133":1,"134":6},"f":{"0":1,"1":9,"2":9,"3":1,"4":1,"5":39,"6":1},"b":{"0":[1,0],"1":[1,0],"2":[0,15],"3":[15,0,0],"4":[0,0],"5":[0,1],"6":[1],"7":[0],"8":[0],"9":[1,0],"10":[0,15],"11":[15,0,0],"12":[0,1],"13":[1]}}
,"/home/ec2-user/environment/aws-security-hub-automated-response-and-remediation/source/remediation_runbooks/rds6-remediation-resources.ts": {"path":"/home/ec2-user/environment/aws-security-hub-automated-response-and-remediation/source/remediation_runbooks/rds6-remediation-resources.ts","statementMap":{"0":{"start":{"line":17,"column":0},"end":{"line":17,"column":37}},"1":{"start":{"line":18,"column":0},"end":{"line":18,"column":null}},"2":{"start":{"line":34,"column":4},"end":{"line":34,"column":21}},"3":{"start":{"line":35,"column":18},"end":{"line":35,"column":36}},"4":{"start":{"line":37,"column":23},"end":{"line":37,"column":74}},"5":{"start":{"line":39,"column":23},"end":{"line":42,"column":6}},"6":{"start":{"line":43,"column":4},"end":{"line":43,"column":null}},"7":{"start":{"line":44,"column":4},"end":{"line":44,"column":null}},"8":{"start":{"line":45,"column":4},"end":{"line":47,"column":6}},"9":{"start":{"line":48,"column":4},"end":{"line":48,"column":null}},"10":{"start":{"line":50,"column":23},"end":{"line":53,"column":6}},"11":{"start":{"line":54,"column":4},"end":{"line":54,"column":null}},"12":{"start":{"line":55,"column":4},"end":{"line":55,"column":null}},"13":{"start":{"line":56,"column":4},"end":{"line":56,"column":null}},"14":{"start":{"line":57,"column":4},"end":{"line":57,"column":null}},"15":{"start":{"line":58,"column":4},"end":{"line":60,"column":6}},"16":{"start":{"line":61,"column":4},"end":{"line":61,"column":null}},"17":{"start":{"line":64,"column":35},"end":{"line":64,"column":56}},"18":{"start":{"line":65,"column":4},"end":{"line":65,"column":58}},"19":{"start":{"line":66,"column":4},"end":{"line":66,"column":51}},"20":{"start":{"line":68,"column":27},"end":{"line":68,"column":79}},"21":{"start":{"line":69,"column":4},"end":{"line":69,"column":59}},"22":{"start":{"line":71,"column":19},"end":{"line":74,"column":6}},"23":{"start":{"line":76,"column":4},"end":{"line":76,"column":null}},"24":{"start":{"line":77,"column":4},"end":{"line":77,"column":null}},"25":{"start":{"line":79,"column":23},"end":{"line":79,"column":69}},"26":{"start":{"line":80,"column":4},"end":{"line":87,"column":6}},"27":{"start":{"line":31,"column":0},"end":{"line":31,"column":13}}},"fnMap":{"0":{"name":"(anonymous_0)","decl":{"start":{"line":33,"column":2},"end":{"line":33,"column":14}},"loc":{"start":{"line":33,"column":82},"end":{"line":88,"column":3}}}},"branchMap":{},"s":{"0":6,"1":6,"2":1,"3":1,"4":1,"5":1,"6":1,"7":1,"8":1,"9":1,"10":1,"11":1,"12":1,"13":1,"14":1,"15":1,"16":1,"17":1,"18":1,"19":1,"20":1,"21":1,"22":1,"23":1,"24":1,"25":1,"26":1,"27":6},"f":{"0":1},"b":{}}
,"/home/ec2-user/environment/aws-security-hub-automated-response-and-remediation/source/solution_deploy/lib/orchestrator-log-stack.ts": {"path":"/home/ec2-user/environment/aws-security-hub-automated-response-and-remediation/source/solution_deploy/lib/orchestrator-log-stack.ts","statementMap":{"0":{"start":{"line":17,"column":0},"end":{"line":17,"column":37}},"1":{"start":{"line":18,"column":0},"end":{"line":18,"column":73}},"2":{"start":{"line":19,"column":0},"end":{"line":19,"column":39}},"3":{"start":{"line":30,"column":4},"end":{"line":30,"column":28}},"4":{"start":{"line":31,"column":18},"end":{"line":31,"column":36}},"5":{"start":{"line":33,"column":30},"end":{"line":38,"column":6}},"6":{"start":{"line":39,"column":4},"end":{"line":39,"column":null}},"7":{"start":{"line":41,"column":22},"end":{"line":44,"column":6}},"8":{"start":{"line":45,"column":4},"end":{"line":45,"column":null}},"9":{"start":{"line":53,"column":19},"end":{"line":53,"column":74}},"10":{"start":{"line":54,"column":52},"end":{"line":59,"column":6}},"11":{"start":{"line":64,"column":55},"end":{"line":68,"column":6}},"12":{"start":{"line":73,"column":26},"end":{"line":75,"column":6}},"13":{"start":{"line":77,"column":25},"end":{"line":77,"column":87}},"14":{"start":{"line":78,"column":8},"end":{"line":83,"column":null}},"15":{"start":{"line":87,"column":25},"end":{"line":87,"column":90}},"16":{"start":{"line":88,"column":8},"end":{"line":93,"column":null}},"17":{"start":{"line":94,"column":8},"end":{"line":101,"column":null}},"18":{"start":{"line":27,"column":0},"end":{"line":27,"column":13}}},"fnMap":{"0":{"name":"(anonymous_0)","decl":{"start":{"line":28,"column":2},"end":{"line":28,"column":14}},"loc":{"start":{"line":28,"column":66},"end":{"line":103,"column":3}}}},"branchMap":{},"s":{"0":1,"1":1,"2":1,"3":1,"4":1,"5":1,"6":1,"7":1,"8":1,"9":1,"10":1,"11":1,"12":1,"13":1,"14":1,"15":1,"16":1,"17":1,"18":1},"f":{"0":1},"b":{}}
,"/home/ec2-user/environment/aws-security-hub-automated-response-and-remediation/source/solution_deploy/lib/remediation_runbook-stack.ts": {"path":"/home/ec2-user/environment/aws-security-hub-automated-response-and-remediation/source/solution_deploy/lib/remediation_runbook-stack.ts","statementMap":{"0":{"start":{"line":21,"column":0},"end":{"line":21,"column":37}},"1":{"start":{"line":22,"column":0},"end":{"line":22,"column":null}},"2":{"start":{"line":32,"column":0},"end":{"line":32,"column":80}},"3":{"start":{"line":33,"column":0},"end":{"line":33,"column":74}},"4":{"start":{"line":34,"column":0},"end":{"line":34,"column":99}},"5":{"start":{"line":35,"column":0},"end":{"line":35,"column":51}},"6":{"start":{"line":36,"column":0},"end":{"line":36,"column":48}},"7":{"start":{"line":49,"column":4},"end":{"line":49,"column":28}},"8":{"start":{"line":53,"column":28},"end":{"line":53,"column":64}},"9":{"start":{"line":54,"column":26},"end":{"line":54,"column":71}},"10":{"start":{"line":56,"column":25},"end":{"line":58,"column":6}},"11":{"start":{"line":59,"column":4},"end":{"line":63,"column":null}},"12":{"start":{"line":67,"column":8},"end":{"line":67,"column":44}},"13":{"start":{"line":45,"column":0},"end":{"line":45,"column":13}},"14":{"start":{"line":83,"column":4},"end":{"line":83,"column":28}},"15":{"start":{"line":85,"column":18},"end":{"line":85,"column":20}},"16":{"start":{"line":86,"column":4},"end":{"line":90,"column":null}},"17":{"start":{"line":87,"column":8},"end":{"line":87,"column":null}},"18":{"start":{"line":89,"column":8},"end":{"line":89,"column":null}},"19":{"start":{"line":92,"column":28},"end":{"line":92,"column":64}},"20":{"start":{"line":93,"column":36},"end":{"line":93,"column":57}},"21":{"start":{"line":99,"column":32},"end":{"line":99,"column":66}},"22":{"start":{"line":100,"column":29},"end":{"line":100,"column":103}},"23":{"start":{"line":101,"column":32},"end":{"line":101,"column":53}},"24":{"start":{"line":102,"column":8},"end":{"line":106,"column":null}},"25":{"start":{"line":107,"column":8},"end":{"line":107,"column":null}},"26":{"start":{"line":108,"column":8},"end":{"line":108,"column":42}},"27":{"start":{"line":109,"column":8},"end":{"line":109,"column":null}},"28":{"start":{"line":111,"column":24},"end":{"line":111,"column":45}},"29":{"start":{"line":112,"column":8},"end":{"line":119,"column":null}},"30":{"start":{"line":120,"column":8},"end":{"line":120,"column":null}},"31":{"start":{"line":121,"column":8},"end":{"line":123,"column":10}},"32":{"start":{"line":124,"column":8},"end":{"line":124,"column":null}},"33":{"start":{"line":126,"column":8},"end":{"line":131,"column":null}},"34":{"start":{"line":133,"column":8},"end":{"line":141,"column":null}},"35":{"start":{"line":145,"column":25},"end":{"line":145,"column":77}},"36":{"start":{"line":146,"column":8},"end":{"line":156,"column":null}},"37":{"start":{"line":162,"column":32},"end":{"line":162,"column":63}},"38":{"start":{"line":163,"column":29},"end":{"line":163,"column":103}},"39":{"start":{"line":165,"column":34},"end":{"line":165,"column":55}},"40":{"start":{"line":166,"column":8},"end":{"line":169,"column":null}},"41":{"start":{"line":170,"column":8},"end":{"line":170,"column":null}},"42":{"start":{"line":171,"column":8},"end":{"line":171,"column":99}},"43":{"start":{"line":172,"column":8},"end":{"line":172,"column":101}},"44":{"start":{"line":174,"column":8},"end":{"line":174,"column":null}},"45":{"start":{"line":177,"column":27},"end":{"line":177,"column":48}},"46":{"start":{"line":178,"column":12},"end":{"line":181,"column":null}},"47":{"start":{"line":182,"column":12},"end":{"line":182,"column":null}},"48":{"start":{"line":183,"column":12},"end":{"line":185,"column":14}},"49":{"start":{"line":186,"column":12},"end":{"line":186,"column":null}},"50":{"start":{"line":189,"column":8},"end":{"line":194,"column":null}},"51":{"start":{"line":196,"column":8},"end":{"line":204,"column":null}},"52":{"start":{"line":210,"column":32},"end":{"line":210,"column":70}},"53":{"start":{"line":211,"column":29},"end":{"line":211,"column":103}},"54":{"start":{"line":212,"column":24},"end":{"line":212,"column":45}},"55":{"start":{"line":213,"column":8},"end":{"line":216,"column":null}},"56":{"start":{"line":217,"column":8},"end":{"line":217,"column":null}},"57":{"start":{"line":218,"column":8},"end":{"line":218,"column":34}},"58":{"start":{"line":219,"column":8},"end":{"line":219,"column":null}},"59":{"start":{"line":221,"column":8},"end":{"line":226,"column":null}},"60":{"start":{"line":228,"column":8},"end":{"line":236,"column":null}},"61":{"start":{"line":238,"column":25},"end":{"line":238,"column":77}},"62":{"start":{"line":239,"column":8},"end":{"line":246,"column":null}},"63":{"start":{"line":253,"column":32},"end":{"line":253,"column":49}},"64":{"start":{"line":254,"column":29},"end":{"line":254,"column":103}},"65":{"start":{"line":257,"column":27},"end":{"line":257,"column":48}},"66":{"start":{"line":258,"column":12},"end":{"line":261,"column":null}},"67":{"start":{"line":262,"column":12},"end":{"line":262,"column":null}},"68":{"start":{"line":263,"column":12},"end":{"line":266,"column":14}},"69":{"start":{"line":267,"column":12},"end":{"line":267,"column":null}},"70":{"start":{"line":270,"column":27},"end":{"line":270,"column":48}},"71":{"start":{"line":271,"column":12},"end":{"line":274,"column":null}},"72":{"start":{"line":275,"column":12},"end":{"line":275,"column":null}},"73":{"start":{"line":276,"column":12},"end":{"line":278,"column":14}},"74":{"start":{"line":279,"column":12},"end":{"line":279,"column":null}},"75":{"start":{"line":282,"column":27},"end":{"line":282,"column":48}},"76":{"start":{"line":283,"column":12},"end":{"line":285,"column":null}},"77":{"start":{"line":286,"column":12},"end":{"line":286,"column":null}},"78":{"start":{"line":287,"column":12},"end":{"line":289,"column":14}},"79":{"start":{"line":290,"column":12},"end":{"line":290,"column":null}},"80":{"start":{"line":293,"column":30},"end":{"line":293,"column":51}},"81":{"start":{"line":294,"column":12},"end":{"line":300,"column":null}},"82":{"start":{"line":301,"column":12},"end":{"line":301,"column":null}},"83":{"start":{"line":302,"column":12},"end":{"line":304,"column":14}},"84":{"start":{"line":305,"column":12},"end":{"line":305,"column":null}},"85":{"start":{"line":308,"column":24},"end":{"line":308,"column":45}},"86":{"start":{"line":309,"column":8},"end":{"line":316,"column":null}},"87":{"start":{"line":317,"column":8},"end":{"line":317,"column":null}},"88":{"start":{"line":318,"column":8},"end":{"line":320,"column":10}},"89":{"start":{"line":321,"column":8},"end":{"line":321,"column":null}},"90":{"start":{"line":323,"column":8},"end":{"line":328,"column":null}},"91":{"start":{"line":330,"column":8},"end":{"line":338,"column":null}},"92":{"start":{"line":340,"column":25},"end":{"line":340,"column":77}},"93":{"start":{"line":341,"column":8},"end":{"line":348,"column":null}},"94":{"start":{"line":355,"column":32},"end":{"line":355,"column":69}},"95":{"start":{"line":356,"column":29},"end":{"line":356,"column":103}},"96":{"start":{"line":359,"column":52},"end":{"line":359,"column":73}},"97":{"start":{"line":360,"column":8},"end":{"line":360,"column":null}},"98":{"start":{"line":361,"column":8},"end":{"line":361,"column":null}},"99":{"start":{"line":362,"column":8},"end":{"line":364,"column":null}},"100":{"start":{"line":366,"column":52},"end":{"line":366,"column":73}},"101":{"start":{"line":367,"column":8},"end":{"line":367,"column":null}},"102":{"start":{"line":368,"column":8},"end":{"line":368,"column":null}},"103":{"start":{"line":369,"column":8},"end":{"line":371,"column":null}},"104":{"start":{"line":373,"column":44},"end":{"line":373,"column":64}},"105":{"start":{"line":374,"column":8},"end":{"line":374,"column":null}},"106":{"start":{"line":375,"column":8},"end":{"line":375,"column":null}},"107":{"start":{"line":377,"column":38},"end":{"line":383,"column":10}},"108":{"start":{"line":384,"column":8},"end":{"line":384,"column":null}},"109":{"start":{"line":386,"column":29},"end":{"line":386,"column":88}},"110":{"start":{"line":387,"column":12},"end":{"line":394,"column":null}},"111":{"start":{"line":397,"column":28},"end":{"line":397,"column":49}},"112":{"start":{"line":398,"column":12},"end":{"line":398,"column":null}},"113":{"start":{"line":400,"column":12},"end":{"line":400,"column":null}},"114":{"start":{"line":401,"column":12},"end":{"line":403,"column":14}},"115":{"start":{"line":404,"column":12},"end":{"line":404,"column":null}},"116":{"start":{"line":407,"column":28},"end":{"line":407,"column":49}},"117":{"start":{"line":408,"column":12},"end":{"line":410,"column":null}},"118":{"start":{"line":411,"column":12},"end":{"line":413,"column":14}},"119":{"start":{"line":414,"column":12},"end":{"line":414,"column":null}},"120":{"start":{"line":417,"column":29},"end":{"line":417,"column":50}},"121":{"start":{"line":418,"column":12},"end":{"line":421,"column":null}},"122":{"start":{"line":422,"column":12},"end":{"line":422,"column":null}},"123":{"start":{"line":423,"column":12},"end":{"line":423,"column":39}},"124":{"start":{"line":424,"column":12},"end":{"line":424,"column":null}},"125":{"start":{"line":427,"column":8},"end":{"line":432,"column":null}},"126":{"start":{"line":434,"column":8},"end":{"line":442,"column":null}},"127":{"start":{"line":444,"column":29},"end":{"line":444,"column":81}},"128":{"start":{"line":445,"column":12},"end":{"line":455,"column":null}},"129":{"start":{"line":462,"column":32},"end":{"line":462,"column":60}},"130":{"start":{"line":463,"column":29},"end":{"line":463,"column":103}},"131":{"start":{"line":465,"column":32},"end":{"line":465,"column":53}},"132":{"start":{"line":466,"column":8},"end":{"line":466,"column":null}},"133":{"start":{"line":467,"column":8},"end":{"line":467,"column":null}},"134":{"start":{"line":468,"column":8},"end":{"line":468,"column":42}},"135":{"start":{"line":469,"column":8},"end":{"line":469,"column":null}},"136":{"start":{"line":471,"column":8},"end":{"line":476,"column":null}},"137":{"start":{"line":478,"column":8},"end":{"line":486,"column":null}},"138":{"start":{"line":490,"column":25},"end":{"line":490,"column":77}},"139":{"start":{"line":491,"column":8},"end":{"line":501,"column":null}},"140":{"start":{"line":508,"column":32},"end":{"line":508,"column":59}},"141":{"start":{"line":509,"column":29},"end":{"line":509,"column":103}},"142":{"start":{"line":510,"column":8},"end":{"line":521,"column":null}},"143":{"start":{"line":522,"column":8},"end":{"line":527,"column":null}},"144":{"start":{"line":529,"column":8},"end":{"line":537,"column":null}},"145":{"start":{"line":541,"column":25},"end":{"line":541,"column":77}},"146":{"start":{"line":542,"column":8},"end":{"line":552,"column":null}},"147":{"start":{"line":558,"column":32},"end":{"line":558,"column":51}},"148":{"start":{"line":559,"column":29},"end":{"line":559,"column":103}},"149":{"start":{"line":562,"column":35},"end":{"line":562,"column":56}},"150":{"start":{"line":563,"column":12},"end":{"line":565,"column":null}},"151":{"start":{"line":566,"column":12},"end":{"line":566,"column":null}},"152":{"start":{"line":567,"column":12},"end":{"line":570,"column":14}},"153":{"start":{"line":571,"column":12},"end":{"line":571,"column":null}},"154":{"start":{"line":574,"column":27},"end":{"line":574,"column":48}},"155":{"start":{"line":575,"column":12},"end":{"line":577,"column":null}},"156":{"start":{"line":578,"column":12},"end":{"line":578,"column":null}},"157":{"start":{"line":579,"column":12},"end":{"line":581,"column":14}},"158":{"start":{"line":582,"column":12},"end":{"line":582,"column":null}},"159":{"start":{"line":585,"column":27},"end":{"line":585,"column":48}},"160":{"start":{"line":586,"column":12},"end":{"line":588,"column":null}},"161":{"start":{"line":589,"column":12},"end":{"line":589,"column":null}},"162":{"start":{"line":590,"column":12},"end":{"line":592,"column":14}},"163":{"start":{"line":593,"column":12},"end":{"line":593,"column":null}},"164":{"start":{"line":596,"column":34},"end":{"line":596,"column":55}},"165":{"start":{"line":597,"column":12},"end":{"line":601,"column":null}},"166":{"start":{"line":602,"column":12},"end":{"line":602,"column":null}},"167":{"start":{"line":603,"column":12},"end":{"line":603,"column":46}},"168":{"start":{"line":604,"column":12},"end":{"line":604,"column":null}},"169":{"start":{"line":608,"column":35},"end":{"line":608,"column":56}},"170":{"start":{"line":609,"column":8},"end":{"line":609,"column":null}},"171":{"start":{"line":610,"column":8},"end":{"line":616,"column":null}},"172":{"start":{"line":617,"column":8},"end":{"line":617,"column":null}},"173":{"start":{"line":619,"column":32},"end":{"line":619,"column":52}},"174":{"start":{"line":620,"column":8},"end":{"line":620,"column":null}},"175":{"start":{"line":622,"column":33},"end":{"line":628,"column":10}},"176":{"start":{"line":629,"column":8},"end":{"line":629,"column":null}},"177":{"start":{"line":631,"column":29},"end":{"line":631,"column":83}},"178":{"start":{"line":633,"column":8},"end":{"line":643,"column":10}},"179":{"start":{"line":645,"column":8},"end":{"line":650,"column":null}},"180":{"start":{"line":652,"column":8},"end":{"line":660,"column":null}},"181":{"start":{"line":662,"column":25},"end":{"line":662,"column":77}},"182":{"start":{"line":663,"column":8},"end":{"line":670,"column":null}},"183":{"start":{"line":677,"column":32},"end":{"line":677,"column":59}},"184":{"start":{"line":678,"column":29},"end":{"line":678,"column":103}},"185":{"start":{"line":679,"column":24},"end":{"line":679,"column":45}},"186":{"start":{"line":680,"column":8},"end":{"line":684,"column":null}},"187":{"start":{"line":685,"column":8},"end":{"line":685,"column":null}},"188":{"start":{"line":686,"column":8},"end":{"line":686,"column":34}},"189":{"start":{"line":688,"column":8},"end":{"line":688,"column":null}},"190":{"start":{"line":690,"column":8},"end":{"line":695,"column":null}},"191":{"start":{"line":697,"column":8},"end":{"line":705,"column":null}},"192":{"start":{"line":707,"column":25},"end":{"line":707,"column":77}},"193":{"start":{"line":708,"column":8},"end":{"line":715,"column":null}},"194":{"start":{"line":722,"column":32},"end":{"line":722,"column":57}},"195":{"start":{"line":723,"column":29},"end":{"line":723,"column":103}},"196":{"start":{"line":724,"column":25},"end":{"line":724,"column":46}},"197":{"start":{"line":725,"column":8},"end":{"line":728,"column":null}},"198":{"start":{"line":729,"column":8},"end":{"line":729,"column":null}},"199":{"start":{"line":730,"column":8},"end":{"line":730,"column":35}},"200":{"start":{"line":731,"column":8},"end":{"line":731,"column":null}},"201":{"start":{"line":733,"column":8},"end":{"line":738,"column":null}},"202":{"start":{"line":740,"column":8},"end":{"line":748,"column":null}},"203":{"start":{"line":753,"column":25},"end":{"line":753,"column":77}},"204":{"start":{"line":754,"column":8},"end":{"line":761,"column":null}},"205":{"start":{"line":768,"column":32},"end":{"line":768,"column":56}},"206":{"start":{"line":769,"column":29},"end":{"line":769,"column":103}},"207":{"start":{"line":770,"column":33},"end":{"line":770,"column":54}},"208":{"start":{"line":771,"column":8},"end":{"line":774,"column":null}},"209":{"start":{"line":775,"column":8},"end":{"line":775,"column":null}},"210":{"start":{"line":776,"column":8},"end":{"line":776,"column":43}},"211":{"start":{"line":777,"column":8},"end":{"line":777,"column":null}},"212":{"start":{"line":779,"column":8},"end":{"line":784,"column":null}},"213":{"start":{"line":786,"column":8},"end":{"line":794,"column":null}},"214":{"start":{"line":799,"column":25},"end":{"line":799,"column":77}},"215":{"start":{"line":800,"column":8},"end":{"line":807,"column":null}},"216":{"start":{"line":814,"column":32},"end":{"line":814,"column":58}},"217":{"start":{"line":815,"column":29},"end":{"line":815,"column":103}},"218":{"start":{"line":817,"column":28},"end":{"line":817,"column":49}},"219":{"start":{"line":818,"column":8},"end":{"line":821,"column":null}},"220":{"start":{"line":822,"column":8},"end":{"line":822,"column":null}},"221":{"start":{"line":823,"column":8},"end":{"line":823,"column":null}},"222":{"start":{"line":824,"column":8},"end":{"line":824,"column":null}},"223":{"start":{"line":826,"column":8},"end":{"line":831,"column":null}},"224":{"start":{"line":833,"column":8},"end":{"line":841,"column":null}},"225":{"start":{"line":846,"column":25},"end":{"line":846,"column":77}},"226":{"start":{"line":847,"column":8},"end":{"line":854,"column":null}},"227":{"start":{"line":861,"column":32},"end":{"line":861,"column":53}},"228":{"start":{"line":862,"column":29},"end":{"line":862,"column":103}},"229":{"start":{"line":863,"column":34},"end":{"line":863,"column":55}},"230":{"start":{"line":864,"column":8},"end":{"line":869,"column":10}},"231":{"start":{"line":870,"column":8},"end":{"line":870,"column":48}},"232":{"start":{"line":871,"column":8},"end":{"line":873,"column":10}},"233":{"start":{"line":874,"column":8},"end":{"line":874,"column":null}},"234":{"start":{"line":876,"column":25},"end":{"line":876,"column":46}},"235":{"start":{"line":877,"column":8},"end":{"line":879,"column":null}},"236":{"start":{"line":880,"column":8},"end":{"line":880,"column":null}},"237":{"start":{"line":881,"column":8},"end":{"line":881,"column":null}},"238":{"start":{"line":882,"column":8},"end":{"line":882,"column":null}},"239":{"start":{"line":884,"column":8},"end":{"line":889,"column":null}},"240":{"start":{"line":891,"column":8},"end":{"line":899,"column":null}},"241":{"start":{"line":901,"column":25},"end":{"line":901,"column":77}},"242":{"start":{"line":902,"column":8},"end":{"line":909,"column":null}},"243":{"start":{"line":916,"column":32},"end":{"line":916,"column":52}},"244":{"start":{"line":917,"column":29},"end":{"line":917,"column":103}},"245":{"start":{"line":920,"column":35},"end":{"line":920,"column":56}},"246":{"start":{"line":921,"column":12},"end":{"line":924,"column":null}},"247":{"start":{"line":925,"column":12},"end":{"line":925,"column":null}},"248":{"start":{"line":926,"column":12},"end":{"line":926,"column":47}},"249":{"start":{"line":927,"column":12},"end":{"line":927,"column":null}},"250":{"start":{"line":930,"column":8},"end":{"line":935,"column":null}},"251":{"start":{"line":937,"column":25},"end":{"line":937,"column":77}},"252":{"start":{"line":938,"column":8},"end":{"line":945,"column":null}},"253":{"start":{"line":947,"column":8},"end":{"line":955,"column":null}},"254":{"start":{"line":962,"column":32},"end":{"line":962,"column":70}},"255":{"start":{"line":963,"column":29},"end":{"line":963,"column":103}},"256":{"start":{"line":965,"column":34},"end":{"line":965,"column":55}},"257":{"start":{"line":966,"column":8},"end":{"line":971,"column":10}},"258":{"start":{"line":972,"column":8},"end":{"line":972,"column":null}},"259":{"start":{"line":973,"column":8},"end":{"line":973,"column":null}},"260":{"start":{"line":974,"column":8},"end":{"line":974,"column":null}},"261":{"start":{"line":977,"column":33},"end":{"line":977,"column":54}},"262":{"start":{"line":978,"column":8},"end":{"line":978,"column":60}},"263":{"start":{"line":979,"column":8},"end":{"line":979,"column":104}},"264":{"start":{"line":980,"column":8},"end":{"line":980,"column":null}},"265":{"start":{"line":983,"column":37},"end":{"line":983,"column":58}},"266":{"start":{"line":984,"column":8},"end":{"line":984,"column":64}},"267":{"start":{"line":985,"column":8},"end":{"line":985,"column":50}},"268":{"start":{"line":986,"column":8},"end":{"line":986,"column":138}},"269":{"start":{"line":987,"column":8},"end":{"line":987,"column":57}},"270":{"start":{"line":989,"column":8},"end":{"line":994,"column":null}},"271":{"start":{"line":996,"column":8},"end":{"line":1004,"column":null}},"272":{"start":{"line":1006,"column":25},"end":{"line":1006,"column":77}},"273":{"start":{"line":1007,"column":8},"end":{"line":1014,"column":null}},"274":{"start":{"line":1020,"column":32},"end":{"line":1020,"column":49}},"275":{"start":{"line":1021,"column":29},"end":{"line":1021,"column":103}},"276":{"start":{"line":1023,"column":34},"end":{"line":1023,"column":55}},"277":{"start":{"line":1024,"column":8},"end":{"line":1027,"column":10}},"278":{"start":{"line":1028,"column":8},"end":{"line":1028,"column":null}},"279":{"start":{"line":1029,"column":8},"end":{"line":1029,"column":null}},"280":{"start":{"line":1030,"column":8},"end":{"line":1030,"column":null}},"281":{"start":{"line":1032,"column":8},"end":{"line":1037,"column":null}},"282":{"start":{"line":1039,"column":8},"end":{"line":1047,"column":null}},"283":{"start":{"line":1049,"column":25},"end":{"line":1049,"column":77}},"284":{"start":{"line":1050,"column":8},"end":{"line":1057,"column":null}},"285":{"start":{"line":1064,"column":32},"end":{"line":1064,"column":52}},"286":{"start":{"line":1065,"column":29},"end":{"line":1065,"column":103}},"287":{"start":{"line":1067,"column":34},"end":{"line":1067,"column":55}},"288":{"start":{"line":1068,"column":8},"end":{"line":1074,"column":44}},"289":{"start":{"line":1075,"column":8},"end":{"line":1075,"column":48}},"290":{"start":{"line":1076,"column":8},"end":{"line":1076,"column":44}},"291":{"start":{"line":1077,"column":8},"end":{"line":1077,"column":54}},"292":{"start":{"line":1079,"column":8},"end":{"line":1084,"column":11}},"293":{"start":{"line":1086,"column":8},"end":{"line":1094,"column":11}},"294":{"start":{"line":1096,"column":25},"end":{"line":1096,"column":77}},"295":{"start":{"line":1097,"column":8},"end":{"line":1106,"column":10}},"296":{"start":{"line":1113,"column":32},"end":{"line":1113,"column":70}},"297":{"start":{"line":1114,"column":29},"end":{"line":1114,"column":103}},"298":{"start":{"line":1116,"column":34},"end":{"line":1116,"column":55}},"299":{"start":{"line":1117,"column":8},"end":{"line":1119,"column":41}},"300":{"start":{"line":1120,"column":8},"end":{"line":1120,"column":48}},"301":{"start":{"line":1121,"column":8},"end":{"line":1121,"column":44}},"302":{"start":{"line":1122,"column":8},"end":{"line":1122,"column":54}},"303":{"start":{"line":1124,"column":8},"end":{"line":1129,"column":11}},"304":{"start":{"line":1131,"column":8},"end":{"line":1139,"column":11}},"305":{"start":{"line":1141,"column":27},"end":{"line":1141,"column":79}},"306":{"start":{"line":1142,"column":8},"end":{"line":1151,"column":10}},"307":{"start":{"line":1157,"column":32},"end":{"line":1157,"column":67}},"308":{"start":{"line":1158,"column":29},"end":{"line":1158,"column":103}},"309":{"start":{"line":1160,"column":34},"end":{"line":1160,"column":55}},"310":{"start":{"line":1161,"column":8},"end":{"line":1163,"column":38}},"311":{"start":{"line":1164,"column":8},"end":{"line":1164,"column":48}},"312":{"start":{"line":1165,"column":8},"end":{"line":1165,"column":44}},"313":{"start":{"line":1166,"column":8},"end":{"line":1166,"column":54}},"314":{"start":{"line":1167,"column":8},"end":{"line":1168,"column":28}},"315":{"start":{"line":1169,"column":8},"end":{"line":1169,"column":48}},"316":{"start":{"line":1170,"column":8},"end":{"line":1170,"column":44}},"317":{"start":{"line":1171,"column":8},"end":{"line":1171,"column":54}},"318":{"start":{"line":1173,"column":8},"end":{"line":1178,"column":11}},"319":{"start":{"line":1180,"column":8},"end":{"line":1188,"column":11}},"320":{"start":{"line":1190,"column":27},"end":{"line":1190,"column":79}},"321":{"start":{"line":1191,"column":8},"end":{"line":1200,"column":10}},"322":{"start":{"line":1207,"column":32},"end":{"line":1207,"column":80}},"323":{"start":{"line":1208,"column":29},"end":{"line":1208,"column":103}},"324":{"start":{"line":1210,"column":34},"end":{"line":1210,"column":55}},"325":{"start":{"line":1211,"column":8},"end":{"line":1213,"column":41}},"326":{"start":{"line":1214,"column":8},"end":{"line":1214,"column":48}},"327":{"start":{"line":1215,"column":8},"end":{"line":1215,"column":44}},"328":{"start":{"line":1216,"column":8},"end":{"line":1216,"column":54}},"329":{"start":{"line":1218,"column":8},"end":{"line":1223,"column":11}},"330":{"start":{"line":1225,"column":8},"end":{"line":1233,"column":11}},"331":{"start":{"line":1235,"column":27},"end":{"line":1235,"column":79}},"332":{"start":{"line":1236,"column":8},"end":{"line":1245,"column":10}},"333":{"start":{"line":1252,"column":32},"end":{"line":1252,"column":75}},"334":{"start":{"line":1253,"column":29},"end":{"line":1253,"column":103}},"335":{"start":{"line":1255,"column":34},"end":{"line":1255,"column":55}},"336":{"start":{"line":1256,"column":8},"end":{"line":1258,"column":41}},"337":{"start":{"line":1259,"column":8},"end":{"line":1259,"column":48}},"338":{"start":{"line":1260,"column":8},"end":{"line":1260,"column":44}},"339":{"start":{"line":1261,"column":8},"end":{"line":1261,"column":54}},"340":{"start":{"line":1263,"column":8},"end":{"line":1268,"column":11}},"341":{"start":{"line":1270,"column":8},"end":{"line":1278,"column":11}},"342":{"start":{"line":1280,"column":27},"end":{"line":1280,"column":79}},"343":{"start":{"line":1281,"column":8},"end":{"line":1290,"column":10}},"344":{"start":{"line":1301,"column":32},"end":{"line":1301,"column":58}},"345":{"start":{"line":1302,"column":29},"end":{"line":1302,"column":103}},"346":{"start":{"line":1304,"column":24},"end":{"line":1304,"column":45}},"347":{"start":{"line":1305,"column":8},"end":{"line":1309,"column":null}},"348":{"start":{"line":1310,"column":8},"end":{"line":1310,"column":null}},"349":{"start":{"line":1311,"column":8},"end":{"line":1311,"column":null}},"350":{"start":{"line":1312,"column":8},"end":{"line":1312,"column":34}},"351":{"start":{"line":1314,"column":8},"end":{"line":1314,"column":null}},"352":{"start":{"line":1316,"column":8},"end":{"line":1321,"column":null}},"353":{"start":{"line":1323,"column":25},"end":{"line":1323,"column":77}},"354":{"start":{"line":1324,"column":8},"end":{"line":1331,"column":null}},"355":{"start":{"line":1337,"column":32},"end":{"line":1337,"column":69}},"356":{"start":{"line":1338,"column":29},"end":{"line":1338,"column":103}},"357":{"start":{"line":1340,"column":36},"end":{"line":1340,"column":57}},"358":{"start":{"line":1341,"column":12},"end":{"line":1348,"column":null}},"359":{"start":{"line":1349,"column":12},"end":{"line":1349,"column":null}},"360":{"start":{"line":1350,"column":12},"end":{"line":1350,"column":50}},"361":{"start":{"line":1351,"column":8},"end":{"line":1351,"column":null}},"362":{"start":{"line":1353,"column":8},"end":{"line":1358,"column":null}},"363":{"start":{"line":1360,"column":25},"end":{"line":1360,"column":77}},"364":{"start":{"line":1361,"column":8},"end":{"line":1368,"column":null}},"365":{"start":{"line":1381,"column":32},"end":{"line":1381,"column":68}},"366":{"start":{"line":1382,"column":29},"end":{"line":1382,"column":103}},"367":{"start":{"line":1384,"column":34},"end":{"line":1384,"column":55}},"368":{"start":{"line":1385,"column":8},"end":{"line":1388,"column":10}},"369":{"start":{"line":1389,"column":8},"end":{"line":1389,"column":null}},"370":{"start":{"line":1390,"column":8},"end":{"line":1390,"column":null}},"371":{"start":{"line":1391,"column":8},"end":{"line":1391,"column":null}},"372":{"start":{"line":1393,"column":8},"end":{"line":1398,"column":null}},"373":{"start":{"line":1400,"column":8},"end":{"line":1408,"column":null}},"374":{"start":{"line":1410,"column":25},"end":{"line":1410,"column":77}},"375":{"start":{"line":1411,"column":8},"end":{"line":1418,"column":null}},"376":{"start":{"line":1424,"column":32},"end":{"line":1424,"column":62}},"377":{"start":{"line":1425,"column":29},"end":{"line":1425,"column":103}},"378":{"start":{"line":1427,"column":34},"end":{"line":1427,"column":55}},"379":{"start":{"line":1428,"column":8},"end":{"line":1431,"column":10}},"380":{"start":{"line":1432,"column":8},"end":{"line":1432,"column":null}},"381":{"start":{"line":1433,"column":8},"end":{"line":1433,"column":null}},"382":{"start":{"line":1434,"column":8},"end":{"line":1434,"column":null}},"383":{"start":{"line":1436,"column":8},"end":{"line":1441,"column":null}},"384":{"start":{"line":1443,"column":8},"end":{"line":1451,"column":null}},"385":{"start":{"line":1453,"column":25},"end":{"line":1453,"column":77}},"386":{"start":{"line":1454,"column":8},"end":{"line":1461,"column":null}},"387":{"start":{"line":1467,"column":32},"end":{"line":1467,"column":67}},"388":{"start":{"line":1468,"column":29},"end":{"line":1468,"column":103}},"389":{"start":{"line":1469,"column":34},"end":{"line":1469,"column":55}},"390":{"start":{"line":1470,"column":8},"end":{"line":1473,"column":null}},"391":{"start":{"line":1474,"column":8},"end":{"line":1474,"column":null}},"392":{"start":{"line":1475,"column":8},"end":{"line":1477,"column":10}},"393":{"start":{"line":1478,"column":8},"end":{"line":1478,"column":null}},"394":{"start":{"line":1480,"column":8},"end":{"line":1485,"column":null}},"395":{"start":{"line":1487,"column":8},"end":{"line":1495,"column":null}},"396":{"start":{"line":1502,"column":32},"end":{"line":1502,"column":62}},"397":{"start":{"line":1503,"column":29},"end":{"line":1503,"column":103}},"398":{"start":{"line":1504,"column":25},"end":{"line":1504,"column":46}},"399":{"start":{"line":1505,"column":8},"end":{"line":1508,"column":null}},"400":{"start":{"line":1509,"column":8},"end":{"line":1509,"column":null}},"401":{"start":{"line":1510,"column":8},"end":{"line":1510,"column":35}},"402":{"start":{"line":1511,"column":8},"end":{"line":1511,"column":null}},"403":{"start":{"line":1513,"column":8},"end":{"line":1518,"column":null}},"404":{"start":{"line":1520,"column":8},"end":{"line":1528,"column":null}},"405":{"start":{"line":1532,"column":25},"end":{"line":1532,"column":77}},"406":{"start":{"line":1533,"column":8},"end":{"line":1540,"column":null}},"407":{"start":{"line":1547,"column":32},"end":{"line":1547,"column":71}},"408":{"start":{"line":1548,"column":29},"end":{"line":1548,"column":103}},"409":{"start":{"line":1550,"column":27},"end":{"line":1550,"column":48}},"410":{"start":{"line":1551,"column":12},"end":{"line":1554,"column":null}},"411":{"start":{"line":1555,"column":12},"end":{"line":1555,"column":null}},"412":{"start":{"line":1556,"column":12},"end":{"line":1558,"column":14}},"413":{"start":{"line":1559,"column":12},"end":{"line":1559,"column":null}},"414":{"start":{"line":1562,"column":29},"end":{"line":1562,"column":50}},"415":{"start":{"line":1563,"column":12},"end":{"line":1566,"column":null}},"416":{"start":{"line":1567,"column":12},"end":{"line":1567,"column":null}},"417":{"start":{"line":1568,"column":12},"end":{"line":1568,"column":39}},"418":{"start":{"line":1569,"column":12},"end":{"line":1569,"column":null}},"419":{"start":{"line":1572,"column":8},"end":{"line":1577,"column":null}},"420":{"start":{"line":1579,"column":8},"end":{"line":1587,"column":null}},"421":{"start":{"line":1592,"column":25},"end":{"line":1592,"column":77}},"422":{"start":{"line":1593,"column":8},"end":{"line":1600,"column":null}},"423":{"start":{"line":1602,"column":8},"end":{"line":1604,"column":null}},"424":{"start":{"line":1610,"column":32},"end":{"line":1610,"column":51}},"425":{"start":{"line":1611,"column":29},"end":{"line":1611,"column":103}},"426":{"start":{"line":1612,"column":33},"end":{"line":1612,"column":54}},"427":{"start":{"line":1613,"column":8},"end":{"line":1616,"column":null}},"428":{"start":{"line":1617,"column":8},"end":{"line":1617,"column":null}},"429":{"start":{"line":1618,"column":8},"end":{"line":1618,"column":43}},"430":{"start":{"line":1619,"column":8},"end":{"line":1619,"column":null}},"431":{"start":{"line":1621,"column":8},"end":{"line":1626,"column":null}},"432":{"start":{"line":1628,"column":8},"end":{"line":1636,"column":null}},"433":{"start":{"line":1640,"column":25},"end":{"line":1640,"column":77}},"434":{"start":{"line":1641,"column":8},"end":{"line":1648,"column":null}},"435":{"start":{"line":1655,"column":32},"end":{"line":1655,"column":68}},"436":{"start":{"line":1656,"column":29},"end":{"line":1656,"column":103}},"437":{"start":{"line":1658,"column":25},"end":{"line":1658,"column":46}},"438":{"start":{"line":1659,"column":8},"end":{"line":1659,"column":null}},"439":{"start":{"line":1660,"column":8},"end":{"line":1660,"column":null}},"440":{"start":{"line":1661,"column":8},"end":{"line":1663,"column":10}},"441":{"start":{"line":1664,"column":8},"end":{"line":1664,"column":null}},"442":{"start":{"line":1666,"column":28},"end":{"line":1666,"column":49}},"443":{"start":{"line":1667,"column":8},"end":{"line":1667,"column":null}},"444":{"start":{"line":1668,"column":8},"end":{"line":1668,"column":null}},"445":{"start":{"line":1669,"column":8},"end":{"line":1669,"column":38}},"446":{"start":{"line":1670,"column":8},"end":{"line":1670,"column":null}},"447":{"start":{"line":1672,"column":25},"end":{"line":1672,"column":46}},"448":{"start":{"line":1673,"column":8},"end":{"line":1676,"column":null}},"449":{"start":{"line":1677,"column":8},"end":{"line":1677,"column":null}},"450":{"start":{"line":1678,"column":8},"end":{"line":1678,"column":35}},"451":{"start":{"line":1679,"column":8},"end":{"line":1679,"column":null}},"452":{"start":{"line":1681,"column":8},"end":{"line":1686,"column":null}},"453":{"start":{"line":1688,"column":8},"end":{"line":1696,"column":null}},"454":{"start":{"line":1701,"column":25},"end":{"line":1701,"column":77}},"455":{"start":{"line":1702,"column":8},"end":{"line":1709,"column":null}},"456":{"start":{"line":1716,"column":32},"end":{"line":1716,"column":70}},"457":{"start":{"line":1717,"column":29},"end":{"line":1717,"column":103}},"458":{"start":{"line":1719,"column":25},"end":{"line":1719,"column":46}},"459":{"start":{"line":1720,"column":8},"end":{"line":1720,"column":null}},"460":{"start":{"line":1721,"column":8},"end":{"line":1721,"column":null}},"461":{"start":{"line":1722,"column":8},"end":{"line":1724,"column":10}},"462":{"start":{"line":1725,"column":8},"end":{"line":1725,"column":null}},"463":{"start":{"line":1727,"column":28},"end":{"line":1727,"column":49}},"464":{"start":{"line":1728,"column":8},"end":{"line":1728,"column":null}},"465":{"start":{"line":1729,"column":8},"end":{"line":1729,"column":null}},"466":{"start":{"line":1730,"column":8},"end":{"line":1730,"column":38}},"467":{"start":{"line":1731,"column":8},"end":{"line":1731,"column":null}},"468":{"start":{"line":1733,"column":25},"end":{"line":1733,"column":46}},"469":{"start":{"line":1734,"column":8},"end":{"line":1737,"column":null}},"470":{"start":{"line":1738,"column":8},"end":{"line":1738,"column":null}},"471":{"start":{"line":1739,"column":8},"end":{"line":1739,"column":35}},"472":{"start":{"line":1740,"column":8},"end":{"line":1740,"column":null}},"473":{"start":{"line":1742,"column":8},"end":{"line":1747,"column":null}},"474":{"start":{"line":1749,"column":8},"end":{"line":1757,"column":null}},"475":{"start":{"line":1762,"column":25},"end":{"line":1762,"column":77}},"476":{"start":{"line":1763,"column":8},"end":{"line":1770,"column":null}},"477":{"start":{"line":1777,"column":32},"end":{"line":1777,"column":69}},"478":{"start":{"line":1778,"column":29},"end":{"line":1778,"column":103}},"479":{"start":{"line":1780,"column":25},"end":{"line":1780,"column":46}},"480":{"start":{"line":1781,"column":8},"end":{"line":1784,"column":10}},"481":{"start":{"line":1785,"column":8},"end":{"line":1785,"column":35}},"482":{"start":{"line":1786,"column":8},"end":{"line":1786,"column":45}},"483":{"start":{"line":1788,"column":8},"end":{"line":1793,"column":11}},"484":{"start":{"line":1795,"column":8},"end":{"line":1803,"column":11}},"485":{"start":{"line":1805,"column":25},"end":{"line":1805,"column":77}},"486":{"start":{"line":1806,"column":8},"end":{"line":1813,"column":10}},"487":{"start":{"line":1820,"column":32},"end":{"line":1820,"column":60}},"488":{"start":{"line":1821,"column":29},"end":{"line":1821,"column":103}},"489":{"start":{"line":1823,"column":25},"end":{"line":1823,"column":46}},"490":{"start":{"line":1824,"column":8},"end":{"line":1827,"column":10}},"491":{"start":{"line":1828,"column":8},"end":{"line":1828,"column":35}},"492":{"start":{"line":1829,"column":8},"end":{"line":1829,"column":45}},"493":{"start":{"line":1831,"column":8},"end":{"line":1836,"column":11}},"494":{"start":{"line":1838,"column":8},"end":{"line":1846,"column":11}},"495":{"start":{"line":1848,"column":25},"end":{"line":1848,"column":77}},"496":{"start":{"line":1849,"column":8},"end":{"line":1856,"column":10}},"497":{"start":{"line":1863,"column":32},"end":{"line":1863,"column":68}},"498":{"start":{"line":1864,"column":29},"end":{"line":1864,"column":103}},"499":{"start":{"line":1866,"column":35},"end":{"line":1866,"column":56}},"500":{"start":{"line":1867,"column":8},"end":{"line":1872,"column":null}},"501":{"start":{"line":1873,"column":8},"end":{"line":1873,"column":null}},"502":{"start":{"line":1874,"column":8},"end":{"line":1874,"column":110}},"503":{"start":{"line":1876,"column":35},"end":{"line":1876,"column":56}},"504":{"start":{"line":1877,"column":8},"end":{"line":1880,"column":null}},"505":{"start":{"line":1881,"column":8},"end":{"line":1881,"column":null}},"506":{"start":{"line":1882,"column":8},"end":{"line":1882,"column":null}},"507":{"start":{"line":1884,"column":8},"end":{"line":1884,"column":null}},"508":{"start":{"line":1886,"column":8},"end":{"line":1891,"column":null}},"509":{"start":{"line":1893,"column":8},"end":{"line":1901,"column":null}},"510":{"start":{"line":1903,"column":25},"end":{"line":1903,"column":77}},"511":{"start":{"line":1904,"column":8},"end":{"line":1914,"column":null}},"512":{"start":{"line":1920,"column":32},"end":{"line":1920,"column":64}},"513":{"start":{"line":1921,"column":29},"end":{"line":1921,"column":103}},"514":{"start":{"line":1922,"column":34},"end":{"line":1922,"column":55}},"515":{"start":{"line":1923,"column":8},"end":{"line":1930,"column":10}},"516":{"start":{"line":1931,"column":8},"end":{"line":1931,"column":48}},"517":{"start":{"line":1932,"column":8},"end":{"line":1934,"column":10}},"518":{"start":{"line":1935,"column":8},"end":{"line":1935,"column":null}},"519":{"start":{"line":1937,"column":25},"end":{"line":1937,"column":46}},"520":{"start":{"line":1938,"column":8},"end":{"line":1940,"column":null}},"521":{"start":{"line":1941,"column":8},"end":{"line":1941,"column":null}},"522":{"start":{"line":1942,"column":8},"end":{"line":1942,"column":null}},"523":{"start":{"line":1943,"column":8},"end":{"line":1943,"column":null}},"524":{"start":{"line":1945,"column":8},"end":{"line":1950,"column":null}},"525":{"start":{"line":1952,"column":8},"end":{"line":1960,"column":null}},"526":{"start":{"line":1962,"column":25},"end":{"line":1962,"column":77}},"527":{"start":{"line":1963,"column":8},"end":{"line":1970,"column":null}},"528":{"start":{"line":1976,"column":32},"end":{"line":1976,"column":54}},"529":{"start":{"line":1977,"column":29},"end":{"line":1977,"column":103}},"530":{"start":{"line":1979,"column":34},"end":{"line":1979,"column":55}},"531":{"start":{"line":1980,"column":8},"end":{"line":1986,"column":null}},"532":{"start":{"line":1987,"column":8},"end":{"line":1987,"column":null}},"533":{"start":{"line":1988,"column":8},"end":{"line":1988,"column":null}},"534":{"start":{"line":1989,"column":8},"end":{"line":1989,"column":null}},"535":{"start":{"line":1991,"column":8},"end":{"line":1996,"column":null}},"536":{"start":{"line":1998,"column":8},"end":{"line":2006,"column":null}},"537":{"start":{"line":2007,"column":25},"end":{"line":2007,"column":77}},"538":{"start":{"line":2008,"column":8},"end":{"line":2015,"column":null}},"539":{"start":{"line":2022,"column":30},"end":{"line":2022,"column":64}},"540":{"start":{"line":2023,"column":27},"end":{"line":2023,"column":101}},"541":{"start":{"line":2025,"column":32},"end":{"line":2025,"column":53}},"542":{"start":{"line":2026,"column":6},"end":{"line":2028,"column":32}},"543":{"start":{"line":2029,"column":6},"end":{"line":2029,"column":46}},"544":{"start":{"line":2030,"column":6},"end":{"line":2030,"column":42}},"545":{"start":{"line":2031,"column":6},"end":{"line":2031,"column":52}},"546":{"start":{"line":2033,"column":6},"end":{"line":2038,"column":9}},"547":{"start":{"line":2040,"column":6},"end":{"line":2048,"column":9}},"548":{"start":{"line":2049,"column":23},"end":{"line":2049,"column":75}},"549":{"start":{"line":2050,"column":6},"end":{"line":2059,"column":8}},"550":{"start":{"line":2066,"column":30},"end":{"line":2066,"column":72}},"551":{"start":{"line":2067,"column":27},"end":{"line":2067,"column":101}},"552":{"start":{"line":2069,"column":32},"end":{"line":2069,"column":53}},"553":{"start":{"line":2070,"column":6},"end":{"line":2072,"column":32}},"554":{"start":{"line":2073,"column":6},"end":{"line":2073,"column":46}},"555":{"start":{"line":2074,"column":6},"end":{"line":2074,"column":42}},"556":{"start":{"line":2075,"column":6},"end":{"line":2075,"column":52}},"557":{"start":{"line":2077,"column":6},"end":{"line":2082,"column":9}},"558":{"start":{"line":2084,"column":6},"end":{"line":2092,"column":9}},"559":{"start":{"line":2093,"column":23},"end":{"line":2093,"column":75}},"560":{"start":{"line":2094,"column":6},"end":{"line":2103,"column":8}},"561":{"start":{"line":80,"column":0},"end":{"line":80,"column":13}}},"fnMap":{"0":{"name":"(anonymous_0)","decl":{"start":{"line":48,"column":2},"end":{"line":48,"column":14}},"loc":{"start":{"line":48,"column":69},"end":{"line":64,"column":3}}},"1":{"name":"(anonymous_1)","decl":{"start":{"line":66,"column":4},"end":{"line":66,"column":29}},"loc":{"start":{"line":66,"column":29},"end":{"line":68,"column":5}}},"2":{"name":"(anonymous_2)","decl":{"start":{"line":82,"column":2},"end":{"line":82,"column":14}},"loc":{"start":{"line":82,"column":59},"end":{"line":2105,"column":3}}}},"branchMap":{"0":{"loc":{"start":{"line":86,"column":4},"end":{"line":90,"column":null}},"type":"if","locations":[{"start":{"line":86,"column":4},"end":{"line":90,"column":null}},{"start":{"line":88,"column":11},"end":{"line":90,"column":null}}]}},"s":{"0":6,"1":6,"2":6,"3":6,"4":6,"5":6,"6":6,"7":4,"8":4,"9":4,"10":4,"11":4,"12":39,"13":6,"14":1,"15":1,"16":1,"17":0,"18":1,"19":1,"20":1,"21":1,"22":1,"23":1,"24":1,"25":1,"26":1,"27":1,"28":1,"29":1,"30":1,"31":1,"32":1,"33":1,"34":1,"35":1,"36":1,"37":1,"38":1,"39":1,"40":1,"41":1,"42":1,"43":1,"44":1,"45":1,"46":1,"47":1,"48":1,"49":1,"5
[...]
ne":715,"column":6}},"75":{"start":{"line":717,"column":27},"end":{"line":717,"column":86}},"76":{"start":{"line":718,"column":32},"end":{"line":718,"column":85}},"77":{"start":{"line":719,"column":22},"end":{"line":719,"column":94}},"78":{"start":{"line":720,"column":26},"end":{"line":720,"column":71}},"79":{"start":{"line":725,"column":4},"end":{"line":732,"column":null}},"80":{"start":{"line":737,"column":19},"end":{"line":737,"column":49}},"81":{"start":{"line":738,"column":17},"end":{"line":738,"column":115}},"82":{"start":{"line":739,"column":23},"end":{"line":739,"column":31}},"83":{"start":{"line":741,"column":41},"end":{"line":741,"column":43}},"84":{"start":{"line":743,"column":4},"end":{"line":775,"column":null}},"85":{"start":{"line":744,"column":8},"end":{"line":774,"column":11}},"86":{"start":{"line":745,"column":12},"end":{"line":773,"column":null}},"87":{"start":{"line":746,"column":36},"end":{"line":746,"column":59}},"88":{"start":{"line":751,"column":31},"end":{"line":751,"column":61}},"89":{"start":{"line":752,"column":39},"end":{"line":757,"column":18}},"90":{"start":{"line":758,"column":16},"end":{"line":758,"column":null}},"91":{"start":{"line":759,"column":16},"end":{"line":759,"column":null}},"92":{"start":{"line":761,"column":33},"end":{"line":765,"column":18}},"93":{"start":{"line":766,"column":16},"end":{"line":766,"column":null}},"94":{"start":{"line":767,"column":16},"end":{"line":767,"column":null}},"95":{"start":{"line":769,"column":16},"end":{"line":772,"column":19}},"96":{"start":{"line":776,"column":4},"end":{"line":785,"column":6}},"97":{"start":{"line":46,"column":0},"end":{"line":46,"column":13}}},"fnMap":{"0":{"name":"(anonymous_0)","decl":{"start":{"line":50,"column":2},"end":{"line":50,"column":14}},"loc":{"start":{"line":50,"column":64},"end":{"line":786,"column":3}}},"1":{"name":"(anonymous_1)","decl":{"start":{"line":743,"column":23},"end":{"line":743,"column":24}},"loc":{"start":{"line":743,"column":38},"end":{"line":775,"column":5}}},"2":{"name":"(anonymous_2)","decl":{"start":{"line":744,"column":22},"end":{"line":744,"column":26}},"loc":{"start":{"line":744,"column":29},"end":{"line":774,"column":9}}}},"branchMap":{"0":{"loc":{"start":{"line":745,"column":12},"end":{"line":773,"column":null}},"type":"if","locations":[{"start":{"line":745,"column":12},"end":{"line":773,"column":null}}]}},"s":{"0":1,"1":1,"2":1,"3":1,"4":1,"5":1,"6":1,"7":1,"8":1,"9":1,"10":1,"11":1,"12":1,"13":1,"14":1,"15":1,"16":1,"17":1,"18":1,"19":1,"20":1,"21":1,"22":1,"23":1,"24":1,"25":1,"26":1,"27":1,"28":1,"29":1,"30":1,"31":1,"32":1,"33":1,"34":1,"35":1,"36":1,"37":1,"38":1,"39":1,"40":1,"41":1,"42":1,"43":1,"44":1,"45":1,"46":1,"47":1,"48":1,"49":1,"50":1,"51":1,"52":1,"53":1,"54":1,"55":1,"56":1,"57":1,"58":1,"59":1,"60":1,"61":1,"62":1,"63":1,"64":1,"65":1,"66":1,"67":1,"68":1,"69":1,"70":1,"71":1,"72":1,"73":1,"74":1,"75":1,"76":1,"77":1,"78":1,"79":1,"80":1,"81":1,"82":1,"83":1,"84":1,"85":0,"86":0,"87":0,"88":0,"89":0,"90":0,"91":0,"92":0,"93":0,"94":0,"95":0,"96":1,"97":1},"f":{"0":1,"1":0,"2":0},"b":{"0":[0]}}
,"/home/ec2-user/environment/aws-security-hub-automated-response-and-remediation/source/test/regex_registry.ts": {"path":"/home/ec2-user/environment/aws-security-hub-automated-response-and-remediation/source/test/regex_registry.ts","statementMap":{"0":{"start":{"line":12,"column":4},"end":{"line":12,"column":24}},"1":{"start":{"line":13,"column":4},"end":{"line":13,"column":36}},"2":{"start":{"line":14,"column":4},"end":{"line":14,"column":46}},"3":{"start":{"line":15,"column":4},"end":{"line":15,"column":50}},"4":{"start":{"line":16,"column":4},"end":{"line":16,"column":27}},"5":{"start":{"line":20,"column":4},"end":{"line":20,"column":23}},"6":{"start":{"line":24,"column":4},"end":{"line":26,"column":null}},"7":{"start":{"line":25,"column":6},"end":{"line":25,"column":13}},"8":{"start":{"line":27,"column":26},"end":{"line":27,"column":49}},"9":{"start":{"line":28,"column":4},"end":{"line":30,"column":null}},"10":{"start":{"line":29,"column":6},"end":{"line":29,"column":40}},"11":{"start":{"line":31,"column":4},"end":{"line":33,"column":null}},"12":{"start":{"line":32,"column":6},"end":{"line":32,"column":44}},"13":{"start":{"line":37,"column":4},"end":{"line":37,"column":26}},"14":{"start":{"line":41,"column":4},"end":{"line":41,"column":23}},"15":{"start":{"line":3,"column":0},"end":{"line":3,"column":13}},"16":{"start":{"line":49,"column":4},"end":{"line":49,"column":68}},"17":{"start":{"line":50,"column":4},"end":{"line":50,"column":30}},"18":{"start":{"line":54,"column":4},"end":{"line":54,"column":null}},"19":{"start":{"line":55,"column":4},"end":{"line":57,"column":null}},"20":{"start":{"line":56,"column":6},"end":{"line":56,"column":13}},"21":{"start":{"line":58,"column":26},"end":{"line":58,"column":49}},"22":{"start":{"line":59,"column":4},"end":{"line":63,"column":null}},"23":{"start":{"line":60,"column":6},"end":{"line":60,"column":54}},"24":{"start":{"line":61,"column":38},"end":{"line":61,"column":80}},"25":{"start":{"line":62,"column":6},"end":{"line":62,"column":112}},"26":{"start":{"line":67,"column":4},"end":{"line":67,"column":55}},"27":{"start":{"line":45,"column":0},"end":{"line":45,"column":13}},"28":{"start":{"line":76,"column":4},"end":{"line":76,"column":28}},"29":{"start":{"line":80,"column":23},"end":{"line":80,"column":39}},"30":{"start":{"line":81,"column":4},"end":{"line":83,"column":null}},"31":{"start":{"line":82,"column":6},"end":{"line":82,"column":62}},"32":{"start":{"line":84,"column":4},"end":{"line":84,"column":34}},"33":{"start":{"line":88,"column":4},"end":{"line":88,"column":44}},"34":{"start":{"line":92,"column":4},"end":{"line":92,"column":47}},"35":{"start":{"line":96,"column":4},"end":{"line":98,"column":null}},"36":{"start":{"line":97,"column":6},"end":{"line":97,"column":55}},"37":{"start":{"line":99,"column":4},"end":{"line":99,"column":52}},"38":{"start":{"line":103,"column":4},"end":{"line":107,"column":null}},"39":{"start":{"line":104,"column":6},"end":{"line":104,"column":18}},"40":{"start":{"line":106,"column":6},"end":{"line":106,"column":19}},"41":{"start":{"line":71,"column":0},"end":{"line":71,"column":13}},"42":{"start":{"line":112,"column":34},"end":{"line":112,"column":53}},"43":{"start":{"line":114,"column":44},"end":{"line":114,"column":116}},"44":{"start":{"line":115,"column":2},"end":{"line":115,"column":70}},"45":{"start":{"line":119,"column":2},"end":{"line":133,"column":5}},"46":{"start":{"line":135,"column":2},"end":{"line":140,"column":5}},"47":{"start":{"line":142,"column":43},"end":{"line":146,"column":null}},"48":{"start":{"line":149,"column":2},"end":{"line":149,"column":30}},"49":{"start":{"line":150,"column":2},"end":{"line":150,"column":38}},"50":{"start":{"line":152,"column":46},"end":{"line":158,"column":null}},"51":{"start":{"line":161,"column":2},"end":{"line":161,"column":33}},"52":{"start":{"line":162,"column":2},"end":{"line":162,"column":41}},"53":{"start":{"line":164,"column":2},"end":{"line":169,"column":5}},"54":{"start":{"line":171,"column":2},"end":{"line":176,"column":5}},"55":{"start":{"line":178,"column":2},"end":{"line":183,"column":5}},"56":{"start":{"line":185,"column":2},"end":{"line":190,"column":5}},"57":{"start":{"line":192,"column":2},"end":{"line":197,"column":5}},"58":{"start":{"line":199,"column":2},"end":{"line":204,"column":5}},"59":{"start":{"line":206,"column":2},"end":{"line":211,"column":5}},"60":{"start":{"line":213,"column":2},"end":{"line":218,"column":5}},"61":{"start":{"line":220,"column":2},"end":{"line":225,"column":5}},"62":{"start":{"line":227,"column":2},"end":{"line":232,"column":5}},"63":{"start":{"line":234,"column":2},"end":{"line":239,"column":5}},"64":{"start":{"line":241,"column":2},"end":{"line":246,"column":5}},"65":{"start":{"line":249,"column":2},"end":{"line":254,"column":5}},"66":{"start":{"line":256,"column":2},"end":{"line":261,"column":5}},"67":{"start":{"line":263,"column":2},"end":{"line":268,"column":5}},"68":{"start":{"line":269,"column":2},"end":{"line":274,"column":5}},"69":{"start":{"line":276,"column":2},"end":{"line":292,"column":5}},"70":{"start":{"line":294,"column":2},"end":{"line":299,"column":5}},"71":{"start":{"line":301,"column":2},"end":{"line":306,"column":5}},"72":{"start":{"line":308,"column":2},"end":{"line":313,"column":5}},"73":{"start":{"line":315,"column":2},"end":{"line":320,"column":5}},"74":{"start":{"line":322,"column":2},"end":{"line":327,"column":5}},"75":{"start":{"line":329,"column":2},"end":{"line":334,"column":5}},"76":{"start":{"line":336,"column":2},"end":{"line":341,"column":5}},"77":{"start":{"line":343,"column":54},"end":{"line":347,"column":null}},"78":{"start":{"line":350,"column":2},"end":{"line":350,"column":41}},"79":{"start":{"line":351,"column":2},"end":{"line":351,"column":49}},"80":{"start":{"line":353,"column":2},"end":{"line":358,"column":5}},"81":{"start":{"line":360,"column":2},"end":{"line":367,"column":5}},"82":{"start":{"line":370,"column":2},"end":{"line":375,"column":5}},"83":{"start":{"line":377,"column":2},"end":{"line":382,"column":5}},"84":{"start":{"line":385,"column":2},"end":{"line":390,"column":5}},"85":{"start":{"line":392,"column":2},"end":{"line":406,"column":5}},"86":{"start":{"line":408,"column":2},"end":{"line":413,"column":7}},"87":{"start":{"line":415,"column":2},"end":{"line":415,"column":33}},"88":{"start":{"line":416,"column":2},"end":{"line":416,"column":41}},"89":{"start":{"line":417,"column":2},"end":{"line":417,"column":40}},"90":{"start":{"line":418,"column":2},"end":{"line":418,"column":39}},"91":{"start":{"line":419,"column":2},"end":{"line":419,"column":33}},"92":{"start":{"line":420,"column":2},"end":{"line":420,"column":36}},"93":{"start":{"line":421,"column":2},"end":{"line":421,"column":33}},"94":{"start":{"line":422,"column":2},"end":{"line":422,"column":32}},"95":{"start":{"line":423,"column":2},"end":{"line":423,"column":33}},"96":{"start":{"line":424,"column":2},"end":{"line":424,"column":38}},"97":{"start":{"line":426,"column":2},"end":{"line":426,"column":18}},"98":{"start":{"line":111,"column":0},"end":{"line":111,"column":16}},"99":{"start":{"line":430,"column":46},"end":{"line":444,"column":null}},"100":{"start":{"line":446,"column":2},"end":{"line":449,"column":4}},"101":{"start":{"line":450,"column":2},"end":{"line":453,"column":4}},"102":{"start":{"line":454,"column":2},"end":{"line":454,"column":36}},"103":{"start":{"line":458,"column":59},"end":{"line":462,"column":null}},"104":{"start":{"line":465,"column":2},"end":{"line":465,"column":41}},"105":{"start":{"line":466,"column":2},"end":{"line":466,"column":49}},"106":{"start":{"line":470,"column":53},"end":{"line":474,"column":null}},"107":{"start":{"line":476,"column":2},"end":{"line":476,"column":43}},"108":{"start":{"line":480,"column":59},"end":{"line":484,"column":null}},"109":{"start":{"line":486,"column":2},"end":{"line":486,"column":49}},"110":{"start":{"line":490,"column":54},"end":{"line":494,"column":null}},"111":{"start":{"line":496,"column":2},"end":{"line":496,"column":44}},"112":{"start":{"line":499,"column":65},"end":{"line":503,"column":null}},"113":{"start":{"line":505,"column":2},"end":{"line":505,"column":55}},"114":{"start":{"line":508,"column":68},"end":{"line":512,"column":null}},"115":{"start":{"line":514,"column":2},"end":{"line":514,"column":58}},"116":{"start":{"line":516,"column":44},"end":{"line":520,"column":null}},"117":{"start":{"line":522,"column":2},"end":{"line":522,"column":34}},"118":{"start":{"line":525,"column":55},"end":{"line":529,"column":null}},"119":{"start":{"line":531,"column":2},"end":{"line":531,"column":45}},"120":{"start":{"line":535,"column":57},"end":{"line":539,"column":null}},"121":{"start":{"line":541,"column":2},"end":{"line":541,"column":47}},"122":{"start":{"line":545,"column":57},"end":{"line":549,"column":null}},"123":{"start":{"line":551,"column":2},"end":{"line":551,"column":47}},"124":{"start":{"line":553,"column":45},"end":{"line":557,"column":null}},"125":{"start":{"line":559,"column":2},"end":{"line":559,"column":35}},"126":{"start":{"line":561,"column":51},"end":{"line":565,"column":null}},"127":{"start":{"line":567,"column":2},"end":{"line":567,"column":41}},"128":{"start":{"line":571,"column":49},"end":{"line":575,"column":null}},"129":{"start":{"line":577,"column":2},"end":{"line":577,"column":39}},"130":{"start":{"line":580,"column":60},"end":{"line":584,"column":null}},"131":{"start":{"line":586,"column":2},"end":{"line":586,"column":50}},"132":{"start":{"line":590,"column":44},"end":{"line":594,"column":null}},"133":{"start":{"line":596,"column":2},"end":{"line":596,"column":34}},"134":{"start":{"line":600,"column":50},"end":{"line":616,"column":null}},"135":{"start":{"line":618,"column":2},"end":{"line":621,"column":4}},"136":{"start":{"line":622,"column":2},"end":{"line":622,"column":40}}},"fnMap":{"0":{"name":"(anonymous_0)","decl":{"start":{"line":10,"column":2},"end":{"line":10,"column":14}},"loc":{"start":{"line":10,"column":106},"end":{"line":17,"column":3}}},"1":{"name":"(anonymous_1)","decl":{"start":{"line":19,"column":2},"end":{"line":19,"column":7}},"loc":{"start":{"line":19,"column":7},"end":{"line":21,"column":3}}},"2":{"name":"(anonymous_2)","decl":{"start":{"line":23,"column":2},"end":{"line":23,"column":10}},"loc":{"start":{"line":23,"column":10},"end":{"line":34,"column":3}}},"3":{"name":"(anonymous_3)","decl":{"start":{"line":36,"column":2},"end":{"line":36,"column":9}},"loc":{"start":{"line":36,"column":9},"end":{"line":38,"column":3}}},"4":{"name":"(anonymous_4)","decl":{"start":{"line":40,"column":2},"end":{"line":40,"column":10}},"loc":{"start":{"line":40,"column":10},"end":{"line":42,"column":3}}},"5":{"name":"(anonymous_5)","decl":{"start":{"line":48,"column":2},"end":{"line":48,"column":14}},"loc":{"start":{"line":48,"column":106},"end":{"line":51,"column":3}}},"6":{"name":"(anonymous_6)","decl":{"start":{"line":53,"column":2},"end":{"line":53,"column":10}},"loc":{"start":{"line":53,"column":10},"end":{"line":64,"column":3}}},"7":{"name":"(anonymous_7)","decl":{"start":{"line":66,"column":2},"end":{"line":66,"column":18}},"loc":{"start":{"line":66,"column":56},"end":{"line":68,"column":3}}},"8":{"name":"(anonymous_8)","decl":{"start":{"line":75,"column":2},"end":{"line":75,"column":null}},"loc":{"start":{"line":75,"column":2},"end":{"line":77,"column":3}}},"9":{"name":"(anonymous_9)","decl":{"start":{"line":79,"column":2},"end":{"line":79,"column":9}},"loc":{"start":{"line":79,"column":33},"end":{"line":85,"column":3}}},"10":{"name":"(anonymous_10)","decl":{"start":{"line":87,"column":2},"end":{"line":87,"column":13}},"loc":{"start":{"line":87,"column":13},"end":{"line":89,"column":3}}},"11":{"name":"(anonymous_11)","decl":{"start":{"line":91,"column":2},"end":{"line":91,"column":33}},"loc":{"start":{"line":91,"column":47},"end":{"line":93,"column":3}}},"12":{"name":"(anonymous_12)","decl":{"start":{"line":95,"column":2},"end":{"line":95,"column":33}},"loc":{"start":{"line":95,"column":33},"end":{"line":100,"column":3}}},"13":{"name":"(anonymous_13)","decl":{"start":{"line":102,"column":2},"end":{"line":102,"column":5}},"loc":{"start":{"line":102,"column":19},"end":{"line":108,"column":3}}},"14":{"name":"getRegexRegistry","decl":{"start":{"line":111,"column":16},"end":{"line":111,"column":32}},"loc":{"start":{"line":111,"column":32},"end":{"line":427,"column":1}}},"15":{"name":"addIamMatchTestCases","decl":{"start":{"line":429,"column":9},"end":{"line":429,"column":29}},"loc":{"start":{"line":429,"column":53},"end":{"line":455,"column":1}}},"16":{"name":"addAutoScalingMatchTestCases","decl":{"start":{"line":457,"column":9},"end":{"line":457,"column":37}},"loc":{"start":{"line":457,"column":61},"end":{"line":467,"column":1}}},"17":{"name":"addCloudTrailMatchTestCases","decl":{"start":{"line":469,"column":9},"end":{"line":469,"column":36}},"loc":{"start":{"line":469,"column":60},"end":{"line":477,"column":1}}},"18":{"name":"addCodeBuildMatchTestCases","decl":{"start":{"line":479,"column":9},"end":{"line":479,"column":35}},"loc":{"start":{"line":479,"column":59},"end":{"line":487,"column":1}}},"19":{"name":"addEc2MatchTestCases","decl":{"start":{"line":489,"column":9},"end":{"line":489,"column":29}},"loc":{"start":{"line":489,"column":53},"end":{"line":532,"column":1}}},"20":{"name":"addLambdaMatchTestCases","decl":{"start":{"line":534,"column":9},"end":{"line":534,"column":32}},"loc":{"start":{"line":534,"column":56},"end":{"line":542,"column":1}}},"21":{"name":"addRdsMatchTestCases","decl":{"start":{"line":544,"column":9},"end":{"line":544,"column":29}},"loc":{"start":{"line":544,"column":53},"end":{"line":568,"column":1}}},"22":{"name":"addS3MatchTestCases","decl":{"start":{"line":570,"column":9},"end":{"line":570,"column":28}},"loc":{"start":{"line":570,"column":52},"end":{"line":587,"column":1}}},"23":{"name":"addKmsMatchTestCases","decl":{"start":{"line":589,"column":9},"end":{"line":589,"column":29}},"loc":{"start":{"line":589,"column":53},"end":{"line":597,"column":1}}},"24":{"name":"addRedshiftMatchTestCases","decl":{"start":{"line":599,"column":9},"end":{"line":599,"column":34}},"loc":{"start":{"line":599,"column":58},"end":{"line":623,"column":1}}}},"branchMap":{"0":{"loc":{"start":{"line":24,"column":4},"end":{"line":26,"column":null}},"type":"if","locations":[{"start":{"line":24,"column":4},"end":{"line":26,"column":null}}]},"1":{"loc":{"start":{"line":55,"column":4},"end":{"line":57,"column":null}},"type":"if","locations":[{"start":{"line":55,"column":4},"end":{"line":57,"column":null}}]},"2":{"loc":{"start":{"line":61,"column":38},"end":{"line":61,"column":80}},"type":"binary-expr","locations":[{"start":{"line":61,"column":38},"end":{"line":61,"column":74}},{"start":{"line":61,"column":78},"end":{"line":61,"column":80}}]},"3":{"loc":{"start":{"line":81,"column":4},"end":{"line":83,"column":null}},"type":"if","locations":[{"start":{"line":81,"column":4},"end":{"line":83,"column":null}}]},"4":{"loc":{"start":{"line":96,"column":4},"end":{"line":98,"column":null}},"type":"if","locations":[{"start":{"line":96,"column":4},"end":{"line":98,"column":null}}]},"5":{"loc":{"start":{"line":99,"column":11},"end":{"line":99,"column":51}},"type":"binary-expr","locations":[{"start":{"line":99,"column":11},"end":{"line":99,"column":45}},{"start":{"line":99,"column":49},"end":{"line":99,"column":51}}]},"6":{"loc":{"start":{"line":103,"column":4},"end":{"line":107,"column":null}},"type":"if","locations":[{"start":{"line":103,"column":4},"end":{"line":107,"column":null}},{"start":{"line":105,"column":11},"end":{"line":107,"column":null}}]}},"s":{"0":106,"1":106,"2":106,"3":106,"4":106,"5":106,"6":53,"7":4,"8":49,"9":49,"10":17,"11":49,"12":29,"13":8,"14":53,"15":2,"16":34,"17":34,"18":17,"19":17,"20":1,"21":16,"22":16,"23":3,"24":3,"25":3,"26":6,"27":2,"28":2,"29":106,"30":106,"31":0,"32":106,"33":1,"34":2,"35":96,"36":0,"37":96,"38":248,"39":248,"40":0,"41":2,"42":2,"43":2,"44":2,"45":2,"46":2,"47":2,"48":2,"49":2,"50":2,"51":2,"52":2,"53":2,"54":2,"55":2,"56":2,"57":2,"58":2,"59":2,"60":2,"61":2,"62":2,"63":2,"64":2,"65":2,"66":2,"67":2,"68":2,"69":2,"70":2,"71":2,"72":2,"73":2,"74":2,"75":2,"76":2,"77":2,"78":2,"79":2,"80":2,"81":2,"82":2,"83":2,"84":2,"85":2,"86":2,"87":2,"88":2,"89":2,"90":2,"91":2,"92":2,"93":2,"94":2,"95":2,"96":2,"97":2,"98":2,"99":2,"100":2,"101":2,"102":2,"103":2,"104":2,"105":2,"106":2,"107":2,"108":2,"109":2,"110":2,"111":2,"112":2,"113":2,"114":2,"115":2,"116":2,"117":2,"118":2,"119":2,"120":2,"121":2,"122":2,"123":2,"124":2,"125":2,"126":2,"127":2,"128":2,"129":2,"130":2,"131":2,"132":2,"133":2,"134":2,"135":2,"136":2},"f":{"0":106,"1":106,"2":53,"3":8,"4":53,"5":34,"6":17,"7":6,"8":2,"9":106,"10":1,"11":2,"12":96,"13":248,"14":2,"15":2,"16":2,"17":2,"18":2,"19":2,"20":2,"21":2,"22":2,"23":2,"24":2},"b":{"0":[4],"1":[1],"2":[3,0],"3":[0],"4":[0],"5":[96,0],"6":[248,0]}}
}
