TN:
SF:Orchestrator/lib/common-orchestrator-construct.ts
FN:48,(anonymous_0)
FNF:1
FNH:1
FNDA:2,(anonymous_0)
DA:17,2
DA:18,2
DA:19,2
DA:20,2
DA:21,2
DA:22,2
DA:30,2
DA:46,2
DA:49,2
DA:51,2
DA:52,2
DA:54,2
DA:62,2
DA:68,2
DA:70,2
DA:80,2
DA:84,2
DA:88,2
DA:92,2
DA:96,2
DA:100,2
DA:111,2
DA:129,2
DA:131,2
DA:143,2
DA:145,2
DA:159,2
DA:161,2
DA:176,2
DA:178,2
DA:185,2
DA:193,2
DA:198,2
DA:202,2
DA:212,2
DA:214,2
DA:225,2
DA:227,2
DA:245,2
DA:263,2
DA:281,2
DA:292,2
DA:294,2
DA:298,2
DA:315,2
DA:336,2
DA:354,2
DA:356,2
DA:375,2
DA:377,2
DA:380,2
DA:382,2
DA:384,2
DA:390,2
DA:396,2
DA:402,2
DA:408,2
DA:410,2
DA:412,2
DA:414,2
DA:416,2
DA:422,2
DA:424,2
DA:426,2
DA:428,2
DA:430,2
DA:437,2
DA:443,2
DA:449,2
DA:455,2
DA:461,2
DA:467,2
DA:469,2
DA:471,2
DA:473,2
DA:475,2
DA:477,2
DA:479,2
DA:480,2
DA:496,2
DA:509,2
DA:523,2
DA:524,2
DA:530,2
DA:533,2
DA:534,2
DA:544,2
DA:548,2
DA:555,2
DA:563,2
DA:566,2
DA:567,2
DA:578,2
DA:581,2
DA:582,2
DA:583,2
DA:586,2
LF:97
LH:97
BRDA:582,0,0,2
BRF:1
BRH:1
end_of_record
TN:
SF:lib/admin_account_parm-construct.ts
FN:27,(anonymous_0)
FNF:1
FNH:1
FNDA:9,(anonymous_0)
DA:17,8
DA:23,8
DA:28,9
DA:30,9
DA:32,9
DA:37,9
LF:6
LH:6
BRF:0
BRH:0
end_of_record
TN:
SF:lib/orchestrator_roles-construct.ts
FN:39,(anonymous_0)
FNF:1
FNH:1
FNDA:4,(anonymous_0)
DA:17,6
DA:21,6
DA:38,6
DA:40,4
DA:41,4
DA:42,4
DA:43,4
DA:49,4
DA:50,4
DA:54,4
DA:55,4
DA:58,4
DA:60,4
DA:61,4
DA:64,4
DA:95,4
DA:97,4
DA:131,4
DA:132,4
DA:133,4
DA:134,4
DA:135,4
DA:137,4
DA:139,4
DA:141,4
DA:142,4
DA:144,4
DA:148,4
DA:149,4
DA:151,4
DA:152,4
DA:154,4
DA:162,4
DA:164,4
LF:34
LH:34
BRF:0
BRH:0
end_of_record
TN:
SF:lib/sharrplaybook-construct.ts
FN:46,(anonymous_0)
FN:72,(anonymous_1)
FN:117,(anonymous_2)
FN:132,(anonymous_3)
FNF:4
FNH:4
FNDA:3,(anonymous_0)
FNDA:9,(anonymous_1)
FNDA:3,(anonymous_2)
FNDA:9,(anonymous_3)
DA:22,3
DA:23,3
DA:24,3
DA:25,3
DA:26,3
DA:44,3
DA:47,3
DA:49,3
DA:50,3
DA:51,3
DA:54,3
DA:59,3
DA:65,3
DA:72,3
DA:73,9
DA:76,0
DA:82,9
DA:83,9
DA:85,3
DA:88,6
DA:90,9
DA:98,3
DA:116,3
DA:118,3
DA:119,3
DA:121,3
DA:122,3
DA:123,0
DA:125,3
DA:128,3
DA:132,3
DA:134,9
DA:135,9
DA:149,3
LF:34
LH:32
BRDA:73,0,0,0
BRDA:73,1,0,9
BRDA:73,1,1,0
BRDA:83,2,0,3
BRDA:83,2,1,6
BRDA:83,3,0,9
BRDA:83,3,1,3
BRDA:122,4,0,0
BRDA:122,4,1,3
BRDA:134,5,0,9
BRDA:134,6,0,9
BRDA:134,6,1,0
BRF:12
BRH:8
end_of_record
TN:
SF:lib/ssmplaybook.ts
FN:62,(anonymous_0)
FN:150,(anonymous_1)
FN:186,(anonymous_2)
FN:246,(anonymous_3)
FN:293,(anonymous_4)
FN:330,(anonymous_5)
FN:442,(anonymous_6)
FNF:7
FNH:7
FNDA:1,(anonymous_0)
FNDA:9,(anonymous_1)
FNDA:9,(anonymous_2)
FNDA:1,(anonymous_3)
FNDA:1,(anonymous_4)
FNDA:39,(anonymous_5)
FNDA:1,(anonymous_6)
DA:17,6
DA:18,6
DA:19,6
DA:20,6
DA:21,6
DA:22,6
DA:23,6
DA:34,6
DA:35,6
DA:36,6
DA:60,6
DA:63,1
DA:65,1
DA:66,1
DA:67,1
DA:69,0
DA:72,1
DA:73,1
DA:74,1
DA:76,0
DA:79,1
DA:86,1
DA:90,1
DA:91,1
DA:92,1
DA:94,1
DA:96,1
DA:97,1
DA:99,1
DA:100,15
DA:101,15
DA:102,0
DA:104,0
DA:105,0
DA:107,0
DA:109,0
DA:110,0
DA:111,0
DA:114,15
DA:118,1
DA:119,1
DA:120,0
DA:121,1
DA:122,1
DA:125,1
DA:131,1
DA:148,6
DA:151,9
DA:152,9
DA:159,9
DA:160,9
DA:161,0
DA:164,9
DA:167,9
DA:170,9
DA:174,9
DA:177,9
DA:182,9
DA:185,9
DA:186,9
DA:193,9
DA:200,9
DA:207,9
DA:221,9
DA:224,9
DA:231,9
DA:232,9
DA:242,6
DA:247,1
DA:248,1
DA:255,1
DA:256,1
DA:257,0
DA:260,1
DA:264,1
DA:267,1
DA:277,1
DA:278,1
DA:279,2
DA:284,1
DA:289,1
DA:292,1
DA:293,1
DA:300,1
DA:311,1
DA:328,6
DA:331,39
DA:332,39
DA:333,39
DA:334,39
DA:335,39
DA:337,39
DA:384,39
DA:385,39
DA:386,39
DA:388,39
DA:389,39
DA:393,39
DA:394,39
DA:396,39
DA:397,39
DA:400,39
DA:401,39
DA:403,39
DA:408,39
DA:409,39
DA:410,39
DA:411,39
DA:413,39
DA:415,39
DA:440,6
DA:443,1
DA:446,1
DA:448,1
DA:449,1
DA:450,1
DA:452,0
DA:455,1
DA:456,1
DA:458,1
DA:460,1
DA:461,1
DA:463,1
DA:464,15
DA:465,15
DA:466,0
DA:467,0
DA:468,0
DA:471,15
DA:475,1
DA:476,1
DA:477,0
DA:478,1
DA:479,1
DA:482,1
LF:135
LH:118
BRDA:66,0,0,1
BRDA:66,0,1,0
BRDA:73,1,0,1
BRDA:73,1,1,0
BRDA:101,2,0,0
BRDA:101,2,1,15
BRDA:101,3,0,15
BRDA:101,3,1,0
BRDA:101,3,2,0
BRDA:104,4,0,0
BRDA:104,4,1,0
BRDA:119,5,0,0
BRDA:119,5,1,1
BRDA:121,6,0,1
BRDA:160,7,0,0
BRDA:256,8,0,0
BRDA:449,9,0,1
BRDA:449,9,1,0
BRDA:465,10,0,0
BRDA:465,10,1,15
BRDA:465,11,0,15
BRDA:465,11,1,0
BRDA:465,11,2,0
BRDA:476,12,0,0
BRDA:476,12,1,1
BRDA:478,13,0,1
BRF:26
BRH:11
end_of_record
TN:
SF:remediation_runbooks/rds6-remediation-resources.ts
FN:33,(anonymous_0)
FNF:1
FNH:1
FNDA:1,(anonymous_0)
DA:17,6
DA:18,6
DA:31,6
DA:34,1
DA:35,1
DA:37,1
DA:39,1
DA:43,1
DA:44,1
DA:45,1
DA:48,1
DA:50,1
DA:54,1
DA:55,1
DA:56,1
DA:57,1
DA:58,1
DA:61,1
DA:64,1
DA:65,1
DA:66,1
DA:68,1
DA:69,1
DA:71,1
DA:76,1
DA:77,1
DA:79,1
DA:80,1
LF:28
LH:28
BRF:0
BRH:0
end_of_record
TN:
SF:solution_deploy/lib/orchestrator-log-stack.ts
FN:28,(anonymous_0)
FNF:1
FNH:1
FNDA:1,(anonymous_0)
DA:17,1
DA:18,1
DA:19,1
DA:27,1
DA:30,1
DA:31,1
DA:33,1
DA:39,1
DA:41,1
DA:45,1
DA:53,1
DA:54,1
DA:64,1
DA:73,1
DA:77,1
DA:78,1
DA:87,1
DA:88,1
DA:94,1
LF:19
LH:19
BRF:0
BRH:0
end_of_record
TN:
SF:solution_deploy/lib/remediation_runbook-stack.ts
FN:48,(anonymous_0)
FN:66,(anonymous_1)
FN:82,(anonymous_2)
FNF:3
FNH:3
FNDA:4,(anonymous_0)
FNDA:39,(anonymous_1)
FNDA:1,(anonymous_2)
DA:21,6
DA:22,6
DA:32,6
DA:33,6
DA:34,6
DA:35,6
DA:36,6
DA:45,6
DA:49,4
DA:53,4
DA:54,4
DA:56,4
DA:59,4
DA:67,39
DA:80,6
DA:83,1
DA:85,1
DA:86,1
DA:87,0
DA:89,1
DA:92,1
DA:93,1
DA:99,1
DA:100,1
DA:101,1
DA:102,1
DA:107,1
DA:108,1
DA:109,1
DA:111,1
DA:112,1
DA:120,1
DA:121,1
DA:124,1
DA:126,1
DA:133,1
DA:145,1
DA:146,1
DA:162,1
DA:163,1
DA:165,1
DA:166,1
DA:170,1
DA:171,1
DA:172,1
DA:174,1
DA:177,1
DA:178,1
DA:182,1
DA:183,1
DA:186,1
DA:189,1
DA:196,1
DA:210,1
DA:211,1
DA:212,1
DA:213,1
DA:217,1
DA:218,1
DA:219,1
DA:221,1
DA:228,1
DA:238,1
DA:239,1
DA:253,1
DA:254,1
DA:257,1
DA:258,1
DA:262,1
DA:263,1
DA:267,1
DA:270,1
DA:271,1
DA:275,1
DA:276,1
DA:279,1
DA:282,1
DA:283,1
DA:286,1
DA:287,1
DA:290,1
DA:293,1
DA:294,1
DA:301,1
DA:302,1
DA:305,1
DA:308,1
DA:309,1
DA:317,1
DA:318,1
DA:321,1
DA:323,1
DA:330,1
DA:340,1
DA:341,1
DA:355,1
DA:356,1
DA:359,1
DA:360,1
DA:361,1
DA:362,1
DA:366,1
DA:367,1
DA:368,1
DA:369,1
DA:373,1
DA:374,1
DA:375,1
DA:377,1
DA:384,1
DA:386,1
DA:387,1
DA:397,1
DA:398,1
DA:400,1
DA:401,1
DA:404,1
DA:407,1
DA:408,1
DA:411,1
DA:414,1
DA:417,1
DA:418,1
DA:422,1
DA:423,1
DA:424,1
DA:427,1
DA:434,1
DA:444,1
DA:445,1
DA:462,1
DA:463,1
DA:465,1
DA:466,1
DA:467,1
DA:468,1
DA:469,1
DA:471,1
DA:478,1
DA:490,1
DA:491,1
DA:508,1
DA:509,1
DA:510,1
DA:522,1
DA:529,1
DA:541,1
DA:542,1
DA:558,1
DA:559,1
DA:562,1
DA:563,1
DA:566,1
DA:567,1
DA:571,1
DA:574,1
DA:575,1
DA:578,1
DA:579,1
DA:582,1
DA:585,1
DA:586,1
DA:589,1
DA:590,1
DA:593,1
DA:596,1
DA:597,1
DA:602,1
DA:603,1
DA:604,1
DA:608,1
DA:609,1
DA:610,1
DA:617,1
DA:619,1
DA:620,1
DA:622,1
DA:629,1
DA:631,1
DA:633,1
DA:645,1
DA:652,1
DA:662,1
DA:663,1
DA:677,1
DA:678,1
DA:679,1
DA:680,1
DA:685,1
DA:686,1
DA:688,1
DA:690,1
DA:697,1
DA:707,1
DA:708,1
DA:722,1
DA:723,1
DA:724,1
DA:725,1
DA:729,1
DA:730,1
DA:731,1
DA:733,1
DA:740,1
DA:753,1
DA:754,1
DA:768,1
DA:769,1
DA:770,1
DA:771,1
DA:775,1
DA:776,1
DA:777,1
DA:779,1
DA:786,1
DA:799,1
DA:800,1
DA:814,1
DA:815,1
DA:817,1
DA:818,1
DA:822,1
DA:823,1
DA:824,1
DA:826,1
DA:833,1
DA:846,1
DA:847,1
DA:861,1
DA:862,1
DA:863,1
DA:864,1
DA:870,1
DA:871,1
DA:874,1
DA:876,1
DA:877,1
DA:880,1
DA:881,1
DA:882,1
DA:884,1
DA:891,1
DA:901,1
DA:902,1
DA:916,1
DA:917,1
DA:920,1
DA:921,1
DA:925,1
DA:926,1
DA:927,1
DA:930,1
DA:937,1
DA:938,1
DA:947,1
DA:962,1
DA:963,1
DA:965,1
DA:966,1
DA:972,1
DA:973,1
DA:974,1
DA:977,1
DA:978,1
DA:979,1
DA:980,1
DA:983,1
DA:984,1
DA:985,1
DA:986,1
DA:987,1
DA:989,1
DA:996,1
DA:1006,1
DA:1007,1
DA:1020,1
DA:1021,1
DA:1023,1
DA:1024,1
DA:1028,1
DA:1029,1
DA:1030,1
DA:1032,1
DA:1039,1
DA:1049,1
DA:1050,1
DA:1064,1
DA:1065,1
DA:1067,1
DA:1068,1
DA:1075,1
DA:1076,1
DA:1077,1
DA:1079,1
DA:1086,1
DA:1096,1
DA:1097,1
DA:1113,1
DA:1114,1
DA:1116,1
DA:1117,1
DA:1120,1
DA:1121,1
DA:1122,1
DA:1124,1
DA:1131,1
DA:1141,1
DA:1142,1
DA:1157,1
DA:1158,1
DA:1160,1
DA:1161,1
DA:1164,1
DA:1165,1
DA:1166,1
DA:1167,1
DA:1169,1
DA:1170,1
DA:1171,1
DA:1173,1
DA:1180,1
DA:1190,1
DA:1191,1
DA:1207,1
DA:1208,1
DA:1210,1
DA:1211,1
DA:1214,1
DA:1215,1
DA:1216,1
DA:1218,1
DA:1225,1
DA:1235,1
DA:1236,1
DA:1252,1
DA:1253,1
DA:1255,1
DA:1256,1
DA:1259,1
DA:1260,1
DA:1261,1
DA:1263,1
DA:1270,1
DA:1280,1
DA:1281,1
DA:1301,1
DA:1302,1
DA:1304,1
DA:1305,1
DA:1310,1
DA:1311,1
DA:1312,1
DA:1314,1
DA:1316,1
DA:1323,1
DA:1324,1
DA:1337,1
DA:1338,1
DA:1340,1
DA:1341,1
DA:1349,1
DA:1350,1
DA:1351,1
DA:1353,1
DA:1360,1
DA:1361,1
DA:1381,1
DA:1382,1
DA:1384,1
DA:1385,1
DA:1389,1
DA:1390,1
DA:1391,1
DA:1393,1
DA:1400,1
DA:1410,1
DA:1411,1
DA:1424,1
DA:1425,1
DA:1427,1
DA:1428,1
DA:1432,1
DA:1433,1
DA:1434,1
DA:1436,1
DA:1443,1
DA:1453,1
DA:1454,1
DA:1467,1
DA:1468,1
DA:1469,1
DA:1470,1
DA:1474,1
DA:1475,1
DA:1478,1
DA:1480,1
DA:1487,1
DA:1502,1
DA:1503,1
DA:1504,1
DA:1505,1
DA:1509,1
DA:1510,1
DA:1511,1
DA:1513,1
DA:1520,1
DA:1532,1
DA:1533,1
DA:1547,1
DA:1548,1
DA:1550,1
DA:1551,1
DA:1555,1
DA:1556,1
DA:1559,1
DA:1562,1
DA:1563,1
DA:1567,1
DA:1568,1
DA:1569,1
DA:1572,1
DA:1579,1
DA:1592,1
DA:1593,1
DA:1602,1
DA:1610,1
DA:1611,1
DA:1612,1
DA:1613,1
DA:1617,1
DA:1618,1
DA:1619,1
DA:1621,1
DA:1628,1
DA:1640,1
DA:1641,1
DA:1655,1
DA:1656,1
DA:1658,1
DA:1659,1
DA:1660,1
DA:1661,1
DA:1664,1
DA:1666,1
DA:1667,1
DA:1668,1
DA:1669,1
DA:1670,1
DA:1672,1
DA:1673,1
DA:1677,1
DA:1678,1
DA:1679,1
DA:1681,1
DA:1688,1
DA:1701,1
DA:1702,1
DA:1716,1
DA:1717,1
DA:1719,1
DA:1720,1
DA:1721,1
DA:1722,1
DA:1725,1
DA:1727,1
DA:1728,1
DA:1729,1
DA:1730,1
DA:1731,1
DA:1733,1
DA:1734,1
DA:1738,1
DA:1739,1
DA:1740,1
DA:1742,1
DA:1749,1
DA:1762,1
DA:1763,1
DA:1777,1
DA:1778,1
DA:1780,1
DA:1781,1
DA:1785,1
DA:1786,1
DA:1788,1
DA:1795,1
DA:1805,1
DA:1806,1
DA:1820,1
DA:1821,1
DA:1823,1
DA:1824,1
DA:1828,1
DA:1829,1
DA:1831,1
DA:1838,1
DA:1848,1
DA:1849,1
DA:1863,1
DA:1864,1
DA:1866,1
DA:1867,1
DA:1873,1
DA:1874,1
DA:1876,1
DA:1877,1
DA:1881,1
DA:1882,1
DA:1884,1
DA:1886,1
DA:1893,1
DA:1903,1
DA:1904,1
DA:1920,1
DA:1921,1
DA:1922,1
DA:1923,1
DA:1931,1
DA:1932,1
DA:1935,1
DA:1937,1
DA:1938,1
DA:1941,1
DA:1942,1
DA:1943,1
DA:1945,1
DA:1952,1
DA:1962,1
DA:1963,1
DA:1976,1
DA:1977,1
DA:1979,1
DA:1980,1
DA:1987,1
DA:1988,1
DA:1989,1
DA:1991,1
DA:1998,1
DA:2007,1
DA:2008,1
DA:2022,1
DA:2023,1
DA:2025,1
DA:2026,1
DA:2029,1
DA:2030,1
DA:2031,1
DA:2033,1
DA:2040,1
DA:2049,1
DA:2050,1
DA:2066,1
DA:2067,1
DA:2069,1
DA:2070,1
DA:2073,1
DA:2074,1
DA:2075,1
DA:2077,1
DA:2084,1
DA:2093,1
DA:2094,1
LF:562
LH:561
BRDA:86,0,0,0
BRDA:86,0,1,1
BRF:2
BRH:1
end_of_record
TN:
SF:solution_deploy/lib/runbook_factory.ts
FN:36,(anonymous_0)
FN:145,(anonymous_1)
FN:150,(anonymous_2)
FN:155,(anonymous_3)
FN:159,(anonymous_4)
FN:231,(anonymous_5)
FNF:6
FNH:6
FNDA:1,(anonymous_0)
FNDA:46,(anonymous_1)
FNDA:45,(anonymous_2)
FNDA:45,(anonymous_3)
FNDA:9,(anonymous_4)
FNDA:36,(anonymous_5)
DA:18,7
DA:19,7
DA:20,7
DA:21,7
DA:22,7
DA:23,7
DA:35,7
DA:37,1
DA:39,1
DA:41,1
DA:71,1
DA:72,1
DA:83,1
DA:87,1
DA:92,1
DA:94,1
DA:98,1
DA:108,1
DA:128,1
DA:129,1
DA:146,46
DA:147,46
DA:151,45
DA:152,45
DA:156,45
DA:160,9
DA:161,9
DA:162,9
DA:164,0
DA:167,9
DA:168,9
DA:169,0
DA:171,9
DA:174,9
DA:181,9
DA:185,9
DA:186,9
DA:187,9
DA:189,9
DA:191,9
DA:192,9
DA:194,9
DA:195,837
DA:196,837
DA:197,9
DA:199,9
DA:200,9
DA:202,0
DA:204,9
DA:205,9
DA:206,1773
DA:209,828
DA:213,9
DA:225,9
DA:226,9
DA:228,9
DA:232,36
DA:233,36
DA:234,36
DA:235,0
DA:237,36
DA:240,36
DA:241,36
DA:243,36
DA:245,36
DA:246,36
DA:248,36
DA:249,3366
DA:250,3366
DA:251,24
DA:252,24
DA:253,2277
DA:256,3342
DA:260,36
DA:271,36
LF:75
LH:71
BRDA:161,0,0,9
BRDA:161,0,1,0
BRDA:168,1,0,0
BRDA:168,1,1,9
BRDA:196,2,0,9
BRDA:196,2,1,828
BRDA:196,3,0,837
BRDA:196,3,1,9
BRDA:196,3,2,9
BRDA:199,4,0,9
BRDA:199,4,1,0
BRDA:234,5,0,0
BRDA:234,5,1,36
BRDA:250,6,0,24
BRDA:250,6,1,3342
BRDA:250,7,0,3366
BRDA:250,7,1,24
BRDA:250,7,2,24
BRF:18
BRH:14
end_of_record
TN:
SF:solution_deploy/lib/sharr_member-stack.ts
FN:44,(anonymous_0)
FN:249,(anonymous_1)
FN:250,(anonymous_2)
FNF:3
FNH:1
FNDA:1,(anonymous_0)
FNDA:0,(anonymous_1)
FNDA:0,(anonymous_2)
DA:16,1
DA:17,1
DA:18,1
DA:19,1
DA:20,1
DA:22,1
DA:23,1
DA:24,1
DA:30,1
DA:32,1
DA:43,1
DA:45,1
DA:46,1
DA:47,1
DA:49,1
DA:54,1
DA:61,1
DA:69,1
DA:75,1
DA:79,1
DA:83,1
DA:100,1
DA:101,1
DA:103,1
DA:104,1
DA:113,1
DA:117,1
DA:121,1
DA:123,1
DA:129,1
DA:130,1
DA:131,1
DA:143,1
DA:144,1
DA:145,1
DA:146,1
DA:147,1
DA:148,1
DA:149,1
DA:150,1
DA:151,1
DA:153,1
DA:160,1
DA:166,1
DA:176,1
DA:184,1
DA:193,1
DA:202,1
DA:208,1
DA:209,1
DA:211,1
DA:214,1
DA:221,1
DA:234,1
DA:240,1
DA:245,1
DA:246,1
DA:247,1
DA:248,1
DA:249,1
DA:250,0
DA:251,0
DA:252,0
DA:256,0
DA:257,0
DA:263,0
DA:264,0
DA:266,0
DA:275,0
DA:277,0
DA:286,1
LF:71
LH:61
BRDA:251,0,0,0
BRF:1
BRH:0
end_of_record
TN:
SF:solution_deploy/lib/solution_deploy-stack.ts
FN:50,(anonymous_0)
FN:743,(anonymous_1)
FN:744,(anonymous_2)
FNF:3
FNH:1
FNDA:1,(anonymous_0)
FNDA:0,(anonymous_1)
FNDA:0,(anonymous_2)
DA:15,1
DA:16,1
DA:17,1
DA:18,1
DA:19,1
DA:20,1
DA:21,1
DA:22,1
DA:23,1
DA:33,1
DA:35,1
DA:46,1
DA:48,1
DA:51,1
DA:52,1
DA:53,1
DA:58,1
DA:65,1
DA:77,1
DA:79,1
DA:103,1
DA:105,1
DA:116,1
DA:118,1
DA:124,1
DA:133,1
DA:139,1
DA:147,1
DA:148,1
DA:150,1
DA:156,1
DA:166,1
DA:184,1
DA:222,1
DA:223,1
DA:233,1
DA:242,1
DA:248,1
DA:251,1
DA:252,1
DA:266,1
DA:288,1
DA:290,1
DA:314,1
DA:337,1
DA:339,1
DA:361,1
DA:383,1
DA:385,1
DA:406,1
DA:428,1
DA:430,1
DA:451,1
DA:495,1
DA:496,1
DA:509,1
DA:513,1
DA:520,1
DA:525,1
DA:528,1
DA:529,1
DA:543,1
DA:565,1
DA:567,1
DA:587,1
DA:622,1
DA:624,1
DA:633,1
DA:640,1
DA:645,1
DA:647,1
DA:649,1
DA:661,1
DA:683,1
DA:685,1
DA:703,1
DA:717,1
DA:718,1
DA:719,1
DA:720,1
DA:725,1
DA:737,1
DA:738,1
DA:739,1
DA:741,1
DA:743,1
DA:744,0
DA:745,0
DA:746,0
DA:751,0
DA:752,0
DA:758,0
DA:759,0
DA:761,0
DA:766,0
DA:767,0
DA:769,0
DA:776,1
LF:98
LH:87
BRDA:745,0,0,0
BRF:1
BRH:0
end_of_record
TN:
SF:test/regex_registry.ts
FN:10,(anonymous_0)
FN:19,(anonymous_1)
FN:23,(anonymous_2)
FN:36,(anonymous_3)
FN:40,(anonymous_4)
FN:48,(anonymous_5)
FN:53,(anonymous_6)
FN:66,(anonymous_7)
FN:75,(anonymous_8)
FN:79,(anonymous_9)
FN:87,(anonymous_10)
FN:91,(anonymous_11)
FN:95,(anonymous_12)
FN:102,(anonymous_13)
FN:111,getRegexRegistry
FN:429,addIamMatchTestCases
FN:457,addAutoScalingMatchTestCases
FN:469,addCloudTrailMatchTestCases
FN:479,addCodeBuildMatchTestCases
FN:489,addEc2MatchTestCases
FN:534,addLambdaMatchTestCases
FN:544,addRdsMatchTestCases
FN:570,addS3MatchTestCases
FN:589,addKmsMatchTestCases
FN:599,addRedshiftMatchTestCases
FNF:25
FNH:25
FNDA:106,(anonymous_0)
FNDA:106,(anonymous_1)
FNDA:53,(anonymous_2)
FNDA:8,(anonymous_3)
FNDA:53,(anonymous_4)
FNDA:34,(anonymous_5)
FNDA:17,(anonymous_6)
FNDA:6,(anonymous_7)
FNDA:2,(anonymous_8)
FNDA:106,(anonymous_9)
FNDA:1,(anonymous_10)
FNDA:2,(anonymous_11)
FNDA:96,(anonymous_12)
FNDA:248,(anonymous_13)
FNDA:2,getRegexRegistry
FNDA:2,addIamMatchTestCases
FNDA:2,addAutoScalingMatchTestCases
FNDA:2,addCloudTrailMatchTestCases
FNDA:2,addCodeBuildMatchTestCases
FNDA:2,addEc2MatchTestCases
FNDA:2,addLambdaMatchTestCases
FNDA:2,addRdsMatchTestCases
FNDA:2,addS3MatchTestCases
FNDA:2,addKmsMatchTestCases
FNDA:2,addRedshiftMatchTestCases
DA:3,2
DA:12,106
DA:13,106
DA:14,106
DA:15,106
DA:16,106
DA:20,106
DA:24,53
DA:25,4
DA:27,49
DA:28,49
DA:29,17
DA:31,49
DA:32,29
DA:37,8
DA:41,53
DA:45,2
DA:49,34
DA:50,34
DA:54,17
DA:55,17
DA:56,1
DA:58,16
DA:59,16
DA:60,3
DA:61,3
DA:62,3
DA:67,6
DA:71,2
DA:76,2
DA:80,106
DA:81,106
DA:82,0
DA:84,106
DA:88,1
DA:92,2
DA:96,96
DA:97,0
DA:99,96
DA:103,248
DA:104,248
DA:106,0
DA:111,2
DA:112,2
DA:114,2
DA:115,2
DA:119,2
DA:135,2
DA:142,2
DA:149,2
DA:150,2
DA:152,2
DA:161,2
DA:162,2
DA:164,2
DA:171,2
DA:178,2
DA:185,2
DA:192,2
DA:199,2
DA:206,2
DA:213,2
DA:220,2
DA:227,2
DA:234,2
DA:241,2
DA:249,2
DA:256,2
DA:263,2
DA:269,2
DA:276,2
DA:294,2
DA:301,2
DA:308,2
DA:315,2
DA:322,2
DA:329,2
DA:336,2
DA:343,2
DA:350,2
DA:351,2
DA:353,2
DA:360,2
DA:370,2
DA:377,2
DA:385,2
DA:392,2
DA:408,2
DA:415,2
DA:416,2
DA:417,2
DA:418,2
DA:419,2
DA:420,2
DA:421,2
DA:422,2
DA:423,2
DA:424,2
DA:426,2
DA:430,2
DA:446,2
DA:450,2
DA:454,2
DA:458,2
DA:465,2
DA:466,2
DA:470,2
DA:476,2
DA:480,2
DA:486,2
DA:490,2
DA:496,2
DA:499,2
DA:505,2
DA:508,2
DA:514,2
DA:516,2
DA:522,2
DA:525,2
DA:531,2
DA:535,2
DA:541,2
DA:545,2
DA:551,2
DA:553,2
DA:559,2
DA:561,2
DA:567,2
DA:571,2
DA:577,2
DA:580,2
DA:586,2
DA:590,2
DA:596,2
DA:600,2
DA:618,2
DA:622,2
LF:137
LH:134
BRDA:24,0,0,4
BRDA:55,1,0,1
BRDA:61,2,0,3
BRDA:61,2,1,0
BRDA:81,3,0,0
BRDA:96,4,0,0
BRDA:99,5,0,96
BRDA:99,5,1,0
BRDA:103,6,0,248
BRDA:103,6,1,0
BRF:10
BRH:5
end_of_record
